[2025-11-09T12:27:58.181+0000] {local_task_job_runner.py:123} INFO - ::group::Pre task execution logs
[2025-11-09T12:27:58.199+0000] {taskinstance.py:2612} INFO - Dependencies all met for dep_context=non-requeueable deps ti=<TaskInstance: data_pipeline_dag.silver_layer manual__2025-11-09T12:27:00.362859+00:00 [queued]>
[2025-11-09T12:27:58.210+0000] {taskinstance.py:2612} INFO - Dependencies all met for dep_context=requeueable deps ti=<TaskInstance: data_pipeline_dag.silver_layer manual__2025-11-09T12:27:00.362859+00:00 [queued]>
[2025-11-09T12:27:58.211+0000] {taskinstance.py:2865} INFO - Starting attempt 1 of 2
[2025-11-09T12:27:58.240+0000] {taskinstance.py:2888} INFO - Executing <Task(BashOperator): silver_layer> on 2025-11-09 12:27:00.362859+00:00
[2025-11-09T12:27:58.246+0000] {standard_task_runner.py:72} INFO - Started process 1148 to run task
[2025-11-09T12:27:58.249+0000] {standard_task_runner.py:104} INFO - Running: ['airflow', 'tasks', 'run', 'data_pipeline_dag', 'silver_layer', 'manual__2025-11-09T12:27:00.362859+00:00', '--job-id', '39', '--raw', '--subdir', 'DAGS_FOLDER/data_pipeline_dag.py', '--cfg-path', '/tmp/tmpzljx40lk']
[2025-11-09T12:27:58.252+0000] {standard_task_runner.py:105} INFO - Job 39: Subtask silver_layer
[2025-11-09T12:27:58.323+0000] {task_command.py:467} INFO - Running <TaskInstance: data_pipeline_dag.silver_layer manual__2025-11-09T12:27:00.362859+00:00 [running]> on host 7468da456d69
[2025-11-09T12:27:58.426+0000] {taskinstance.py:3131} INFO - Exporting env vars: AIRFLOW_CTX_DAG_OWNER='airflow' AIRFLOW_CTX_DAG_ID='data_pipeline_dag' AIRFLOW_CTX_TASK_ID='silver_layer' AIRFLOW_CTX_EXECUTION_DATE='2025-11-09T12:27:00.362859+00:00' AIRFLOW_CTX_TRY_NUMBER='1' AIRFLOW_CTX_DAG_RUN_ID='manual__2025-11-09T12:27:00.362859+00:00'
[2025-11-09T12:27:58.427+0000] {taskinstance.py:731} INFO - ::endgroup::
[2025-11-09T12:27:58.437+0000] {subprocess.py:63} INFO - Tmp dir root location: /tmp
[2025-11-09T12:27:58.438+0000] {subprocess.py:75} INFO - Running command: ['/usr/bin/bash', '-c', 'python /app/scripts/02_create_silver_layer.py']
[2025-11-09T12:27:58.445+0000] {subprocess.py:86} INFO - Output:
[2025-11-09T12:28:00.327+0000] {subprocess.py:93} INFO - Setting default log level to "WARN".
[2025-11-09T12:28:00.328+0000] {subprocess.py:93} INFO - To adjust logging level use sc.setLogLevel(newLevel). For SparkR, use setLogLevel(newLevel).
[2025-11-09T12:28:00.527+0000] {subprocess.py:93} INFO - 25/11/09 12:28:00 WARN NativeCodeLoader: Unable to load native-hadoop library for your platform... using builtin-java classes where applicable
[2025-11-09T12:29:55.117+0000] {subprocess.py:93} INFO - [Stage 2:>                                                          (0 + 1) / 1]                                                                                Created directory (if missing): /app/datamart/silver/loan_daily/
[2025-11-09T12:29:55.119+0000] {subprocess.py:93} INFO - Created directory (if missing): /app/datamart/silver/fin/
[2025-11-09T12:29:55.119+0000] {subprocess.py:93} INFO - Created directory (if missing): /app/datamart/silver/attributes/
[2025-11-09T12:29:55.120+0000] {subprocess.py:93} INFO - [SILVER/LMS] Found 35 bronze LMS partitions...
[2025-11-09T12:29:55.121+0000] {subprocess.py:93} INFO - [SILVER/LMS] Finished writing to /app/datamart/silver/loan_daily/
[2025-11-09T12:29:55.121+0000] {subprocess.py:93} INFO - [SILVER/ATTR] Found 25 bronze attribute partitions...
[2025-11-09T12:29:55.122+0000] {subprocess.py:93} INFO - [SILVER/ATTR] Finished writing to /app/datamart/silver/attributes/
[2025-11-09T12:29:55.122+0000] {subprocess.py:93} INFO - [SILVER/FIN] Found 25 bronze FIN partitions...
[2025-11-09T12:29:55.123+0000] {subprocess.py:93} INFO - [SILVER/FIN] Finished writing to /app/datamart/silver/fin/
[2025-11-09T12:29:55.672+0000] {subprocess.py:97} INFO - Command exited with return code 0
[2025-11-09T12:29:55.708+0000] {taskinstance.py:340} INFO - ::group::Post task execution logs
[2025-11-09T12:29:55.709+0000] {taskinstance.py:352} INFO - Marking task as SUCCESS. dag_id=data_pipeline_dag, task_id=silver_layer, run_id=manual__2025-11-09T12:27:00.362859+00:00, execution_date=20251109T122700, start_date=20251109T122758, end_date=20251109T122955
[2025-11-09T12:29:55.770+0000] {local_task_job_runner.py:266} INFO - Task exited with return code 0
[2025-11-09T12:29:55.791+0000] {taskinstance.py:3900} INFO - 1 downstream tasks scheduled from follow-on schedule check
[2025-11-09T12:29:55.800+0000] {local_task_job_runner.py:245} INFO - ::endgroup::
