[2025-11-09T11:36:17.412+0000] {local_task_job_runner.py:123} INFO - ::group::Pre task execution logs
[2025-11-09T11:36:17.433+0000] {taskinstance.py:2612} INFO - Dependencies all met for dep_context=non-requeueable deps ti=<TaskInstance: scheduled_training_dag.inference manual__2025-11-09T11:36:13.645155+00:00 [queued]>
[2025-11-09T11:36:17.445+0000] {taskinstance.py:2612} INFO - Dependencies all met for dep_context=requeueable deps ti=<TaskInstance: scheduled_training_dag.inference manual__2025-11-09T11:36:13.645155+00:00 [queued]>
[2025-11-09T11:36:17.446+0000] {taskinstance.py:2865} INFO - Starting attempt 1 of 1
[2025-11-09T11:36:17.479+0000] {taskinstance.py:2888} INFO - Executing <Task(BashOperator): inference> on 2025-11-09 11:36:13.645155+00:00
[2025-11-09T11:36:17.484+0000] {standard_task_runner.py:72} INFO - Started process 18283 to run task
[2025-11-09T11:36:17.488+0000] {standard_task_runner.py:104} INFO - Running: ['airflow', 'tasks', 'run', 'scheduled_training_dag', 'inference', 'manual__2025-11-09T11:36:13.645155+00:00', '--job-id', '33', '--raw', '--subdir', 'DAGS_FOLDER/inference_monitoring_dag.py', '--cfg-path', '/tmp/tmpyff9cpdy']
[2025-11-09T11:36:17.490+0000] {standard_task_runner.py:105} INFO - Job 33: Subtask inference
[2025-11-09T11:36:17.601+0000] {task_command.py:467} INFO - Running <TaskInstance: scheduled_training_dag.inference manual__2025-11-09T11:36:13.645155+00:00 [running]> on host 7468da456d69
[2025-11-09T11:36:17.700+0000] {taskinstance.py:3131} INFO - Exporting env vars: AIRFLOW_CTX_DAG_OWNER='airflow' AIRFLOW_CTX_DAG_ID='scheduled_training_dag' AIRFLOW_CTX_TASK_ID='inference' AIRFLOW_CTX_EXECUTION_DATE='2025-11-09T11:36:13.645155+00:00' AIRFLOW_CTX_TRY_NUMBER='1' AIRFLOW_CTX_DAG_RUN_ID='manual__2025-11-09T11:36:13.645155+00:00'
[2025-11-09T11:36:17.701+0000] {taskinstance.py:731} INFO - ::endgroup::
[2025-11-09T11:36:17.712+0000] {subprocess.py:63} INFO - Tmp dir root location: /tmp
[2025-11-09T11:36:17.714+0000] {subprocess.py:75} INFO - Running command: ['/usr/bin/bash', '-c', 'python /app/scripts/05_run_inference.py']
[2025-11-09T11:36:17.722+0000] {subprocess.py:86} INFO - Output:
[2025-11-09T11:36:20.391+0000] {subprocess.py:93} INFO - Setting default log level to "WARN".
[2025-11-09T11:36:20.393+0000] {subprocess.py:93} INFO - To adjust logging level use sc.setLogLevel(newLevel). For SparkR, use setLogLevel(newLevel).
[2025-11-09T11:36:20.673+0000] {subprocess.py:93} INFO - 25/11/09 11:36:20 WARN NativeCodeLoader: Unable to load native-hadoop library for your platform... using builtin-java classes where applicable
[2025-11-09T11:36:22.591+0000] {subprocess.py:93} INFO - /app/scripts/05_run_inference.py:46: UserWarning: [11:36:22] WARNING: /workspace/src/collective/../data/../common/error_msg.h:82: If you are loading a serialized model (like pickle in Python, RDS in R) or
[2025-11-09T11:36:22.598+0000] {subprocess.py:93} INFO - configuration generated by an older version of XGBoost, please export the model by calling
[2025-11-09T11:36:22.599+0000] {subprocess.py:93} INFO - `Booster.save_model` from that version first, then load it back in current version. See:
[2025-11-09T11:36:22.600+0000] {subprocess.py:93} INFO - 
[2025-11-09T11:36:22.601+0000] {subprocess.py:93} INFO -     https://xgboost.readthedocs.io/en/stable/tutorials/saving_model.html
[2025-11-09T11:36:22.603+0000] {subprocess.py:93} INFO - 
[2025-11-09T11:36:22.610+0000] {subprocess.py:93} INFO - for more details about differences between saving model and serializing.
[2025-11-09T11:36:22.611+0000] {subprocess.py:93} INFO - 
