[2025-11-09T13:25:57.861+0000] {local_task_job_runner.py:123} INFO - ::group::Pre task execution logs
[2025-11-09T13:25:57.874+0000] {taskinstance.py:2612} INFO - Dependencies all met for dep_context=non-requeueable deps ti=<TaskInstance: scheduled_training_dag.model_monitoring.check_model_performance manual__2025-11-09T13:22:11.597684+00:00 [queued]>
[2025-11-09T13:25:57.883+0000] {taskinstance.py:2612} INFO - Dependencies all met for dep_context=requeueable deps ti=<TaskInstance: scheduled_training_dag.model_monitoring.check_model_performance manual__2025-11-09T13:22:11.597684+00:00 [queued]>
[2025-11-09T13:25:57.884+0000] {taskinstance.py:2865} INFO - Starting attempt 1 of 1
[2025-11-09T13:25:57.913+0000] {taskinstance.py:2888} INFO - Executing <Task(BashOperator): model_monitoring.check_model_performance> on 2025-11-09 13:22:11.597684+00:00
[2025-11-09T13:25:57.919+0000] {standard_task_runner.py:72} INFO - Started process 9865 to run task
[2025-11-09T13:25:57.923+0000] {standard_task_runner.py:104} INFO - Running: ['airflow', 'tasks', 'run', 'scheduled_training_dag', 'model_monitoring.check_model_performance', 'manual__2025-11-09T13:22:11.597684+00:00', '--job-id', '49', '--raw', '--subdir', 'DAGS_FOLDER/inference_monitoring_dag.py', '--cfg-path', '/tmp/tmpd27_pj5w']
[2025-11-09T13:25:57.926+0000] {standard_task_runner.py:105} INFO - Job 49: Subtask model_monitoring.check_model_performance
[2025-11-09T13:25:57.995+0000] {task_command.py:467} INFO - Running <TaskInstance: scheduled_training_dag.model_monitoring.check_model_performance manual__2025-11-09T13:22:11.597684+00:00 [running]> on host 7468da456d69
[2025-11-09T13:25:58.085+0000] {taskinstance.py:3131} INFO - Exporting env vars: AIRFLOW_CTX_DAG_OWNER='airflow' AIRFLOW_CTX_DAG_ID='scheduled_training_dag' AIRFLOW_CTX_TASK_ID='model_monitoring.check_model_performance' AIRFLOW_CTX_EXECUTION_DATE='2025-11-09T13:22:11.597684+00:00' AIRFLOW_CTX_TRY_NUMBER='1' AIRFLOW_CTX_DAG_RUN_ID='manual__2025-11-09T13:22:11.597684+00:00'
[2025-11-09T13:25:58.087+0000] {taskinstance.py:731} INFO - ::endgroup::
[2025-11-09T13:25:58.110+0000] {subprocess.py:63} INFO - Tmp dir root location: /tmp
[2025-11-09T13:25:58.112+0000] {subprocess.py:75} INFO - Running command: ['/usr/bin/bash', '-c', 'python /app/scripts/06_model_performance_monitoring.py --train_date 2016-04-01']
[2025-11-09T13:25:58.128+0000] {subprocess.py:86} INFO - Output:
[2025-11-09T13:25:59.801+0000] {subprocess.py:93} INFO - Setting default log level to "WARN".
[2025-11-09T13:25:59.802+0000] {subprocess.py:93} INFO - To adjust logging level use sc.setLogLevel(newLevel). For SparkR, use setLogLevel(newLevel).
[2025-11-09T13:25:59.923+0000] {subprocess.py:93} INFO - 25/11/09 13:25:59 WARN NativeCodeLoader: Unable to load native-hadoop library for your platform... using builtin-java classes where applicable
[2025-11-09T13:26:05.881+0000] {subprocess.py:93} INFO - [Stage 3:==============>                                           (3 + 9) / 12]
[2025-11-09T13:26:05.882+0000] {subprocess.py:93} INFO - 📊 Model Metrics Table
[2025-11-09T13:26:05.883+0000] {subprocess.py:93} INFO -        Metric  Value
[2025-11-09T13:26:05.884+0000] {subprocess.py:93} INFO -           AUC 0.8012
[2025-11-09T13:26:05.884+0000] {subprocess.py:93} INFO -            F1 0.4620
[2025-11-09T13:26:05.885+0000] {subprocess.py:93} INFO -     Precision 0.6423
[2025-11-09T13:26:05.885+0000] {subprocess.py:93} INFO -        Recall 0.3607
[2025-11-09T13:26:05.886+0000] {subprocess.py:93} INFO -         Brier 0.1527
[2025-11-09T13:26:05.887+0000] {subprocess.py:93} INFO -     Pred_Mean 0.2413
[2025-11-09T13:26:05.887+0000] {subprocess.py:93} INFO - Positive_Rate 0.1530
[2025-11-09T13:26:06.441+0000] {subprocess.py:97} INFO - Command exited with return code 0
[2025-11-09T13:26:06.474+0000] {taskinstance.py:340} INFO - ::group::Post task execution logs
[2025-11-09T13:26:06.475+0000] {taskinstance.py:352} INFO - Marking task as SUCCESS. dag_id=scheduled_training_dag, task_id=model_monitoring.check_model_performance, run_id=manual__2025-11-09T13:22:11.597684+00:00, execution_date=20251109T132211, start_date=20251109T132557, end_date=20251109T132606
[2025-11-09T13:26:06.519+0000] {local_task_job_runner.py:266} INFO - Task exited with return code 0
[2025-11-09T13:26:06.538+0000] {taskinstance.py:3900} INFO - 0 downstream tasks scheduled from follow-on schedule check
[2025-11-09T13:26:06.541+0000] {local_task_job_runner.py:245} INFO - ::endgroup::
