[2025-11-09T10:49:54.536+0000] {local_task_job_runner.py:123} INFO - ::group::Pre task execution logs
[2025-11-09T10:49:54.550+0000] {taskinstance.py:2612} INFO - Dependencies all met for dep_context=non-requeueable deps ti=<TaskInstance: data_pipeline_dag.bronze_layer manual__2025-11-09T10:49:30.084303+00:00 [queued]>
[2025-11-09T10:49:54.558+0000] {taskinstance.py:2612} INFO - Dependencies all met for dep_context=requeueable deps ti=<TaskInstance: data_pipeline_dag.bronze_layer manual__2025-11-09T10:49:30.084303+00:00 [queued]>
[2025-11-09T10:49:54.559+0000] {taskinstance.py:2865} INFO - Starting attempt 1 of 2
[2025-11-09T10:49:54.584+0000] {taskinstance.py:2888} INFO - Executing <Task(BashOperator): bronze_layer> on 2025-11-09 10:49:30.084303+00:00
[2025-11-09T10:49:54.589+0000] {standard_task_runner.py:72} INFO - Started process 493 to run task
[2025-11-09T10:49:54.592+0000] {standard_task_runner.py:104} INFO - Running: ['airflow', 'tasks', 'run', 'data_pipeline_dag', 'bronze_layer', 'manual__2025-11-09T10:49:30.084303+00:00', '--job-id', '3', '--raw', '--subdir', 'DAGS_FOLDER/data_pipeline_dag.py', '--cfg-path', '/tmp/tmphbuu9v8p']
[2025-11-09T10:49:54.595+0000] {standard_task_runner.py:105} INFO - Job 3: Subtask bronze_layer
[2025-11-09T10:49:54.657+0000] {task_command.py:467} INFO - Running <TaskInstance: data_pipeline_dag.bronze_layer manual__2025-11-09T10:49:30.084303+00:00 [running]> on host 7468da456d69
[2025-11-09T10:49:54.732+0000] {taskinstance.py:3131} INFO - Exporting env vars: AIRFLOW_CTX_DAG_OWNER='airflow' AIRFLOW_CTX_DAG_ID='data_pipeline_dag' AIRFLOW_CTX_TASK_ID='bronze_layer' AIRFLOW_CTX_EXECUTION_DATE='2025-11-09T10:49:30.084303+00:00' AIRFLOW_CTX_TRY_NUMBER='1' AIRFLOW_CTX_DAG_RUN_ID='manual__2025-11-09T10:49:30.084303+00:00'
[2025-11-09T10:49:54.733+0000] {taskinstance.py:731} INFO - ::endgroup::
[2025-11-09T10:49:54.746+0000] {subprocess.py:63} INFO - Tmp dir root location: /tmp
[2025-11-09T10:49:54.747+0000] {subprocess.py:75} INFO - Running command: ['/usr/bin/bash', '-c', 'python /app/scripts/01_bronze_layer.py']
[2025-11-09T10:49:54.754+0000] {subprocess.py:86} INFO - Output:
[2025-11-09T10:49:54.775+0000] {subprocess.py:93} INFO - python: can't open file '/app/scripts/01_bronze_layer.py': [Errno 2] No such file or directory
[2025-11-09T10:49:54.778+0000] {subprocess.py:97} INFO - Command exited with return code 2
[2025-11-09T10:49:54.789+0000] {taskinstance.py:3310} ERROR - Task failed with exception
Traceback (most recent call last):
  File "/home/airflow/.local/lib/python3.10/site-packages/airflow/models/taskinstance.py", line 767, in _execute_task
    result = _execute_callable(context=context, **execute_callable_kwargs)
  File "/home/airflow/.local/lib/python3.10/site-packages/airflow/models/taskinstance.py", line 733, in _execute_callable
    return ExecutionCallableRunner(
  File "/home/airflow/.local/lib/python3.10/site-packages/airflow/utils/operator_helpers.py", line 252, in run
    return self.func(*args, **kwargs)
  File "/home/airflow/.local/lib/python3.10/site-packages/airflow/models/baseoperator.py", line 406, in wrapper
    return func(self, *args, **kwargs)
  File "/home/airflow/.local/lib/python3.10/site-packages/airflow/operators/bash.py", line 249, in execute
    raise AirflowException(
airflow.exceptions.AirflowException: Bash command failed. The command returned a non-zero exit code 2.
[2025-11-09T10:49:54.795+0000] {taskinstance.py:1225} INFO - Marking task as UP_FOR_RETRY. dag_id=data_pipeline_dag, task_id=bronze_layer, run_id=manual__2025-11-09T10:49:30.084303+00:00, execution_date=20251109T104930, start_date=20251109T104954, end_date=20251109T104954
[2025-11-09T10:49:54.824+0000] {taskinstance.py:340} INFO - ::group::Post task execution logs
[2025-11-09T10:49:54.825+0000] {standard_task_runner.py:124} ERROR - Failed to execute job 3 for task bronze_layer (Bash command failed. The command returned a non-zero exit code 2.; 493)
Traceback (most recent call last):
  File "/home/airflow/.local/lib/python3.10/site-packages/airflow/task/task_runner/standard_task_runner.py", line 117, in _start_by_fork
    ret = args.func(args, dag=self.dag)
  File "/home/airflow/.local/lib/python3.10/site-packages/airflow/cli/cli_config.py", line 49, in command
    return func(*args, **kwargs)
  File "/home/airflow/.local/lib/python3.10/site-packages/airflow/utils/cli.py", line 115, in wrapper
    return f(*args, **kwargs)
  File "/home/airflow/.local/lib/python3.10/site-packages/airflow/cli/commands/task_command.py", line 483, in task_run
    task_return_code = _run_task_by_selected_method(args, _dag, ti)
  File "/home/airflow/.local/lib/python3.10/site-packages/airflow/cli/commands/task_command.py", line 256, in _run_task_by_selected_method
    return _run_raw_task(args, ti)
  File "/home/airflow/.local/lib/python3.10/site-packages/airflow/cli/commands/task_command.py", line 341, in _run_raw_task
    return ti._run_raw_task(
  File "/home/airflow/.local/lib/python3.10/site-packages/airflow/utils/session.py", line 97, in wrapper
    return func(*args, session=session, **kwargs)
  File "/home/airflow/.local/lib/python3.10/site-packages/airflow/models/taskinstance.py", line 3004, in _run_raw_task
    return _run_raw_task(
  File "/home/airflow/.local/lib/python3.10/site-packages/airflow/models/taskinstance.py", line 273, in _run_raw_task
    TaskInstance._execute_task_with_callbacks(
  File "/home/airflow/.local/lib/python3.10/site-packages/airflow/models/taskinstance.py", line 3158, in _execute_task_with_callbacks
    result = self._execute_task(context, task_orig)
  File "/home/airflow/.local/lib/python3.10/site-packages/airflow/models/taskinstance.py", line 3182, in _execute_task
    return _execute_task(self, context, task_orig)
  File "/home/airflow/.local/lib/python3.10/site-packages/airflow/models/taskinstance.py", line 767, in _execute_task
    result = _execute_callable(context=context, **execute_callable_kwargs)
  File "/home/airflow/.local/lib/python3.10/site-packages/airflow/models/taskinstance.py", line 733, in _execute_callable
    return ExecutionCallableRunner(
  File "/home/airflow/.local/lib/python3.10/site-packages/airflow/utils/operator_helpers.py", line 252, in run
    return self.func(*args, **kwargs)
  File "/home/airflow/.local/lib/python3.10/site-packages/airflow/models/baseoperator.py", line 406, in wrapper
    return func(self, *args, **kwargs)
  File "/home/airflow/.local/lib/python3.10/site-packages/airflow/operators/bash.py", line 249, in execute
    raise AirflowException(
airflow.exceptions.AirflowException: Bash command failed. The command returned a non-zero exit code 2.
[2025-11-09T10:49:54.846+0000] {local_task_job_runner.py:266} INFO - Task exited with return code 1
[2025-11-09T10:49:54.866+0000] {taskinstance.py:3900} INFO - 0 downstream tasks scheduled from follow-on schedule check
[2025-11-09T10:49:54.868+0000] {local_task_job_runner.py:245} INFO - ::endgroup::
