[2025-11-09T13:23:42.042+0000] {local_task_job_runner.py:123} INFO - ::group::Pre task execution logs
[2025-11-09T13:23:42.056+0000] {taskinstance.py:2612} INFO - Dependencies all met for dep_context=non-requeueable deps ti=<TaskInstance: data_pipeline_dag.bronze_layer manual__2025-11-09T12:27:00.362859+00:00 [queued]>
[2025-11-09T13:23:42.066+0000] {taskinstance.py:2612} INFO - Dependencies all met for dep_context=requeueable deps ti=<TaskInstance: data_pipeline_dag.bronze_layer manual__2025-11-09T12:27:00.362859+00:00 [queued]>
[2025-11-09T13:23:42.067+0000] {taskinstance.py:2865} INFO - Starting attempt 2 of 3
[2025-11-09T13:23:42.095+0000] {taskinstance.py:2888} INFO - Executing <Task(BashOperator): bronze_layer> on 2025-11-09 12:27:00.362859+00:00
[2025-11-09T13:23:42.099+0000] {standard_task_runner.py:72} INFO - Started process 7224 to run task
[2025-11-09T13:23:42.102+0000] {standard_task_runner.py:104} INFO - Running: ['airflow', 'tasks', 'run', 'data_pipeline_dag', 'bronze_layer', 'manual__2025-11-09T12:27:00.362859+00:00', '--job-id', '47', '--raw', '--subdir', 'DAGS_FOLDER/data_pipeline_dag.py', '--cfg-path', '/tmp/tmpkeu44g9e']
[2025-11-09T13:23:42.104+0000] {standard_task_runner.py:105} INFO - Job 47: Subtask bronze_layer
[2025-11-09T13:23:42.172+0000] {task_command.py:467} INFO - Running <TaskInstance: data_pipeline_dag.bronze_layer manual__2025-11-09T12:27:00.362859+00:00 [running]> on host 7468da456d69
[2025-11-09T13:23:42.268+0000] {taskinstance.py:3131} INFO - Exporting env vars: AIRFLOW_CTX_DAG_OWNER='airflow' AIRFLOW_CTX_DAG_ID='data_pipeline_dag' AIRFLOW_CTX_TASK_ID='bronze_layer' AIRFLOW_CTX_EXECUTION_DATE='2025-11-09T12:27:00.362859+00:00' AIRFLOW_CTX_TRY_NUMBER='2' AIRFLOW_CTX_DAG_RUN_ID='manual__2025-11-09T12:27:00.362859+00:00'
[2025-11-09T13:23:42.269+0000] {taskinstance.py:731} INFO - ::endgroup::
[2025-11-09T13:23:42.280+0000] {subprocess.py:63} INFO - Tmp dir root location: /tmp
[2025-11-09T13:23:42.281+0000] {subprocess.py:75} INFO - Running command: ['/usr/bin/bash', '-c', 'python /app/scripts/01_create_bronze_layer.py']
[2025-11-09T13:23:42.288+0000] {subprocess.py:86} INFO - Output:
[2025-11-09T13:23:44.061+0000] {subprocess.py:93} INFO - Setting default log level to "WARN".
[2025-11-09T13:23:44.062+0000] {subprocess.py:93} INFO - To adjust logging level use sc.setLogLevel(newLevel). For SparkR, use setLogLevel(newLevel).
[2025-11-09T13:23:44.212+0000] {subprocess.py:93} INFO - 25/11/09 13:23:44 WARN NativeCodeLoader: Unable to load native-hadoop library for your platform... using builtin-java classes where applicable
[2025-11-09T13:24:02.406+0000] {local_task_job_runner.py:346} WARNING - State of this instance has been externally set to restarting. Terminating instance.
[2025-11-09T13:24:02.407+0000] {local_task_job_runner.py:245} INFO - ::endgroup::
[2025-11-09T13:24:02.409+0000] {process_utils.py:132} INFO - Sending Signals.SIGTERM to group 7224. PIDs of all processes in the group: [7226, 7239, 7382, 7385, 7224]
[2025-11-09T13:24:02.409+0000] {process_utils.py:87} INFO - Sending the signal Signals.SIGTERM to group 7224
[2025-11-09T13:24:02.410+0000] {taskinstance.py:3092} ERROR - Received SIGTERM. Terminating subprocesses.
[2025-11-09T13:24:02.411+0000] {subprocess.py:104} INFO - Sending SIGTERM signal to process group
[2025-11-09T13:24:02.423+0000] {taskinstance.py:3310} ERROR - Task failed with exception
Traceback (most recent call last):
  File "/home/airflow/.local/lib/python3.10/site-packages/airflow/models/taskinstance.py", line 767, in _execute_task
    result = _execute_callable(context=context, **execute_callable_kwargs)
  File "/home/airflow/.local/lib/python3.10/site-packages/airflow/models/taskinstance.py", line 733, in _execute_callable
    return ExecutionCallableRunner(
  File "/home/airflow/.local/lib/python3.10/site-packages/airflow/utils/operator_helpers.py", line 252, in run
    return self.func(*args, **kwargs)
  File "/home/airflow/.local/lib/python3.10/site-packages/airflow/models/baseoperator.py", line 406, in wrapper
    return func(self, *args, **kwargs)
  File "/home/airflow/.local/lib/python3.10/site-packages/airflow/operators/bash.py", line 240, in execute
    result = self.subprocess_hook.run_command(
  File "/home/airflow/.local/lib/python3.10/site-packages/airflow/hooks/subprocess.py", line 91, in run_command
    for raw_line in iter(self.sub_process.stdout.readline, b""):
  File "/home/airflow/.local/lib/python3.10/site-packages/airflow/models/taskinstance.py", line 3094, in signal_handler
    raise AirflowTaskTerminated("Task received SIGTERM signal")
airflow.exceptions.AirflowTaskTerminated: Task received SIGTERM signal
[2025-11-09T13:24:02.429+0000] {taskinstance.py:1225} INFO - Marking task as UP_FOR_RETRY. dag_id=data_pipeline_dag, task_id=bronze_layer, run_id=manual__2025-11-09T12:27:00.362859+00:00, execution_date=20251109T122700, start_date=20251109T132342, end_date=20251109T132402
[2025-11-09T13:24:02.437+0000] {process_utils.py:80} INFO - Process psutil.Process(pid=7385, status='terminated', started='13:23:49') (7385) terminated with exit code None
[2025-11-09T13:24:02.472+0000] {taskinstance.py:340} INFO - ::group::Post task execution logs
[2025-11-09T13:24:02.651+0000] {process_utils.py:80} INFO - Process psutil.Process(pid=7224, status='terminated', exitcode=2, started='13:23:41') (7224) terminated with exit code 2
[2025-11-09T13:24:02.652+0000] {process_utils.py:80} INFO - Process psutil.Process(pid=7226, status='terminated', started='13:23:41') (7226) terminated with exit code None
[2025-11-09T13:24:02.653+0000] {process_utils.py:80} INFO - Process psutil.Process(pid=7382, status='terminated', started='13:23:49') (7382) terminated with exit code None
[2025-11-09T13:24:02.867+0000] {process_utils.py:80} INFO - Process psutil.Process(pid=7239, status='terminated', started='13:23:42') (7239) terminated with exit code None
