[2025-11-09T11:18:07.550+0000] {local_task_job_runner.py:123} INFO - ::group::Pre task execution logs
[2025-11-09T11:18:07.564+0000] {taskinstance.py:2612} INFO - Dependencies all met for dep_context=non-requeueable deps ti=<TaskInstance: data_pipeline_dag.gold_layer manual__2025-11-09T10:52:52.991419+00:00 [queued]>
[2025-11-09T11:18:07.574+0000] {taskinstance.py:2612} INFO - Dependencies all met for dep_context=requeueable deps ti=<TaskInstance: data_pipeline_dag.gold_layer manual__2025-11-09T10:52:52.991419+00:00 [queued]>
[2025-11-09T11:18:07.575+0000] {taskinstance.py:2865} INFO - Starting attempt 2 of 3
[2025-11-09T11:18:07.603+0000] {taskinstance.py:2888} INFO - Executing <Task(BashOperator): gold_layer> on 2025-11-09 10:52:52.991419+00:00
[2025-11-09T11:18:07.607+0000] {standard_task_runner.py:72} INFO - Started process 13822 to run task
[2025-11-09T11:18:07.611+0000] {standard_task_runner.py:104} INFO - Running: ['airflow', 'tasks', 'run', 'data_pipeline_dag', 'gold_layer', 'manual__2025-11-09T10:52:52.991419+00:00', '--job-id', '25', '--raw', '--subdir', 'DAGS_FOLDER/data_pipeline_dag.py', '--cfg-path', '/tmp/tmprz0vntb9']
[2025-11-09T11:18:07.613+0000] {standard_task_runner.py:105} INFO - Job 25: Subtask gold_layer
[2025-11-09T11:18:07.682+0000] {task_command.py:467} INFO - Running <TaskInstance: data_pipeline_dag.gold_layer manual__2025-11-09T10:52:52.991419+00:00 [running]> on host 7468da456d69
[2025-11-09T11:18:07.769+0000] {taskinstance.py:3131} INFO - Exporting env vars: AIRFLOW_CTX_DAG_OWNER='airflow' AIRFLOW_CTX_DAG_ID='data_pipeline_dag' AIRFLOW_CTX_TASK_ID='gold_layer' AIRFLOW_CTX_EXECUTION_DATE='2025-11-09T10:52:52.991419+00:00' AIRFLOW_CTX_TRY_NUMBER='2' AIRFLOW_CTX_DAG_RUN_ID='manual__2025-11-09T10:52:52.991419+00:00'
[2025-11-09T11:18:07.770+0000] {taskinstance.py:731} INFO - ::endgroup::
[2025-11-09T11:18:07.781+0000] {subprocess.py:63} INFO - Tmp dir root location: /tmp
[2025-11-09T11:18:07.783+0000] {subprocess.py:75} INFO - Running command: ['/usr/bin/bash', '-c', 'python /app/scripts/03_create_gold_layer.py']
[2025-11-09T11:18:07.789+0000] {subprocess.py:86} INFO - Output:
[2025-11-09T11:18:09.510+0000] {subprocess.py:93} INFO - Setting default log level to "WARN".
[2025-11-09T11:18:09.511+0000] {subprocess.py:93} INFO - To adjust logging level use sc.setLogLevel(newLevel). For SparkR, use setLogLevel(newLevel).
[2025-11-09T11:18:09.683+0000] {subprocess.py:93} INFO - 25/11/09 11:18:09 WARN NativeCodeLoader: Unable to load native-hadoop library for your platform... using builtin-java classes where applicable
[2025-11-09T11:18:51.930+0000] {subprocess.py:93} INFO - [Stage 9:>                                                        (0 + 12) / 12]                                                                                Dropped columns: ['Outstanding_Debt', 'Payment_of_Min_Amount', 'Total_EMI_per_month', 'Amount_invested_monthly', 'Monthly_Balance']
[2025-11-09T11:18:51.932+0000] {subprocess.py:93} INFO - [GOLD/FE] Found 24 snapshot dates to save.
[2025-11-09T11:18:51.932+0000] {subprocess.py:93} INFO - [GOLD/FE] Writing snapshot 2024_04_01 to /app/datamart/gold/feature_store/gold_feature_store_2024_04_01.parquet
[2025-11-09T11:18:51.933+0000] {subprocess.py:93} INFO - [GOLD/FE] Writing snapshot 2024_03_01 to /app/datamart/gold/feature_store/gold_feature_store_2024_03_01.parquet
[2025-11-09T11:18:51.934+0000] {subprocess.py:93} INFO - [GOLD/FE] Writing snapshot 2024_09_01 to /app/datamart/gold/feature_store/gold_feature_store_2024_09_01.parquet
[2025-11-09T11:18:51.935+0000] {subprocess.py:93} INFO - [GOLD/FE] Writing snapshot 2023_03_01 to /app/datamart/gold/feature_store/gold_feature_store_2023_03_01.parquet
[2025-11-09T11:18:51.936+0000] {subprocess.py:93} INFO - [GOLD/FE] Writing snapshot 2023_01_01 to /app/datamart/gold/feature_store/gold_feature_store_2023_01_01.parquet
[2025-11-09T11:18:51.936+0000] {subprocess.py:93} INFO - [GOLD/FE] Writing snapshot 2023_04_01 to /app/datamart/gold/feature_store/gold_feature_store_2023_04_01.parquet
[2025-11-09T11:18:51.937+0000] {subprocess.py:93} INFO - [GOLD/FE] Writing snapshot 2023_06_01 to /app/datamart/gold/feature_store/gold_feature_store_2023_06_01.parquet
[2025-11-09T11:18:51.937+0000] {subprocess.py:93} INFO - [GOLD/FE] Writing snapshot 2024_11_01 to /app/datamart/gold/feature_store/gold_feature_store_2024_11_01.parquet
[2025-11-09T11:18:51.938+0000] {subprocess.py:93} INFO - [GOLD/FE] Writing snapshot 2023_02_01 to /app/datamart/gold/feature_store/gold_feature_store_2023_02_01.parquet
[2025-11-09T11:18:51.939+0000] {subprocess.py:93} INFO - [GOLD/FE] Writing snapshot 2024_10_01 to /app/datamart/gold/feature_store/gold_feature_store_2024_10_01.parquet
[2025-11-09T11:18:51.939+0000] {subprocess.py:93} INFO - [GOLD/FE] Writing snapshot 2024_08_01 to /app/datamart/gold/feature_store/gold_feature_store_2024_08_01.parquet
[2025-11-09T11:18:51.940+0000] {subprocess.py:93} INFO - [GOLD/FE] Writing snapshot 2023_07_01 to /app/datamart/gold/feature_store/gold_feature_store_2023_07_01.parquet
[2025-11-09T11:18:51.941+0000] {subprocess.py:93} INFO - [GOLD/FE] Writing snapshot 2023_11_01 to /app/datamart/gold/feature_store/gold_feature_store_2023_11_01.parquet
[2025-11-09T11:18:51.941+0000] {subprocess.py:93} INFO - [GOLD/FE] Writing snapshot 2024_06_01 to /app/datamart/gold/feature_store/gold_feature_store_2024_06_01.parquet
[2025-11-09T11:18:51.942+0000] {subprocess.py:93} INFO - [GOLD/FE] Writing snapshot 2024_02_01 to /app/datamart/gold/feature_store/gold_feature_store_2024_02_01.parquet
[2025-11-09T11:18:51.942+0000] {subprocess.py:93} INFO - [GOLD/FE] Writing snapshot 2023_10_01 to /app/datamart/gold/feature_store/gold_feature_store_2023_10_01.parquet
[2025-11-09T11:18:51.943+0000] {subprocess.py:93} INFO - [GOLD/FE] Writing snapshot 2023_09_01 to /app/datamart/gold/feature_store/gold_feature_store_2023_09_01.parquet
[2025-11-09T11:18:51.944+0000] {subprocess.py:93} INFO - [GOLD/FE] Writing snapshot 2023_05_01 to /app/datamart/gold/feature_store/gold_feature_store_2023_05_01.parquet
[2025-11-09T11:18:51.944+0000] {subprocess.py:93} INFO - [GOLD/FE] Writing snapshot 2023_08_01 to /app/datamart/gold/feature_store/gold_feature_store_2023_08_01.parquet
[2025-11-09T11:18:51.945+0000] {subprocess.py:93} INFO - [GOLD/FE] Writing snapshot 2024_01_01 to /app/datamart/gold/feature_store/gold_feature_store_2024_01_01.parquet
[2025-11-09T11:18:51.946+0000] {subprocess.py:93} INFO - [GOLD/FE] Writing snapshot 2024_12_01 to /app/datamart/gold/feature_store/gold_feature_store_2024_12_01.parquet
[2025-11-09T11:18:51.946+0000] {subprocess.py:93} INFO - [GOLD/FE] Writing snapshot 2023_12_01 to /app/datamart/gold/feature_store/gold_feature_store_2023_12_01.parquet
[2025-11-09T11:18:51.947+0000] {subprocess.py:93} INFO - [GOLD/FE] Writing snapshot 2024_05_01 to /app/datamart/gold/feature_store/gold_feature_store_2024_05_01.parquet
[2025-11-09T11:18:51.947+0000] {subprocess.py:93} INFO - [GOLD/FE] Writing snapshot 2024_07_01 to /app/datamart/gold/feature_store/gold_feature_store_2024_07_01.parquet
[2025-11-09T11:18:51.948+0000] {subprocess.py:93} INFO - [GOLD/FE] Finished writing feature gold tables to /app/datamart/gold/feature_store/
[2025-11-09T11:18:52.453+0000] {subprocess.py:97} INFO - Command exited with return code 0
[2025-11-09T11:18:52.502+0000] {taskinstance.py:340} INFO - ::group::Post task execution logs
[2025-11-09T11:18:52.504+0000] {taskinstance.py:352} INFO - Marking task as SUCCESS. dag_id=data_pipeline_dag, task_id=gold_layer, run_id=manual__2025-11-09T10:52:52.991419+00:00, execution_date=20251109T105252, start_date=20251109T111807, end_date=20251109T111852
[2025-11-09T11:18:52.559+0000] {local_task_job_runner.py:266} INFO - Task exited with return code 0
[2025-11-09T11:18:52.573+0000] {taskinstance.py:3900} INFO - 0 downstream tasks scheduled from follow-on schedule check
[2025-11-09T11:18:52.574+0000] {local_task_job_runner.py:245} INFO - ::endgroup::
