[2025-11-09T10:47:51.925+0000] {processor.py:186} INFO - Started process (PID=31) to work on /app/dags/data_pipeline_dag.py
[2025-11-09T10:47:51.927+0000] {processor.py:914} INFO - Processing file /app/dags/data_pipeline_dag.py for tasks to queue
[2025-11-09T10:47:51.931+0000] {logging_mixin.py:190} INFO - [2025-11-09T10:47:51.931+0000] {dagbag.py:588} INFO - Filling up the DagBag from /app/dags/data_pipeline_dag.py
[2025-11-09T10:47:51.973+0000] {processor.py:925} INFO - DAG(s) 'data_pipeline_dag' retrieved from /app/dags/data_pipeline_dag.py
[2025-11-09T10:47:52.155+0000] {logging_mixin.py:190} INFO - [2025-11-09T10:47:52.155+0000] {override.py:1900} INFO - Created Permission View: can delete on DAG:data_pipeline_dag
[2025-11-09T10:47:52.184+0000] {logging_mixin.py:190} INFO - [2025-11-09T10:47:52.184+0000] {override.py:1900} INFO - Created Permission View: can read on DAG:data_pipeline_dag
[2025-11-09T10:47:52.221+0000] {logging_mixin.py:190} INFO - [2025-11-09T10:47:52.221+0000] {override.py:1900} INFO - Created Permission View: can edit on DAG:data_pipeline_dag
[2025-11-09T10:47:52.283+0000] {logging_mixin.py:190} INFO - [2025-11-09T10:47:52.283+0000] {override.py:1900} INFO - Created Permission View: can delete on DAG Run:data_pipeline_dag
[2025-11-09T10:47:52.322+0000] {logging_mixin.py:190} INFO - [2025-11-09T10:47:52.322+0000] {override.py:1900} INFO - Created Permission View: can read on DAG Run:data_pipeline_dag
[2025-11-09T10:47:52.361+0000] {logging_mixin.py:190} INFO - [2025-11-09T10:47:52.360+0000] {override.py:1900} INFO - Created Permission View: menu access on DAG Run:data_pipeline_dag
[2025-11-09T10:47:52.399+0000] {logging_mixin.py:190} INFO - [2025-11-09T10:47:52.399+0000] {override.py:1900} INFO - Created Permission View: can create on DAG Run:data_pipeline_dag
[2025-11-09T10:47:52.400+0000] {logging_mixin.py:190} INFO - [2025-11-09T10:47:52.400+0000] {dag.py:3239} INFO - Sync 1 DAGs
[2025-11-09T10:47:52.425+0000] {logging_mixin.py:190} INFO - [2025-11-09T10:47:52.424+0000] {dag.py:3262} INFO - Creating ORM DAG for data_pipeline_dag
[2025-11-09T10:47:52.426+0000] {logging_mixin.py:190} INFO - [2025-11-09T10:47:52.426+0000] {dag.py:4180} INFO - Setting next_dagrun for data_pipeline_dag to None, run_after=None
[2025-11-09T10:47:52.495+0000] {processor.py:208} INFO - Processing /app/dags/data_pipeline_dag.py took 0.577 seconds
[2025-11-09T10:48:22.836+0000] {processor.py:186} INFO - Started process (PID=33) to work on /app/dags/data_pipeline_dag.py
[2025-11-09T10:48:22.837+0000] {processor.py:914} INFO - Processing file /app/dags/data_pipeline_dag.py for tasks to queue
[2025-11-09T10:48:22.839+0000] {logging_mixin.py:190} INFO - [2025-11-09T10:48:22.839+0000] {dagbag.py:588} INFO - Filling up the DagBag from /app/dags/data_pipeline_dag.py
[2025-11-09T10:48:22.854+0000] {processor.py:925} INFO - DAG(s) 'data_pipeline_dag' retrieved from /app/dags/data_pipeline_dag.py
[2025-11-09T10:48:22.879+0000] {logging_mixin.py:190} INFO - [2025-11-09T10:48:22.879+0000] {dag.py:3239} INFO - Sync 1 DAGs
[2025-11-09T10:48:22.893+0000] {logging_mixin.py:190} INFO - [2025-11-09T10:48:22.893+0000] {dag.py:4180} INFO - Setting next_dagrun for data_pipeline_dag to None, run_after=None
[2025-11-09T10:48:22.932+0000] {processor.py:208} INFO - Processing /app/dags/data_pipeline_dag.py took 0.102 seconds
[2025-11-09T10:48:53.260+0000] {processor.py:186} INFO - Started process (PID=35) to work on /app/dags/data_pipeline_dag.py
[2025-11-09T10:48:53.261+0000] {processor.py:914} INFO - Processing file /app/dags/data_pipeline_dag.py for tasks to queue
[2025-11-09T10:48:53.266+0000] {logging_mixin.py:190} INFO - [2025-11-09T10:48:53.266+0000] {dagbag.py:588} INFO - Filling up the DagBag from /app/dags/data_pipeline_dag.py
[2025-11-09T10:48:53.284+0000] {processor.py:925} INFO - DAG(s) 'data_pipeline_dag' retrieved from /app/dags/data_pipeline_dag.py
[2025-11-09T10:48:53.318+0000] {logging_mixin.py:190} INFO - [2025-11-09T10:48:53.318+0000] {dag.py:3239} INFO - Sync 1 DAGs
[2025-11-09T10:48:53.333+0000] {logging_mixin.py:190} INFO - [2025-11-09T10:48:53.333+0000] {dag.py:4180} INFO - Setting next_dagrun for data_pipeline_dag to None, run_after=None
[2025-11-09T10:48:53.376+0000] {processor.py:208} INFO - Processing /app/dags/data_pipeline_dag.py took 0.122 seconds
[2025-11-09T10:49:23.883+0000] {processor.py:186} INFO - Started process (PID=37) to work on /app/dags/data_pipeline_dag.py
[2025-11-09T10:49:23.884+0000] {processor.py:914} INFO - Processing file /app/dags/data_pipeline_dag.py for tasks to queue
[2025-11-09T10:49:23.886+0000] {logging_mixin.py:190} INFO - [2025-11-09T10:49:23.886+0000] {dagbag.py:588} INFO - Filling up the DagBag from /app/dags/data_pipeline_dag.py
[2025-11-09T10:49:23.903+0000] {processor.py:925} INFO - DAG(s) 'data_pipeline_dag' retrieved from /app/dags/data_pipeline_dag.py
[2025-11-09T10:49:23.930+0000] {logging_mixin.py:190} INFO - [2025-11-09T10:49:23.930+0000] {dag.py:3239} INFO - Sync 1 DAGs
[2025-11-09T10:49:23.943+0000] {logging_mixin.py:190} INFO - [2025-11-09T10:49:23.942+0000] {dag.py:4180} INFO - Setting next_dagrun for data_pipeline_dag to None, run_after=None
[2025-11-09T10:49:23.993+0000] {processor.py:208} INFO - Processing /app/dags/data_pipeline_dag.py took 0.116 seconds
[2025-11-09T10:49:55.265+0000] {processor.py:186} INFO - Started process (PID=496) to work on /app/dags/data_pipeline_dag.py
[2025-11-09T10:49:55.266+0000] {processor.py:914} INFO - Processing file /app/dags/data_pipeline_dag.py for tasks to queue
[2025-11-09T10:49:55.269+0000] {logging_mixin.py:190} INFO - [2025-11-09T10:49:55.268+0000] {dagbag.py:588} INFO - Filling up the DagBag from /app/dags/data_pipeline_dag.py
[2025-11-09T10:49:55.285+0000] {processor.py:925} INFO - DAG(s) 'data_pipeline_dag' retrieved from /app/dags/data_pipeline_dag.py
[2025-11-09T10:49:55.309+0000] {logging_mixin.py:190} INFO - [2025-11-09T10:49:55.309+0000] {dag.py:3239} INFO - Sync 1 DAGs
[2025-11-09T10:49:55.320+0000] {logging_mixin.py:190} INFO - [2025-11-09T10:49:55.320+0000] {dag.py:4180} INFO - Setting next_dagrun for data_pipeline_dag to None, run_after=None
[2025-11-09T10:49:55.361+0000] {processor.py:208} INFO - Processing /app/dags/data_pipeline_dag.py took 0.101 seconds
[2025-11-09T10:50:26.538+0000] {processor.py:186} INFO - Started process (PID=498) to work on /app/dags/data_pipeline_dag.py
[2025-11-09T10:50:26.539+0000] {processor.py:914} INFO - Processing file /app/dags/data_pipeline_dag.py for tasks to queue
[2025-11-09T10:50:26.542+0000] {logging_mixin.py:190} INFO - [2025-11-09T10:50:26.542+0000] {dagbag.py:588} INFO - Filling up the DagBag from /app/dags/data_pipeline_dag.py
[2025-11-09T10:50:26.564+0000] {processor.py:925} INFO - DAG(s) 'data_pipeline_dag' retrieved from /app/dags/data_pipeline_dag.py
[2025-11-09T10:50:26.597+0000] {logging_mixin.py:190} INFO - [2025-11-09T10:50:26.597+0000] {dag.py:3239} INFO - Sync 1 DAGs
[2025-11-09T10:50:26.614+0000] {logging_mixin.py:190} INFO - [2025-11-09T10:50:26.614+0000] {dag.py:4180} INFO - Setting next_dagrun for data_pipeline_dag to None, run_after=None
[2025-11-09T10:50:26.678+0000] {processor.py:208} INFO - Processing /app/dags/data_pipeline_dag.py took 0.147 seconds
[2025-11-09T10:50:57.854+0000] {processor.py:186} INFO - Started process (PID=500) to work on /app/dags/data_pipeline_dag.py
[2025-11-09T10:50:57.856+0000] {processor.py:914} INFO - Processing file /app/dags/data_pipeline_dag.py for tasks to queue
[2025-11-09T10:50:57.859+0000] {logging_mixin.py:190} INFO - [2025-11-09T10:50:57.859+0000] {dagbag.py:588} INFO - Filling up the DagBag from /app/dags/data_pipeline_dag.py
[2025-11-09T10:50:57.883+0000] {processor.py:925} INFO - DAG(s) 'data_pipeline_dag' retrieved from /app/dags/data_pipeline_dag.py
[2025-11-09T10:50:57.916+0000] {logging_mixin.py:190} INFO - [2025-11-09T10:50:57.916+0000] {dag.py:3239} INFO - Sync 1 DAGs
[2025-11-09T10:50:57.933+0000] {logging_mixin.py:190} INFO - [2025-11-09T10:50:57.933+0000] {dag.py:4180} INFO - Setting next_dagrun for data_pipeline_dag to None, run_after=None
[2025-11-09T10:50:57.989+0000] {processor.py:208} INFO - Processing /app/dags/data_pipeline_dag.py took 0.144 seconds
[2025-11-09T10:51:28.552+0000] {processor.py:186} INFO - Started process (PID=502) to work on /app/dags/data_pipeline_dag.py
[2025-11-09T10:51:28.553+0000] {processor.py:914} INFO - Processing file /app/dags/data_pipeline_dag.py for tasks to queue
[2025-11-09T10:51:28.555+0000] {logging_mixin.py:190} INFO - [2025-11-09T10:51:28.555+0000] {dagbag.py:588} INFO - Filling up the DagBag from /app/dags/data_pipeline_dag.py
[2025-11-09T10:51:28.574+0000] {processor.py:925} INFO - DAG(s) 'data_pipeline_dag' retrieved from /app/dags/data_pipeline_dag.py
[2025-11-09T10:51:28.602+0000] {logging_mixin.py:190} INFO - [2025-11-09T10:51:28.602+0000] {dag.py:3239} INFO - Sync 1 DAGs
[2025-11-09T10:51:28.616+0000] {logging_mixin.py:190} INFO - [2025-11-09T10:51:28.616+0000] {dag.py:4180} INFO - Setting next_dagrun for data_pipeline_dag to None, run_after=None
[2025-11-09T10:51:28.660+0000] {processor.py:208} INFO - Processing /app/dags/data_pipeline_dag.py took 0.113 seconds
[2025-11-09T10:51:43.915+0000] {processor.py:186} INFO - Started process (PID=503) to work on /app/dags/data_pipeline_dag.py
[2025-11-09T10:51:43.916+0000] {processor.py:914} INFO - Processing file /app/dags/data_pipeline_dag.py for tasks to queue
[2025-11-09T10:51:43.918+0000] {logging_mixin.py:190} INFO - [2025-11-09T10:51:43.917+0000] {dagbag.py:588} INFO - Filling up the DagBag from /app/dags/data_pipeline_dag.py
[2025-11-09T10:51:43.943+0000] {processor.py:925} INFO - DAG(s) 'data_pipeline_dag' retrieved from /app/dags/data_pipeline_dag.py
[2025-11-09T10:51:44.039+0000] {logging_mixin.py:190} INFO - [2025-11-09T10:51:44.039+0000] {dag.py:3239} INFO - Sync 1 DAGs
[2025-11-09T10:51:44.049+0000] {logging_mixin.py:190} INFO - [2025-11-09T10:51:44.048+0000] {dag.py:4180} INFO - Setting next_dagrun for data_pipeline_dag to None, run_after=None
[2025-11-09T10:51:44.091+0000] {processor.py:208} INFO - Processing /app/dags/data_pipeline_dag.py took 0.181 seconds
[2025-11-09T10:51:58.216+0000] {processor.py:186} INFO - Started process (PID=505) to work on /app/dags/data_pipeline_dag.py
[2025-11-09T10:51:58.217+0000] {processor.py:914} INFO - Processing file /app/dags/data_pipeline_dag.py for tasks to queue
[2025-11-09T10:51:58.219+0000] {logging_mixin.py:190} INFO - [2025-11-09T10:51:58.219+0000] {dagbag.py:588} INFO - Filling up the DagBag from /app/dags/data_pipeline_dag.py
[2025-11-09T10:51:58.244+0000] {processor.py:925} INFO - DAG(s) 'data_pipeline_dag' retrieved from /app/dags/data_pipeline_dag.py
[2025-11-09T10:51:58.254+0000] {logging_mixin.py:190} INFO - [2025-11-09T10:51:58.254+0000] {dag.py:3239} INFO - Sync 1 DAGs
[2025-11-09T10:51:58.266+0000] {logging_mixin.py:190} INFO - [2025-11-09T10:51:58.266+0000] {dag.py:4180} INFO - Setting next_dagrun for data_pipeline_dag to None, run_after=None
[2025-11-09T10:51:58.310+0000] {processor.py:208} INFO - Processing /app/dags/data_pipeline_dag.py took 0.099 seconds
[2025-11-09T10:52:09.418+0000] {processor.py:186} INFO - Started process (PID=506) to work on /app/dags/data_pipeline_dag.py
[2025-11-09T10:52:09.419+0000] {processor.py:914} INFO - Processing file /app/dags/data_pipeline_dag.py for tasks to queue
[2025-11-09T10:52:09.421+0000] {logging_mixin.py:190} INFO - [2025-11-09T10:52:09.420+0000] {dagbag.py:588} INFO - Filling up the DagBag from /app/dags/data_pipeline_dag.py
[2025-11-09T10:52:09.445+0000] {processor.py:925} INFO - DAG(s) 'data_pipeline_dag' retrieved from /app/dags/data_pipeline_dag.py
[2025-11-09T10:52:09.456+0000] {logging_mixin.py:190} INFO - [2025-11-09T10:52:09.456+0000] {dag.py:3239} INFO - Sync 1 DAGs
[2025-11-09T10:52:09.468+0000] {logging_mixin.py:190} INFO - [2025-11-09T10:52:09.467+0000] {dag.py:4180} INFO - Setting next_dagrun for data_pipeline_dag to None, run_after=None
[2025-11-09T10:52:09.517+0000] {processor.py:208} INFO - Processing /app/dags/data_pipeline_dag.py took 0.104 seconds
[2025-11-09T10:52:39.636+0000] {processor.py:186} INFO - Started process (PID=508) to work on /app/dags/data_pipeline_dag.py
[2025-11-09T10:52:39.637+0000] {processor.py:914} INFO - Processing file /app/dags/data_pipeline_dag.py for tasks to queue
[2025-11-09T10:52:39.640+0000] {logging_mixin.py:190} INFO - [2025-11-09T10:52:39.640+0000] {dagbag.py:588} INFO - Filling up the DagBag from /app/dags/data_pipeline_dag.py
[2025-11-09T10:52:39.659+0000] {processor.py:925} INFO - DAG(s) 'data_pipeline_dag' retrieved from /app/dags/data_pipeline_dag.py
[2025-11-09T10:52:39.686+0000] {logging_mixin.py:190} INFO - [2025-11-09T10:52:39.686+0000] {dag.py:3239} INFO - Sync 1 DAGs
[2025-11-09T10:52:39.698+0000] {logging_mixin.py:190} INFO - [2025-11-09T10:52:39.698+0000] {dag.py:4180} INFO - Setting next_dagrun for data_pipeline_dag to None, run_after=None
[2025-11-09T10:52:39.734+0000] {processor.py:208} INFO - Processing /app/dags/data_pipeline_dag.py took 0.103 seconds
[2025-11-09T10:52:44.848+0000] {processor.py:186} INFO - Started process (PID=509) to work on /app/dags/data_pipeline_dag.py
[2025-11-09T10:52:44.849+0000] {processor.py:914} INFO - Processing file /app/dags/data_pipeline_dag.py for tasks to queue
[2025-11-09T10:52:44.852+0000] {logging_mixin.py:190} INFO - [2025-11-09T10:52:44.851+0000] {dagbag.py:588} INFO - Filling up the DagBag from /app/dags/data_pipeline_dag.py
[2025-11-09T10:52:44.875+0000] {processor.py:925} INFO - DAG(s) 'data_pipeline_dag' retrieved from /app/dags/data_pipeline_dag.py
[2025-11-09T10:52:44.985+0000] {logging_mixin.py:190} INFO - [2025-11-09T10:52:44.985+0000] {dag.py:3239} INFO - Sync 1 DAGs
[2025-11-09T10:52:44.996+0000] {logging_mixin.py:190} INFO - [2025-11-09T10:52:44.996+0000] {dag.py:4180} INFO - Setting next_dagrun for data_pipeline_dag to None, run_after=None
[2025-11-09T10:52:45.044+0000] {processor.py:208} INFO - Processing /app/dags/data_pipeline_dag.py took 0.202 seconds
[2025-11-09T10:53:15.899+0000] {processor.py:186} INFO - Started process (PID=1137) to work on /app/dags/data_pipeline_dag.py
[2025-11-09T10:53:15.901+0000] {processor.py:914} INFO - Processing file /app/dags/data_pipeline_dag.py for tasks to queue
[2025-11-09T10:53:15.903+0000] {logging_mixin.py:190} INFO - [2025-11-09T10:53:15.903+0000] {dagbag.py:588} INFO - Filling up the DagBag from /app/dags/data_pipeline_dag.py
[2025-11-09T10:53:15.921+0000] {processor.py:925} INFO - DAG(s) 'data_pipeline_dag' retrieved from /app/dags/data_pipeline_dag.py
[2025-11-09T10:53:15.948+0000] {logging_mixin.py:190} INFO - [2025-11-09T10:53:15.948+0000] {dag.py:3239} INFO - Sync 1 DAGs
[2025-11-09T10:53:15.960+0000] {logging_mixin.py:190} INFO - [2025-11-09T10:53:15.960+0000] {dag.py:4180} INFO - Setting next_dagrun for data_pipeline_dag to None, run_after=None
[2025-11-09T10:53:16.001+0000] {processor.py:208} INFO - Processing /app/dags/data_pipeline_dag.py took 0.107 seconds
[2025-11-09T10:53:47.204+0000] {processor.py:186} INFO - Started process (PID=1193) to work on /app/dags/data_pipeline_dag.py
[2025-11-09T10:53:47.205+0000] {processor.py:914} INFO - Processing file /app/dags/data_pipeline_dag.py for tasks to queue
[2025-11-09T10:53:47.208+0000] {logging_mixin.py:190} INFO - [2025-11-09T10:53:47.207+0000] {dagbag.py:588} INFO - Filling up the DagBag from /app/dags/data_pipeline_dag.py
[2025-11-09T10:53:47.225+0000] {processor.py:925} INFO - DAG(s) 'data_pipeline_dag' retrieved from /app/dags/data_pipeline_dag.py
[2025-11-09T10:53:47.251+0000] {logging_mixin.py:190} INFO - [2025-11-09T10:53:47.251+0000] {dag.py:3239} INFO - Sync 1 DAGs
[2025-11-09T10:53:47.262+0000] {logging_mixin.py:190} INFO - [2025-11-09T10:53:47.262+0000] {dag.py:4180} INFO - Setting next_dagrun for data_pipeline_dag to None, run_after=None
[2025-11-09T10:53:47.308+0000] {processor.py:208} INFO - Processing /app/dags/data_pipeline_dag.py took 0.109 seconds
[2025-11-09T10:54:17.653+0000] {processor.py:186} INFO - Started process (PID=1195) to work on /app/dags/data_pipeline_dag.py
[2025-11-09T10:54:17.654+0000] {processor.py:914} INFO - Processing file /app/dags/data_pipeline_dag.py for tasks to queue
[2025-11-09T10:54:17.656+0000] {logging_mixin.py:190} INFO - [2025-11-09T10:54:17.656+0000] {dagbag.py:588} INFO - Filling up the DagBag from /app/dags/data_pipeline_dag.py
[2025-11-09T10:54:17.677+0000] {processor.py:925} INFO - DAG(s) 'data_pipeline_dag' retrieved from /app/dags/data_pipeline_dag.py
[2025-11-09T10:54:17.702+0000] {logging_mixin.py:190} INFO - [2025-11-09T10:54:17.702+0000] {dag.py:3239} INFO - Sync 1 DAGs
[2025-11-09T10:54:17.713+0000] {logging_mixin.py:190} INFO - [2025-11-09T10:54:17.713+0000] {dag.py:4180} INFO - Setting next_dagrun for data_pipeline_dag to None, run_after=None
[2025-11-09T10:54:17.754+0000] {processor.py:208} INFO - Processing /app/dags/data_pipeline_dag.py took 0.107 seconds
[2025-11-09T10:54:47.960+0000] {processor.py:186} INFO - Started process (PID=1197) to work on /app/dags/data_pipeline_dag.py
[2025-11-09T10:54:47.961+0000] {processor.py:914} INFO - Processing file /app/dags/data_pipeline_dag.py for tasks to queue
[2025-11-09T10:54:47.964+0000] {logging_mixin.py:190} INFO - [2025-11-09T10:54:47.963+0000] {dagbag.py:588} INFO - Filling up the DagBag from /app/dags/data_pipeline_dag.py
[2025-11-09T10:54:47.981+0000] {processor.py:925} INFO - DAG(s) 'data_pipeline_dag' retrieved from /app/dags/data_pipeline_dag.py
[2025-11-09T10:54:48.008+0000] {logging_mixin.py:190} INFO - [2025-11-09T10:54:48.008+0000] {dag.py:3239} INFO - Sync 1 DAGs
[2025-11-09T10:54:48.020+0000] {logging_mixin.py:190} INFO - [2025-11-09T10:54:48.020+0000] {dag.py:4180} INFO - Setting next_dagrun for data_pipeline_dag to None, run_after=None
[2025-11-09T10:54:48.059+0000] {processor.py:208} INFO - Processing /app/dags/data_pipeline_dag.py took 0.104 seconds
[2025-11-09T10:55:18.804+0000] {processor.py:186} INFO - Started process (PID=1633) to work on /app/dags/data_pipeline_dag.py
[2025-11-09T10:55:18.805+0000] {processor.py:914} INFO - Processing file /app/dags/data_pipeline_dag.py for tasks to queue
[2025-11-09T10:55:18.808+0000] {logging_mixin.py:190} INFO - [2025-11-09T10:55:18.807+0000] {dagbag.py:588} INFO - Filling up the DagBag from /app/dags/data_pipeline_dag.py
[2025-11-09T10:55:18.827+0000] {processor.py:925} INFO - DAG(s) 'data_pipeline_dag' retrieved from /app/dags/data_pipeline_dag.py
[2025-11-09T10:55:18.854+0000] {logging_mixin.py:190} INFO - [2025-11-09T10:55:18.854+0000] {dag.py:3239} INFO - Sync 1 DAGs
[2025-11-09T10:55:18.866+0000] {logging_mixin.py:190} INFO - [2025-11-09T10:55:18.866+0000] {dag.py:4180} INFO - Setting next_dagrun for data_pipeline_dag to None, run_after=None
[2025-11-09T10:55:18.919+0000] {processor.py:208} INFO - Processing /app/dags/data_pipeline_dag.py took 0.120 seconds
[2025-11-09T10:55:49.663+0000] {processor.py:186} INFO - Started process (PID=1635) to work on /app/dags/data_pipeline_dag.py
[2025-11-09T10:55:49.664+0000] {processor.py:914} INFO - Processing file /app/dags/data_pipeline_dag.py for tasks to queue
[2025-11-09T10:55:49.666+0000] {logging_mixin.py:190} INFO - [2025-11-09T10:55:49.666+0000] {dagbag.py:588} INFO - Filling up the DagBag from /app/dags/data_pipeline_dag.py
[2025-11-09T10:55:49.684+0000] {processor.py:925} INFO - DAG(s) 'data_pipeline_dag' retrieved from /app/dags/data_pipeline_dag.py
[2025-11-09T10:55:49.708+0000] {logging_mixin.py:190} INFO - [2025-11-09T10:55:49.708+0000] {dag.py:3239} INFO - Sync 1 DAGs
[2025-11-09T10:55:49.719+0000] {logging_mixin.py:190} INFO - [2025-11-09T10:55:49.719+0000] {dag.py:4180} INFO - Setting next_dagrun for data_pipeline_dag to None, run_after=None
[2025-11-09T10:55:49.762+0000] {processor.py:208} INFO - Processing /app/dags/data_pipeline_dag.py took 0.104 seconds
[2025-11-09T10:56:20.474+0000] {processor.py:186} INFO - Started process (PID=1637) to work on /app/dags/data_pipeline_dag.py
[2025-11-09T10:56:20.475+0000] {processor.py:914} INFO - Processing file /app/dags/data_pipeline_dag.py for tasks to queue
[2025-11-09T10:56:20.478+0000] {logging_mixin.py:190} INFO - [2025-11-09T10:56:20.478+0000] {dagbag.py:588} INFO - Filling up the DagBag from /app/dags/data_pipeline_dag.py
[2025-11-09T10:56:20.499+0000] {processor.py:925} INFO - DAG(s) 'data_pipeline_dag' retrieved from /app/dags/data_pipeline_dag.py
[2025-11-09T10:56:20.529+0000] {logging_mixin.py:190} INFO - [2025-11-09T10:56:20.528+0000] {dag.py:3239} INFO - Sync 1 DAGs
[2025-11-09T10:56:20.541+0000] {logging_mixin.py:190} INFO - [2025-11-09T10:56:20.541+0000] {dag.py:4180} INFO - Setting next_dagrun for data_pipeline_dag to None, run_after=None
[2025-11-09T10:56:20.585+0000] {processor.py:208} INFO - Processing /app/dags/data_pipeline_dag.py took 0.119 seconds
[2025-11-09T10:56:51.278+0000] {processor.py:186} INFO - Started process (PID=1639) to work on /app/dags/data_pipeline_dag.py
[2025-11-09T10:56:51.279+0000] {processor.py:914} INFO - Processing file /app/dags/data_pipeline_dag.py for tasks to queue
[2025-11-09T10:56:51.280+0000] {logging_mixin.py:190} INFO - [2025-11-09T10:56:51.280+0000] {dagbag.py:588} INFO - Filling up the DagBag from /app/dags/data_pipeline_dag.py
[2025-11-09T10:56:51.295+0000] {processor.py:925} INFO - DAG(s) 'data_pipeline_dag' retrieved from /app/dags/data_pipeline_dag.py
[2025-11-09T10:56:51.320+0000] {logging_mixin.py:190} INFO - [2025-11-09T10:56:51.320+0000] {dag.py:3239} INFO - Sync 1 DAGs
[2025-11-09T10:56:51.334+0000] {logging_mixin.py:190} INFO - [2025-11-09T10:56:51.334+0000] {dag.py:4180} INFO - Setting next_dagrun for data_pipeline_dag to None, run_after=None
[2025-11-09T10:56:51.376+0000] {processor.py:208} INFO - Processing /app/dags/data_pipeline_dag.py took 0.104 seconds
[2025-11-09T10:57:22.921+0000] {processor.py:186} INFO - Started process (PID=2076) to work on /app/dags/data_pipeline_dag.py
[2025-11-09T10:57:22.922+0000] {processor.py:914} INFO - Processing file /app/dags/data_pipeline_dag.py for tasks to queue
[2025-11-09T10:57:22.924+0000] {logging_mixin.py:190} INFO - [2025-11-09T10:57:22.924+0000] {dagbag.py:588} INFO - Filling up the DagBag from /app/dags/data_pipeline_dag.py
[2025-11-09T10:57:22.942+0000] {processor.py:925} INFO - DAG(s) 'data_pipeline_dag' retrieved from /app/dags/data_pipeline_dag.py
[2025-11-09T10:57:22.970+0000] {logging_mixin.py:190} INFO - [2025-11-09T10:57:22.970+0000] {dag.py:3239} INFO - Sync 1 DAGs
[2025-11-09T10:57:22.981+0000] {logging_mixin.py:190} INFO - [2025-11-09T10:57:22.981+0000] {dag.py:4180} INFO - Setting next_dagrun for data_pipeline_dag to None, run_after=None
[2025-11-09T10:57:23.028+0000] {processor.py:208} INFO - Processing /app/dags/data_pipeline_dag.py took 0.113 seconds
[2025-11-09T10:57:53.166+0000] {processor.py:186} INFO - Started process (PID=2105) to work on /app/dags/data_pipeline_dag.py
[2025-11-09T10:57:53.167+0000] {processor.py:914} INFO - Processing file /app/dags/data_pipeline_dag.py for tasks to queue
[2025-11-09T10:57:53.170+0000] {logging_mixin.py:190} INFO - [2025-11-09T10:57:53.169+0000] {dagbag.py:588} INFO - Filling up the DagBag from /app/dags/data_pipeline_dag.py
[2025-11-09T10:57:53.187+0000] {processor.py:925} INFO - DAG(s) 'data_pipeline_dag' retrieved from /app/dags/data_pipeline_dag.py
[2025-11-09T10:57:53.212+0000] {logging_mixin.py:190} INFO - [2025-11-09T10:57:53.212+0000] {dag.py:3239} INFO - Sync 1 DAGs
[2025-11-09T10:57:53.224+0000] {logging_mixin.py:190} INFO - [2025-11-09T10:57:53.224+0000] {dag.py:4180} INFO - Setting next_dagrun for data_pipeline_dag to None, run_after=None
[2025-11-09T10:57:53.265+0000] {processor.py:208} INFO - Processing /app/dags/data_pipeline_dag.py took 0.104 seconds
[2025-11-09T10:58:25.887+0000] {processor.py:186} INFO - Started process (PID=2287) to work on /app/dags/data_pipeline_dag.py
[2025-11-09T10:58:25.888+0000] {processor.py:914} INFO - Processing file /app/dags/data_pipeline_dag.py for tasks to queue
[2025-11-09T10:58:25.892+0000] {logging_mixin.py:190} INFO - [2025-11-09T10:58:25.891+0000] {dagbag.py:588} INFO - Filling up the DagBag from /app/dags/data_pipeline_dag.py
[2025-11-09T10:58:25.909+0000] {processor.py:925} INFO - DAG(s) 'data_pipeline_dag' retrieved from /app/dags/data_pipeline_dag.py
[2025-11-09T10:58:25.931+0000] {logging_mixin.py:190} INFO - [2025-11-09T10:58:25.931+0000] {dag.py:3239} INFO - Sync 1 DAGs
[2025-11-09T10:58:25.942+0000] {logging_mixin.py:190} INFO - [2025-11-09T10:58:25.942+0000] {dag.py:4180} INFO - Setting next_dagrun for data_pipeline_dag to None, run_after=None
[2025-11-09T10:58:25.981+0000] {processor.py:208} INFO - Processing /app/dags/data_pipeline_dag.py took 0.099 seconds
[2025-11-09T10:58:56.534+0000] {processor.py:186} INFO - Started process (PID=2289) to work on /app/dags/data_pipeline_dag.py
[2025-11-09T10:58:56.535+0000] {processor.py:914} INFO - Processing file /app/dags/data_pipeline_dag.py for tasks to queue
[2025-11-09T10:58:56.539+0000] {logging_mixin.py:190} INFO - [2025-11-09T10:58:56.538+0000] {dagbag.py:588} INFO - Filling up the DagBag from /app/dags/data_pipeline_dag.py
[2025-11-09T10:58:56.560+0000] {processor.py:925} INFO - DAG(s) 'data_pipeline_dag' retrieved from /app/dags/data_pipeline_dag.py
[2025-11-09T10:58:56.588+0000] {logging_mixin.py:190} INFO - [2025-11-09T10:58:56.588+0000] {dag.py:3239} INFO - Sync 1 DAGs
[2025-11-09T10:58:56.600+0000] {logging_mixin.py:190} INFO - [2025-11-09T10:58:56.600+0000] {dag.py:4180} INFO - Setting next_dagrun for data_pipeline_dag to None, run_after=None
[2025-11-09T10:58:56.647+0000] {processor.py:208} INFO - Processing /app/dags/data_pipeline_dag.py took 0.121 seconds
[2025-11-09T10:59:27.547+0000] {processor.py:186} INFO - Started process (PID=2291) to work on /app/dags/data_pipeline_dag.py
[2025-11-09T10:59:27.549+0000] {processor.py:914} INFO - Processing file /app/dags/data_pipeline_dag.py for tasks to queue
[2025-11-09T10:59:27.552+0000] {logging_mixin.py:190} INFO - [2025-11-09T10:59:27.551+0000] {dagbag.py:588} INFO - Filling up the DagBag from /app/dags/data_pipeline_dag.py
[2025-11-09T10:59:27.572+0000] {processor.py:925} INFO - DAG(s) 'data_pipeline_dag' retrieved from /app/dags/data_pipeline_dag.py
[2025-11-09T10:59:27.601+0000] {logging_mixin.py:190} INFO - [2025-11-09T10:59:27.600+0000] {dag.py:3239} INFO - Sync 1 DAGs
[2025-11-09T10:59:27.614+0000] {logging_mixin.py:190} INFO - [2025-11-09T10:59:27.614+0000] {dag.py:4180} INFO - Setting next_dagrun for data_pipeline_dag to None, run_after=None
[2025-11-09T10:59:27.656+0000] {processor.py:208} INFO - Processing /app/dags/data_pipeline_dag.py took 0.114 seconds
[2025-11-09T10:59:57.938+0000] {processor.py:186} INFO - Started process (PID=2293) to work on /app/dags/data_pipeline_dag.py
[2025-11-09T10:59:57.939+0000] {processor.py:914} INFO - Processing file /app/dags/data_pipeline_dag.py for tasks to queue
[2025-11-09T10:59:57.942+0000] {logging_mixin.py:190} INFO - [2025-11-09T10:59:57.941+0000] {dagbag.py:588} INFO - Filling up the DagBag from /app/dags/data_pipeline_dag.py
[2025-11-09T10:59:57.962+0000] {processor.py:925} INFO - DAG(s) 'data_pipeline_dag' retrieved from /app/dags/data_pipeline_dag.py
[2025-11-09T10:59:57.996+0000] {logging_mixin.py:190} INFO - [2025-11-09T10:59:57.996+0000] {dag.py:3239} INFO - Sync 1 DAGs
[2025-11-09T10:59:58.010+0000] {logging_mixin.py:190} INFO - [2025-11-09T10:59:58.010+0000] {dag.py:4180} INFO - Setting next_dagrun for data_pipeline_dag to None, run_after=None
[2025-11-09T10:59:58.053+0000] {processor.py:208} INFO - Processing /app/dags/data_pipeline_dag.py took 0.123 seconds
[2025-11-09T11:00:31.405+0000] {processor.py:186} INFO - Started process (PID=2727) to work on /app/dags/data_pipeline_dag.py
[2025-11-09T11:00:31.406+0000] {processor.py:914} INFO - Processing file /app/dags/data_pipeline_dag.py for tasks to queue
[2025-11-09T11:00:31.408+0000] {logging_mixin.py:190} INFO - [2025-11-09T11:00:31.407+0000] {dagbag.py:588} INFO - Filling up the DagBag from /app/dags/data_pipeline_dag.py
[2025-11-09T11:00:31.424+0000] {processor.py:925} INFO - DAG(s) 'data_pipeline_dag' retrieved from /app/dags/data_pipeline_dag.py
[2025-11-09T11:00:31.454+0000] {logging_mixin.py:190} INFO - [2025-11-09T11:00:31.454+0000] {dag.py:3239} INFO - Sync 1 DAGs
[2025-11-09T11:00:31.466+0000] {logging_mixin.py:190} INFO - [2025-11-09T11:00:31.465+0000] {dag.py:4180} INFO - Setting next_dagrun for data_pipeline_dag to None, run_after=None
[2025-11-09T11:00:31.519+0000] {processor.py:208} INFO - Processing /app/dags/data_pipeline_dag.py took 0.120 seconds
[2025-11-09T11:01:11.370+0000] {processor.py:186} INFO - Started process (PID=3316) to work on /app/dags/data_pipeline_dag.py
[2025-11-09T11:01:11.371+0000] {processor.py:914} INFO - Processing file /app/dags/data_pipeline_dag.py for tasks to queue
[2025-11-09T11:01:11.373+0000] {logging_mixin.py:190} INFO - [2025-11-09T11:01:11.373+0000] {dagbag.py:588} INFO - Filling up the DagBag from /app/dags/data_pipeline_dag.py
[2025-11-09T11:01:11.388+0000] {processor.py:925} INFO - DAG(s) 'data_pipeline_dag' retrieved from /app/dags/data_pipeline_dag.py
[2025-11-09T11:01:11.414+0000] {logging_mixin.py:190} INFO - [2025-11-09T11:01:11.414+0000] {dag.py:3239} INFO - Sync 1 DAGs
[2025-11-09T11:01:11.426+0000] {logging_mixin.py:190} INFO - [2025-11-09T11:01:11.426+0000] {dag.py:4180} INFO - Setting next_dagrun for data_pipeline_dag to None, run_after=None
[2025-11-09T11:01:11.468+0000] {processor.py:208} INFO - Processing /app/dags/data_pipeline_dag.py took 0.103 seconds
