[2025-11-09T10:47:50.076+0000] {processor.py:186} INFO - Started process (PID=30) to work on /app/dags/inference_monitoring_dag.py
[2025-11-09T10:47:50.077+0000] {processor.py:914} INFO - Processing file /app/dags/inference_monitoring_dag.py for tasks to queue
[2025-11-09T10:47:50.080+0000] {logging_mixin.py:190} INFO - [2025-11-09T10:47:50.080+0000] {dagbag.py:588} INFO - Filling up the DagBag from /app/dags/inference_monitoring_dag.py
[2025-11-09T10:47:50.118+0000] {processor.py:925} INFO - DAG(s) 'scheduled_training_dag' retrieved from /app/dags/inference_monitoring_dag.py
[2025-11-09T10:47:50.354+0000] {logging_mixin.py:190} INFO - [2025-11-09T10:47:50.354+0000] {override.py:1900} INFO - Created Permission View: can delete on DAG:scheduled_training_dag
[2025-11-09T10:47:50.410+0000] {logging_mixin.py:190} INFO - [2025-11-09T10:47:50.409+0000] {override.py:1900} INFO - Created Permission View: can read on DAG:scheduled_training_dag
[2025-11-09T10:47:50.450+0000] {logging_mixin.py:190} INFO - [2025-11-09T10:47:50.449+0000] {override.py:1900} INFO - Created Permission View: can edit on DAG:scheduled_training_dag
[2025-11-09T10:47:50.508+0000] {logging_mixin.py:190} INFO - [2025-11-09T10:47:50.507+0000] {override.py:1900} INFO - Created Permission View: can delete on DAG Run:scheduled_training_dag
[2025-11-09T10:47:50.546+0000] {logging_mixin.py:190} INFO - [2025-11-09T10:47:50.546+0000] {override.py:1900} INFO - Created Permission View: can read on DAG Run:scheduled_training_dag
[2025-11-09T10:47:50.581+0000] {logging_mixin.py:190} INFO - [2025-11-09T10:47:50.581+0000] {override.py:1900} INFO - Created Permission View: menu access on DAG Run:scheduled_training_dag
[2025-11-09T10:47:50.618+0000] {logging_mixin.py:190} INFO - [2025-11-09T10:47:50.618+0000] {override.py:1900} INFO - Created Permission View: can create on DAG Run:scheduled_training_dag
[2025-11-09T10:47:50.619+0000] {logging_mixin.py:190} INFO - [2025-11-09T10:47:50.618+0000] {dag.py:3239} INFO - Sync 1 DAGs
[2025-11-09T10:47:50.632+0000] {logging_mixin.py:190} INFO - [2025-11-09T10:47:50.632+0000] {dag.py:3262} INFO - Creating ORM DAG for scheduled_training_dag
[2025-11-09T10:47:50.640+0000] {logging_mixin.py:190} INFO - [2025-11-09T10:47:50.639+0000] {dag.py:4180} INFO - Setting next_dagrun for scheduled_training_dag to 2025-01-01 00:00:00+00:00, run_after=2025-01-01 00:00:00+00:00
[2025-11-09T10:47:50.720+0000] {processor.py:208} INFO - Processing /app/dags/inference_monitoring_dag.py took 0.651 seconds
[2025-11-09T10:48:21.558+0000] {processor.py:186} INFO - Started process (PID=32) to work on /app/dags/inference_monitoring_dag.py
[2025-11-09T10:48:21.559+0000] {processor.py:914} INFO - Processing file /app/dags/inference_monitoring_dag.py for tasks to queue
[2025-11-09T10:48:21.561+0000] {logging_mixin.py:190} INFO - [2025-11-09T10:48:21.561+0000] {dagbag.py:588} INFO - Filling up the DagBag from /app/dags/inference_monitoring_dag.py
[2025-11-09T10:48:21.584+0000] {processor.py:925} INFO - DAG(s) 'scheduled_training_dag' retrieved from /app/dags/inference_monitoring_dag.py
[2025-11-09T10:48:21.618+0000] {logging_mixin.py:190} INFO - [2025-11-09T10:48:21.617+0000] {dag.py:3239} INFO - Sync 1 DAGs
[2025-11-09T10:48:21.641+0000] {logging_mixin.py:190} INFO - [2025-11-09T10:48:21.641+0000] {dag.py:4180} INFO - Setting next_dagrun for scheduled_training_dag to 2025-01-01 00:00:00+00:00, run_after=2025-01-01 00:00:00+00:00
[2025-11-09T10:48:21.684+0000] {processor.py:208} INFO - Processing /app/dags/inference_monitoring_dag.py took 0.133 seconds
[2025-11-09T10:48:47.099+0000] {processor.py:186} INFO - Started process (PID=34) to work on /app/dags/inference_monitoring_dag.py
[2025-11-09T10:48:47.100+0000] {processor.py:914} INFO - Processing file /app/dags/inference_monitoring_dag.py for tasks to queue
[2025-11-09T10:48:47.103+0000] {logging_mixin.py:190} INFO - [2025-11-09T10:48:47.102+0000] {dagbag.py:588} INFO - Filling up the DagBag from /app/dags/inference_monitoring_dag.py
[2025-11-09T10:48:47.133+0000] {processor.py:925} INFO - DAG(s) 'scheduled_training_dag' retrieved from /app/dags/inference_monitoring_dag.py
[2025-11-09T10:48:47.160+0000] {logging_mixin.py:190} INFO - [2025-11-09T10:48:47.160+0000] {dag.py:3239} INFO - Sync 1 DAGs
[2025-11-09T10:48:47.181+0000] {logging_mixin.py:190} INFO - [2025-11-09T10:48:47.181+0000] {dag.py:4180} INFO - Setting next_dagrun for scheduled_training_dag to 2025-01-01 00:00:00+00:00, run_after=2025-01-01 00:00:00+00:00
[2025-11-09T10:48:47.231+0000] {processor.py:208} INFO - Processing /app/dags/inference_monitoring_dag.py took 0.139 seconds
[2025-11-09T10:49:17.703+0000] {processor.py:186} INFO - Started process (PID=36) to work on /app/dags/inference_monitoring_dag.py
[2025-11-09T10:49:17.705+0000] {processor.py:914} INFO - Processing file /app/dags/inference_monitoring_dag.py for tasks to queue
[2025-11-09T10:49:17.708+0000] {logging_mixin.py:190} INFO - [2025-11-09T10:49:17.708+0000] {dagbag.py:588} INFO - Filling up the DagBag from /app/dags/inference_monitoring_dag.py
[2025-11-09T10:49:17.728+0000] {processor.py:925} INFO - DAG(s) 'scheduled_training_dag' retrieved from /app/dags/inference_monitoring_dag.py
[2025-11-09T10:49:17.761+0000] {logging_mixin.py:190} INFO - [2025-11-09T10:49:17.761+0000] {dag.py:3239} INFO - Sync 1 DAGs
[2025-11-09T10:49:17.783+0000] {logging_mixin.py:190} INFO - [2025-11-09T10:49:17.783+0000] {dag.py:4180} INFO - Setting next_dagrun for scheduled_training_dag to 2025-01-01 00:00:00+00:00, run_after=2025-01-01 00:00:00+00:00
[2025-11-09T10:49:17.832+0000] {processor.py:208} INFO - Processing /app/dags/inference_monitoring_dag.py took 0.136 seconds
[2025-11-09T10:49:52.566+0000] {processor.py:186} INFO - Started process (PID=480) to work on /app/dags/inference_monitoring_dag.py
[2025-11-09T10:49:52.567+0000] {processor.py:914} INFO - Processing file /app/dags/inference_monitoring_dag.py for tasks to queue
[2025-11-09T10:49:52.570+0000] {logging_mixin.py:190} INFO - [2025-11-09T10:49:52.570+0000] {dagbag.py:588} INFO - Filling up the DagBag from /app/dags/inference_monitoring_dag.py
[2025-11-09T10:49:52.589+0000] {processor.py:925} INFO - DAG(s) 'scheduled_training_dag' retrieved from /app/dags/inference_monitoring_dag.py
[2025-11-09T10:49:52.614+0000] {logging_mixin.py:190} INFO - [2025-11-09T10:49:52.614+0000] {dag.py:3239} INFO - Sync 1 DAGs
[2025-11-09T10:49:52.633+0000] {logging_mixin.py:190} INFO - [2025-11-09T10:49:52.633+0000] {dag.py:4180} INFO - Setting next_dagrun for scheduled_training_dag to 2025-01-01 00:00:00+00:00, run_after=2025-01-01 00:00:00+00:00
[2025-11-09T10:49:52.676+0000] {processor.py:208} INFO - Processing /app/dags/inference_monitoring_dag.py took 0.115 seconds
[2025-11-09T10:50:23.013+0000] {processor.py:186} INFO - Started process (PID=497) to work on /app/dags/inference_monitoring_dag.py
[2025-11-09T10:50:23.015+0000] {processor.py:914} INFO - Processing file /app/dags/inference_monitoring_dag.py for tasks to queue
[2025-11-09T10:50:23.017+0000] {logging_mixin.py:190} INFO - [2025-11-09T10:50:23.016+0000] {dagbag.py:588} INFO - Filling up the DagBag from /app/dags/inference_monitoring_dag.py
[2025-11-09T10:50:23.033+0000] {processor.py:925} INFO - DAG(s) 'scheduled_training_dag' retrieved from /app/dags/inference_monitoring_dag.py
[2025-11-09T10:50:23.056+0000] {logging_mixin.py:190} INFO - [2025-11-09T10:50:23.056+0000] {dag.py:3239} INFO - Sync 1 DAGs
[2025-11-09T10:50:23.074+0000] {logging_mixin.py:190} INFO - [2025-11-09T10:50:23.074+0000] {dag.py:4180} INFO - Setting next_dagrun for scheduled_training_dag to 2025-01-01 00:00:00+00:00, run_after=2025-01-01 00:00:00+00:00
[2025-11-09T10:50:23.109+0000] {processor.py:208} INFO - Processing /app/dags/inference_monitoring_dag.py took 0.101 seconds
[2025-11-09T10:50:54.137+0000] {processor.py:186} INFO - Started process (PID=499) to work on /app/dags/inference_monitoring_dag.py
[2025-11-09T10:50:54.139+0000] {processor.py:914} INFO - Processing file /app/dags/inference_monitoring_dag.py for tasks to queue
[2025-11-09T10:50:54.142+0000] {logging_mixin.py:190} INFO - [2025-11-09T10:50:54.142+0000] {dagbag.py:588} INFO - Filling up the DagBag from /app/dags/inference_monitoring_dag.py
[2025-11-09T10:50:54.167+0000] {processor.py:925} INFO - DAG(s) 'scheduled_training_dag' retrieved from /app/dags/inference_monitoring_dag.py
[2025-11-09T10:50:54.204+0000] {logging_mixin.py:190} INFO - [2025-11-09T10:50:54.203+0000] {dag.py:3239} INFO - Sync 1 DAGs
[2025-11-09T10:50:54.232+0000] {logging_mixin.py:190} INFO - [2025-11-09T10:50:54.232+0000] {dag.py:4180} INFO - Setting next_dagrun for scheduled_training_dag to 2025-01-01 00:00:00+00:00, run_after=2025-01-01 00:00:00+00:00
[2025-11-09T10:50:54.291+0000] {processor.py:208} INFO - Processing /app/dags/inference_monitoring_dag.py took 0.160 seconds
[2025-11-09T10:51:24.804+0000] {processor.py:186} INFO - Started process (PID=501) to work on /app/dags/inference_monitoring_dag.py
[2025-11-09T10:51:24.805+0000] {processor.py:914} INFO - Processing file /app/dags/inference_monitoring_dag.py for tasks to queue
[2025-11-09T10:51:24.808+0000] {logging_mixin.py:190} INFO - [2025-11-09T10:51:24.807+0000] {dagbag.py:588} INFO - Filling up the DagBag from /app/dags/inference_monitoring_dag.py
[2025-11-09T10:51:24.825+0000] {processor.py:925} INFO - DAG(s) 'scheduled_training_dag' retrieved from /app/dags/inference_monitoring_dag.py
[2025-11-09T10:51:24.849+0000] {logging_mixin.py:190} INFO - [2025-11-09T10:51:24.849+0000] {dag.py:3239} INFO - Sync 1 DAGs
[2025-11-09T10:51:24.869+0000] {logging_mixin.py:190} INFO - [2025-11-09T10:51:24.869+0000] {dag.py:4180} INFO - Setting next_dagrun for scheduled_training_dag to 2025-01-01 00:00:00+00:00, run_after=2025-01-01 00:00:00+00:00
[2025-11-09T10:51:24.911+0000] {processor.py:208} INFO - Processing /app/dags/inference_monitoring_dag.py took 0.113 seconds
[2025-11-09T10:51:55.331+0000] {processor.py:186} INFO - Started process (PID=504) to work on /app/dags/inference_monitoring_dag.py
[2025-11-09T10:51:55.332+0000] {processor.py:914} INFO - Processing file /app/dags/inference_monitoring_dag.py for tasks to queue
[2025-11-09T10:51:55.335+0000] {logging_mixin.py:190} INFO - [2025-11-09T10:51:55.334+0000] {dagbag.py:588} INFO - Filling up the DagBag from /app/dags/inference_monitoring_dag.py
[2025-11-09T10:51:55.353+0000] {processor.py:925} INFO - DAG(s) 'scheduled_training_dag' retrieved from /app/dags/inference_monitoring_dag.py
[2025-11-09T10:51:55.375+0000] {logging_mixin.py:190} INFO - [2025-11-09T10:51:55.374+0000] {dag.py:3239} INFO - Sync 1 DAGs
[2025-11-09T10:51:55.392+0000] {logging_mixin.py:190} INFO - [2025-11-09T10:51:55.392+0000] {dag.py:4180} INFO - Setting next_dagrun for scheduled_training_dag to 2025-01-01 00:00:00+00:00, run_after=2025-01-01 00:00:00+00:00
[2025-11-09T10:51:55.431+0000] {processor.py:208} INFO - Processing /app/dags/inference_monitoring_dag.py took 0.104 seconds
[2025-11-09T10:52:25.752+0000] {processor.py:186} INFO - Started process (PID=507) to work on /app/dags/inference_monitoring_dag.py
[2025-11-09T10:52:25.753+0000] {processor.py:914} INFO - Processing file /app/dags/inference_monitoring_dag.py for tasks to queue
[2025-11-09T10:52:25.756+0000] {logging_mixin.py:190} INFO - [2025-11-09T10:52:25.755+0000] {dagbag.py:588} INFO - Filling up the DagBag from /app/dags/inference_monitoring_dag.py
[2025-11-09T10:52:25.773+0000] {processor.py:925} INFO - DAG(s) 'scheduled_training_dag' retrieved from /app/dags/inference_monitoring_dag.py
[2025-11-09T10:52:25.804+0000] {logging_mixin.py:190} INFO - [2025-11-09T10:52:25.804+0000] {dag.py:3239} INFO - Sync 1 DAGs
[2025-11-09T10:52:25.828+0000] {logging_mixin.py:190} INFO - [2025-11-09T10:52:25.828+0000] {dag.py:4180} INFO - Setting next_dagrun for scheduled_training_dag to 2025-01-01 00:00:00+00:00, run_after=2025-01-01 00:00:00+00:00
[2025-11-09T10:52:25.880+0000] {processor.py:208} INFO - Processing /app/dags/inference_monitoring_dag.py took 0.132 seconds
[2025-11-09T10:52:57.934+0000] {processor.py:186} INFO - Started process (PID=703) to work on /app/dags/inference_monitoring_dag.py
[2025-11-09T10:52:57.935+0000] {processor.py:914} INFO - Processing file /app/dags/inference_monitoring_dag.py for tasks to queue
[2025-11-09T10:52:57.937+0000] {logging_mixin.py:190} INFO - [2025-11-09T10:52:57.937+0000] {dagbag.py:588} INFO - Filling up the DagBag from /app/dags/inference_monitoring_dag.py
[2025-11-09T10:52:57.956+0000] {processor.py:925} INFO - DAG(s) 'scheduled_training_dag' retrieved from /app/dags/inference_monitoring_dag.py
[2025-11-09T10:52:57.980+0000] {logging_mixin.py:190} INFO - [2025-11-09T10:52:57.980+0000] {dag.py:3239} INFO - Sync 1 DAGs
[2025-11-09T10:52:58.002+0000] {logging_mixin.py:190} INFO - [2025-11-09T10:52:58.002+0000] {dag.py:4180} INFO - Setting next_dagrun for scheduled_training_dag to None, run_after=None
[2025-11-09T10:52:58.047+0000] {processor.py:208} INFO - Processing /app/dags/inference_monitoring_dag.py took 0.118 seconds
[2025-11-09T10:53:28.973+0000] {processor.py:186} INFO - Started process (PID=1192) to work on /app/dags/inference_monitoring_dag.py
[2025-11-09T10:53:28.974+0000] {processor.py:914} INFO - Processing file /app/dags/inference_monitoring_dag.py for tasks to queue
[2025-11-09T10:53:28.977+0000] {logging_mixin.py:190} INFO - [2025-11-09T10:53:28.977+0000] {dagbag.py:588} INFO - Filling up the DagBag from /app/dags/inference_monitoring_dag.py
[2025-11-09T10:53:29.000+0000] {processor.py:925} INFO - DAG(s) 'scheduled_training_dag' retrieved from /app/dags/inference_monitoring_dag.py
[2025-11-09T10:53:29.025+0000] {logging_mixin.py:190} INFO - [2025-11-09T10:53:29.025+0000] {dag.py:3239} INFO - Sync 1 DAGs
[2025-11-09T10:53:29.047+0000] {logging_mixin.py:190} INFO - [2025-11-09T10:53:29.046+0000] {dag.py:4180} INFO - Setting next_dagrun for scheduled_training_dag to None, run_after=None
[2025-11-09T10:53:29.094+0000] {processor.py:208} INFO - Processing /app/dags/inference_monitoring_dag.py took 0.127 seconds
[2025-11-09T10:53:59.955+0000] {processor.py:186} INFO - Started process (PID=1194) to work on /app/dags/inference_monitoring_dag.py
[2025-11-09T10:53:59.956+0000] {processor.py:914} INFO - Processing file /app/dags/inference_monitoring_dag.py for tasks to queue
[2025-11-09T10:53:59.958+0000] {logging_mixin.py:190} INFO - [2025-11-09T10:53:59.958+0000] {dagbag.py:588} INFO - Filling up the DagBag from /app/dags/inference_monitoring_dag.py
[2025-11-09T10:53:59.989+0000] {processor.py:925} INFO - DAG(s) 'scheduled_training_dag' retrieved from /app/dags/inference_monitoring_dag.py
[2025-11-09T10:54:00.014+0000] {logging_mixin.py:190} INFO - [2025-11-09T10:54:00.014+0000] {dag.py:3239} INFO - Sync 1 DAGs
[2025-11-09T10:54:00.034+0000] {logging_mixin.py:190} INFO - [2025-11-09T10:54:00.034+0000] {dag.py:4180} INFO - Setting next_dagrun for scheduled_training_dag to None, run_after=None
[2025-11-09T10:54:00.079+0000] {processor.py:208} INFO - Processing /app/dags/inference_monitoring_dag.py took 0.130 seconds
[2025-11-09T10:54:30.967+0000] {processor.py:186} INFO - Started process (PID=1196) to work on /app/dags/inference_monitoring_dag.py
[2025-11-09T10:54:30.968+0000] {processor.py:914} INFO - Processing file /app/dags/inference_monitoring_dag.py for tasks to queue
[2025-11-09T10:54:30.971+0000] {logging_mixin.py:190} INFO - [2025-11-09T10:54:30.971+0000] {dagbag.py:588} INFO - Filling up the DagBag from /app/dags/inference_monitoring_dag.py
[2025-11-09T10:54:30.986+0000] {processor.py:925} INFO - DAG(s) 'scheduled_training_dag' retrieved from /app/dags/inference_monitoring_dag.py
[2025-11-09T10:54:31.013+0000] {logging_mixin.py:190} INFO - [2025-11-09T10:54:31.013+0000] {dag.py:3239} INFO - Sync 1 DAGs
[2025-11-09T10:54:31.045+0000] {logging_mixin.py:190} INFO - [2025-11-09T10:54:31.045+0000] {dag.py:4180} INFO - Setting next_dagrun for scheduled_training_dag to None, run_after=None
[2025-11-09T10:54:31.089+0000] {processor.py:208} INFO - Processing /app/dags/inference_monitoring_dag.py took 0.127 seconds
[2025-11-09T10:55:10.437+0000] {processor.py:186} INFO - Started process (PID=1632) to work on /app/dags/inference_monitoring_dag.py
[2025-11-09T10:55:10.438+0000] {processor.py:914} INFO - Processing file /app/dags/inference_monitoring_dag.py for tasks to queue
[2025-11-09T10:55:10.441+0000] {logging_mixin.py:190} INFO - [2025-11-09T10:55:10.441+0000] {dagbag.py:588} INFO - Filling up the DagBag from /app/dags/inference_monitoring_dag.py
[2025-11-09T10:55:10.466+0000] {processor.py:925} INFO - DAG(s) 'scheduled_training_dag' retrieved from /app/dags/inference_monitoring_dag.py
[2025-11-09T10:55:10.497+0000] {logging_mixin.py:190} INFO - [2025-11-09T10:55:10.497+0000] {dag.py:3239} INFO - Sync 1 DAGs
[2025-11-09T10:55:10.520+0000] {logging_mixin.py:190} INFO - [2025-11-09T10:55:10.520+0000] {dag.py:4180} INFO - Setting next_dagrun for scheduled_training_dag to None, run_after=None
[2025-11-09T10:55:10.574+0000] {processor.py:208} INFO - Processing /app/dags/inference_monitoring_dag.py took 0.143 seconds
[2025-11-09T10:55:40.669+0000] {processor.py:186} INFO - Started process (PID=1634) to work on /app/dags/inference_monitoring_dag.py
[2025-11-09T10:55:40.670+0000] {processor.py:914} INFO - Processing file /app/dags/inference_monitoring_dag.py for tasks to queue
[2025-11-09T10:55:40.673+0000] {logging_mixin.py:190} INFO - [2025-11-09T10:55:40.673+0000] {dagbag.py:588} INFO - Filling up the DagBag from /app/dags/inference_monitoring_dag.py
[2025-11-09T10:55:40.695+0000] {processor.py:925} INFO - DAG(s) 'scheduled_training_dag' retrieved from /app/dags/inference_monitoring_dag.py
[2025-11-09T10:55:40.726+0000] {logging_mixin.py:190} INFO - [2025-11-09T10:55:40.726+0000] {dag.py:3239} INFO - Sync 1 DAGs
[2025-11-09T10:55:40.754+0000] {logging_mixin.py:190} INFO - [2025-11-09T10:55:40.754+0000] {dag.py:4180} INFO - Setting next_dagrun for scheduled_training_dag to None, run_after=None
[2025-11-09T10:55:40.803+0000] {processor.py:208} INFO - Processing /app/dags/inference_monitoring_dag.py took 0.141 seconds
[2025-11-09T10:56:11.204+0000] {processor.py:186} INFO - Started process (PID=1636) to work on /app/dags/inference_monitoring_dag.py
[2025-11-09T10:56:11.205+0000] {processor.py:914} INFO - Processing file /app/dags/inference_monitoring_dag.py for tasks to queue
[2025-11-09T10:56:11.207+0000] {logging_mixin.py:190} INFO - [2025-11-09T10:56:11.206+0000] {dagbag.py:588} INFO - Filling up the DagBag from /app/dags/inference_monitoring_dag.py
[2025-11-09T10:56:11.224+0000] {processor.py:925} INFO - DAG(s) 'scheduled_training_dag' retrieved from /app/dags/inference_monitoring_dag.py
[2025-11-09T10:56:11.249+0000] {logging_mixin.py:190} INFO - [2025-11-09T10:56:11.248+0000] {dag.py:3239} INFO - Sync 1 DAGs
[2025-11-09T10:56:11.271+0000] {logging_mixin.py:190} INFO - [2025-11-09T10:56:11.271+0000] {dag.py:4180} INFO - Setting next_dagrun for scheduled_training_dag to None, run_after=None
[2025-11-09T10:56:11.311+0000] {processor.py:208} INFO - Processing /app/dags/inference_monitoring_dag.py took 0.112 seconds
[2025-11-09T10:56:41.785+0000] {processor.py:186} INFO - Started process (PID=1638) to work on /app/dags/inference_monitoring_dag.py
[2025-11-09T10:56:41.786+0000] {processor.py:914} INFO - Processing file /app/dags/inference_monitoring_dag.py for tasks to queue
[2025-11-09T10:56:41.790+0000] {logging_mixin.py:190} INFO - [2025-11-09T10:56:41.790+0000] {dagbag.py:588} INFO - Filling up the DagBag from /app/dags/inference_monitoring_dag.py
[2025-11-09T10:56:41.807+0000] {processor.py:925} INFO - DAG(s) 'scheduled_training_dag' retrieved from /app/dags/inference_monitoring_dag.py
[2025-11-09T10:56:41.829+0000] {logging_mixin.py:190} INFO - [2025-11-09T10:56:41.829+0000] {dag.py:3239} INFO - Sync 1 DAGs
[2025-11-09T10:56:41.850+0000] {logging_mixin.py:190} INFO - [2025-11-09T10:56:41.850+0000] {dag.py:4180} INFO - Setting next_dagrun for scheduled_training_dag to None, run_after=None
[2025-11-09T10:56:41.898+0000] {processor.py:208} INFO - Processing /app/dags/inference_monitoring_dag.py took 0.118 seconds
[2025-11-09T10:57:26.688+0000] {processor.py:186} INFO - Started process (PID=2104) to work on /app/dags/inference_monitoring_dag.py
[2025-11-09T10:57:26.690+0000] {processor.py:914} INFO - Processing file /app/dags/inference_monitoring_dag.py for tasks to queue
[2025-11-09T10:57:26.692+0000] {logging_mixin.py:190} INFO - [2025-11-09T10:57:26.692+0000] {dagbag.py:588} INFO - Filling up the DagBag from /app/dags/inference_monitoring_dag.py
[2025-11-09T10:57:26.709+0000] {processor.py:925} INFO - DAG(s) 'scheduled_training_dag' retrieved from /app/dags/inference_monitoring_dag.py
[2025-11-09T10:57:26.737+0000] {logging_mixin.py:190} INFO - [2025-11-09T10:57:26.736+0000] {dag.py:3239} INFO - Sync 1 DAGs
[2025-11-09T10:57:26.761+0000] {logging_mixin.py:190} INFO - [2025-11-09T10:57:26.761+0000] {dag.py:4180} INFO - Setting next_dagrun for scheduled_training_dag to None, run_after=None
[2025-11-09T10:57:26.810+0000] {processor.py:208} INFO - Processing /app/dags/inference_monitoring_dag.py took 0.127 seconds
[2025-11-09T10:57:57.820+0000] {processor.py:186} INFO - Started process (PID=2106) to work on /app/dags/inference_monitoring_dag.py
[2025-11-09T10:57:57.821+0000] {processor.py:914} INFO - Processing file /app/dags/inference_monitoring_dag.py for tasks to queue
[2025-11-09T10:57:57.823+0000] {logging_mixin.py:190} INFO - [2025-11-09T10:57:57.822+0000] {dagbag.py:588} INFO - Filling up the DagBag from /app/dags/inference_monitoring_dag.py
[2025-11-09T10:57:57.839+0000] {processor.py:925} INFO - DAG(s) 'scheduled_training_dag' retrieved from /app/dags/inference_monitoring_dag.py
[2025-11-09T10:57:57.867+0000] {logging_mixin.py:190} INFO - [2025-11-09T10:57:57.867+0000] {dag.py:3239} INFO - Sync 1 DAGs
[2025-11-09T10:57:57.886+0000] {logging_mixin.py:190} INFO - [2025-11-09T10:57:57.886+0000] {dag.py:4180} INFO - Setting next_dagrun for scheduled_training_dag to None, run_after=None
[2025-11-09T10:57:57.923+0000] {processor.py:208} INFO - Processing /app/dags/inference_monitoring_dag.py took 0.108 seconds
[2025-11-09T10:58:28.313+0000] {processor.py:186} INFO - Started process (PID=2288) to work on /app/dags/inference_monitoring_dag.py
[2025-11-09T10:58:28.314+0000] {processor.py:914} INFO - Processing file /app/dags/inference_monitoring_dag.py for tasks to queue
[2025-11-09T10:58:28.317+0000] {logging_mixin.py:190} INFO - [2025-11-09T10:58:28.317+0000] {dagbag.py:588} INFO - Filling up the DagBag from /app/dags/inference_monitoring_dag.py
[2025-11-09T10:58:28.332+0000] {processor.py:925} INFO - DAG(s) 'scheduled_training_dag' retrieved from /app/dags/inference_monitoring_dag.py
[2025-11-09T10:58:28.356+0000] {logging_mixin.py:190} INFO - [2025-11-09T10:58:28.355+0000] {dag.py:3239} INFO - Sync 1 DAGs
[2025-11-09T10:58:28.372+0000] {logging_mixin.py:190} INFO - [2025-11-09T10:58:28.372+0000] {dag.py:4180} INFO - Setting next_dagrun for scheduled_training_dag to None, run_after=None
[2025-11-09T10:58:28.411+0000] {processor.py:208} INFO - Processing /app/dags/inference_monitoring_dag.py took 0.104 seconds
[2025-11-09T10:58:58.972+0000] {processor.py:186} INFO - Started process (PID=2290) to work on /app/dags/inference_monitoring_dag.py
[2025-11-09T10:58:58.973+0000] {processor.py:914} INFO - Processing file /app/dags/inference_monitoring_dag.py for tasks to queue
[2025-11-09T10:58:58.975+0000] {logging_mixin.py:190} INFO - [2025-11-09T10:58:58.975+0000] {dagbag.py:588} INFO - Filling up the DagBag from /app/dags/inference_monitoring_dag.py
[2025-11-09T10:58:58.992+0000] {processor.py:925} INFO - DAG(s) 'scheduled_training_dag' retrieved from /app/dags/inference_monitoring_dag.py
[2025-11-09T10:58:59.018+0000] {logging_mixin.py:190} INFO - [2025-11-09T10:58:59.017+0000] {dag.py:3239} INFO - Sync 1 DAGs
[2025-11-09T10:58:59.035+0000] {logging_mixin.py:190} INFO - [2025-11-09T10:58:59.035+0000] {dag.py:4180} INFO - Setting next_dagrun for scheduled_training_dag to None, run_after=None
[2025-11-09T10:58:59.076+0000] {processor.py:208} INFO - Processing /app/dags/inference_monitoring_dag.py took 0.109 seconds
[2025-11-09T10:59:29.975+0000] {processor.py:186} INFO - Started process (PID=2292) to work on /app/dags/inference_monitoring_dag.py
[2025-11-09T10:59:29.976+0000] {processor.py:914} INFO - Processing file /app/dags/inference_monitoring_dag.py for tasks to queue
[2025-11-09T10:59:29.978+0000] {logging_mixin.py:190} INFO - [2025-11-09T10:59:29.978+0000] {dagbag.py:588} INFO - Filling up the DagBag from /app/dags/inference_monitoring_dag.py
[2025-11-09T10:59:29.994+0000] {processor.py:925} INFO - DAG(s) 'scheduled_training_dag' retrieved from /app/dags/inference_monitoring_dag.py
[2025-11-09T10:59:30.017+0000] {logging_mixin.py:190} INFO - [2025-11-09T10:59:30.017+0000] {dag.py:3239} INFO - Sync 1 DAGs
[2025-11-09T10:59:30.036+0000] {logging_mixin.py:190} INFO - [2025-11-09T10:59:30.035+0000] {dag.py:4180} INFO - Setting next_dagrun for scheduled_training_dag to None, run_after=None
[2025-11-09T10:59:30.078+0000] {processor.py:208} INFO - Processing /app/dags/inference_monitoring_dag.py took 0.108 seconds
[2025-11-09T11:00:00.773+0000] {processor.py:186} INFO - Started process (PID=2294) to work on /app/dags/inference_monitoring_dag.py
[2025-11-09T11:00:00.775+0000] {processor.py:914} INFO - Processing file /app/dags/inference_monitoring_dag.py for tasks to queue
[2025-11-09T11:00:00.778+0000] {logging_mixin.py:190} INFO - [2025-11-09T11:00:00.777+0000] {dagbag.py:588} INFO - Filling up the DagBag from /app/dags/inference_monitoring_dag.py
[2025-11-09T11:00:00.803+0000] {processor.py:925} INFO - DAG(s) 'scheduled_training_dag' retrieved from /app/dags/inference_monitoring_dag.py
[2025-11-09T11:00:00.838+0000] {logging_mixin.py:190} INFO - [2025-11-09T11:00:00.838+0000] {dag.py:3239} INFO - Sync 1 DAGs
[2025-11-09T11:00:00.860+0000] {logging_mixin.py:190} INFO - [2025-11-09T11:00:00.860+0000] {dag.py:4180} INFO - Setting next_dagrun for scheduled_training_dag to None, run_after=None
[2025-11-09T11:00:00.911+0000] {processor.py:208} INFO - Processing /app/dags/inference_monitoring_dag.py took 0.144 seconds
[2025-11-09T11:01:08.529+0000] {processor.py:186} INFO - Started process (PID=3300) to work on /app/dags/inference_monitoring_dag.py
[2025-11-09T11:01:08.531+0000] {processor.py:914} INFO - Processing file /app/dags/inference_monitoring_dag.py for tasks to queue
[2025-11-09T11:01:08.533+0000] {logging_mixin.py:190} INFO - [2025-11-09T11:01:08.533+0000] {dagbag.py:588} INFO - Filling up the DagBag from /app/dags/inference_monitoring_dag.py
[2025-11-09T11:01:08.557+0000] {processor.py:925} INFO - DAG(s) 'scheduled_training_dag' retrieved from /app/dags/inference_monitoring_dag.py
[2025-11-09T11:01:08.590+0000] {logging_mixin.py:190} INFO - [2025-11-09T11:01:08.589+0000] {dag.py:3239} INFO - Sync 1 DAGs
[2025-11-09T11:01:08.624+0000] {logging_mixin.py:190} INFO - [2025-11-09T11:01:08.624+0000] {dag.py:4180} INFO - Setting next_dagrun for scheduled_training_dag to None, run_after=None
[2025-11-09T11:01:08.688+0000] {processor.py:208} INFO - Processing /app/dags/inference_monitoring_dag.py took 0.165 seconds
[2025-11-09T11:01:39.127+0000] {processor.py:186} INFO - Started process (PID=3317) to work on /app/dags/inference_monitoring_dag.py
[2025-11-09T11:01:39.129+0000] {processor.py:914} INFO - Processing file /app/dags/inference_monitoring_dag.py for tasks to queue
[2025-11-09T11:01:39.131+0000] {logging_mixin.py:190} INFO - [2025-11-09T11:01:39.130+0000] {dagbag.py:588} INFO - Filling up the DagBag from /app/dags/inference_monitoring_dag.py
[2025-11-09T11:01:39.149+0000] {processor.py:925} INFO - DAG(s) 'scheduled_training_dag' retrieved from /app/dags/inference_monitoring_dag.py
[2025-11-09T11:01:39.171+0000] {logging_mixin.py:190} INFO - [2025-11-09T11:01:39.171+0000] {dag.py:3239} INFO - Sync 1 DAGs
[2025-11-09T11:01:39.190+0000] {logging_mixin.py:190} INFO - [2025-11-09T11:01:39.190+0000] {dag.py:4180} INFO - Setting next_dagrun for scheduled_training_dag to None, run_after=None
[2025-11-09T11:01:39.231+0000] {processor.py:208} INFO - Processing /app/dags/inference_monitoring_dag.py took 0.109 seconds
[2025-11-09T11:02:10.071+0000] {processor.py:186} INFO - Started process (PID=3319) to work on /app/dags/inference_monitoring_dag.py
[2025-11-09T11:02:10.072+0000] {processor.py:914} INFO - Processing file /app/dags/inference_monitoring_dag.py for tasks to queue
[2025-11-09T11:02:10.074+0000] {logging_mixin.py:190} INFO - [2025-11-09T11:02:10.073+0000] {dagbag.py:588} INFO - Filling up the DagBag from /app/dags/inference_monitoring_dag.py
[2025-11-09T11:02:10.091+0000] {processor.py:925} INFO - DAG(s) 'scheduled_training_dag' retrieved from /app/dags/inference_monitoring_dag.py
[2025-11-09T11:02:10.117+0000] {logging_mixin.py:190} INFO - [2025-11-09T11:02:10.117+0000] {dag.py:3239} INFO - Sync 1 DAGs
[2025-11-09T11:02:10.137+0000] {logging_mixin.py:190} INFO - [2025-11-09T11:02:10.137+0000] {dag.py:4180} INFO - Setting next_dagrun for scheduled_training_dag to None, run_after=None
[2025-11-09T11:02:10.182+0000] {processor.py:208} INFO - Processing /app/dags/inference_monitoring_dag.py took 0.117 seconds
[2025-11-09T11:02:40.401+0000] {processor.py:186} INFO - Started process (PID=3321) to work on /app/dags/inference_monitoring_dag.py
[2025-11-09T11:02:40.403+0000] {processor.py:914} INFO - Processing file /app/dags/inference_monitoring_dag.py for tasks to queue
[2025-11-09T11:02:40.406+0000] {logging_mixin.py:190} INFO - [2025-11-09T11:02:40.406+0000] {dagbag.py:588} INFO - Filling up the DagBag from /app/dags/inference_monitoring_dag.py
[2025-11-09T11:02:40.428+0000] {processor.py:925} INFO - DAG(s) 'scheduled_training_dag' retrieved from /app/dags/inference_monitoring_dag.py
[2025-11-09T11:02:40.460+0000] {logging_mixin.py:190} INFO - [2025-11-09T11:02:40.460+0000] {dag.py:3239} INFO - Sync 1 DAGs
[2025-11-09T11:02:40.486+0000] {logging_mixin.py:190} INFO - [2025-11-09T11:02:40.486+0000] {dag.py:4180} INFO - Setting next_dagrun for scheduled_training_dag to None, run_after=None
[2025-11-09T11:02:40.543+0000] {processor.py:208} INFO - Processing /app/dags/inference_monitoring_dag.py took 0.148 seconds
[2025-11-09T11:03:10.736+0000] {processor.py:186} INFO - Started process (PID=3323) to work on /app/dags/inference_monitoring_dag.py
[2025-11-09T11:03:10.737+0000] {processor.py:914} INFO - Processing file /app/dags/inference_monitoring_dag.py for tasks to queue
[2025-11-09T11:03:10.739+0000] {logging_mixin.py:190} INFO - [2025-11-09T11:03:10.739+0000] {dagbag.py:588} INFO - Filling up the DagBag from /app/dags/inference_monitoring_dag.py
[2025-11-09T11:03:10.756+0000] {processor.py:925} INFO - DAG(s) 'scheduled_training_dag' retrieved from /app/dags/inference_monitoring_dag.py
[2025-11-09T11:03:10.782+0000] {logging_mixin.py:190} INFO - [2025-11-09T11:03:10.782+0000] {dag.py:3239} INFO - Sync 1 DAGs
[2025-11-09T11:03:10.803+0000] {logging_mixin.py:190} INFO - [2025-11-09T11:03:10.802+0000] {dag.py:4180} INFO - Setting next_dagrun for scheduled_training_dag to None, run_after=None
[2025-11-09T11:03:10.843+0000] {processor.py:208} INFO - Processing /app/dags/inference_monitoring_dag.py took 0.112 seconds
[2025-11-09T11:06:13.664+0000] {processor.py:186} INFO - Started process (PID=6930) to work on /app/dags/inference_monitoring_dag.py
[2025-11-09T11:06:13.665+0000] {processor.py:914} INFO - Processing file /app/dags/inference_monitoring_dag.py for tasks to queue
[2025-11-09T11:06:13.667+0000] {logging_mixin.py:190} INFO - [2025-11-09T11:06:13.666+0000] {dagbag.py:588} INFO - Filling up the DagBag from /app/dags/inference_monitoring_dag.py
[2025-11-09T11:06:13.683+0000] {processor.py:925} INFO - DAG(s) 'scheduled_training_dag' retrieved from /app/dags/inference_monitoring_dag.py
[2025-11-09T11:06:13.712+0000] {logging_mixin.py:190} INFO - [2025-11-09T11:06:13.712+0000] {dag.py:3239} INFO - Sync 1 DAGs
[2025-11-09T11:06:13.734+0000] {logging_mixin.py:190} INFO - [2025-11-09T11:06:13.734+0000] {dag.py:4180} INFO - Setting next_dagrun for scheduled_training_dag to None, run_after=None
[2025-11-09T11:06:13.779+0000] {processor.py:208} INFO - Processing /app/dags/inference_monitoring_dag.py took 0.122 seconds
[2025-11-09T11:06:44.974+0000] {processor.py:186} INFO - Started process (PID=6932) to work on /app/dags/inference_monitoring_dag.py
[2025-11-09T11:06:44.975+0000] {processor.py:914} INFO - Processing file /app/dags/inference_monitoring_dag.py for tasks to queue
[2025-11-09T11:06:44.976+0000] {logging_mixin.py:190} INFO - [2025-11-09T11:06:44.976+0000] {dagbag.py:588} INFO - Filling up the DagBag from /app/dags/inference_monitoring_dag.py
[2025-11-09T11:06:44.992+0000] {processor.py:925} INFO - DAG(s) 'scheduled_training_dag' retrieved from /app/dags/inference_monitoring_dag.py
[2025-11-09T11:06:45.016+0000] {logging_mixin.py:190} INFO - [2025-11-09T11:06:45.016+0000] {dag.py:3239} INFO - Sync 1 DAGs
[2025-11-09T11:06:45.032+0000] {logging_mixin.py:190} INFO - [2025-11-09T11:06:45.032+0000] {dag.py:4180} INFO - Setting next_dagrun for scheduled_training_dag to None, run_after=None
[2025-11-09T11:06:45.074+0000] {processor.py:208} INFO - Processing /app/dags/inference_monitoring_dag.py took 0.105 seconds
[2025-11-09T11:07:15.638+0000] {processor.py:186} INFO - Started process (PID=6934) to work on /app/dags/inference_monitoring_dag.py
[2025-11-09T11:07:15.639+0000] {processor.py:914} INFO - Processing file /app/dags/inference_monitoring_dag.py for tasks to queue
[2025-11-09T11:07:15.641+0000] {logging_mixin.py:190} INFO - [2025-11-09T11:07:15.641+0000] {dagbag.py:588} INFO - Filling up the DagBag from /app/dags/inference_monitoring_dag.py
[2025-11-09T11:07:15.655+0000] {processor.py:925} INFO - DAG(s) 'scheduled_training_dag' retrieved from /app/dags/inference_monitoring_dag.py
[2025-11-09T11:07:15.683+0000] {logging_mixin.py:190} INFO - [2025-11-09T11:07:15.682+0000] {dag.py:3239} INFO - Sync 1 DAGs
[2025-11-09T11:07:15.702+0000] {logging_mixin.py:190} INFO - [2025-11-09T11:07:15.702+0000] {dag.py:4180} INFO - Setting next_dagrun for scheduled_training_dag to None, run_after=None
[2025-11-09T11:07:15.740+0000] {processor.py:208} INFO - Processing /app/dags/inference_monitoring_dag.py took 0.108 seconds
[2025-11-09T11:07:46.285+0000] {processor.py:186} INFO - Started process (PID=6936) to work on /app/dags/inference_monitoring_dag.py
[2025-11-09T11:07:46.287+0000] {processor.py:914} INFO - Processing file /app/dags/inference_monitoring_dag.py for tasks to queue
[2025-11-09T11:07:46.288+0000] {logging_mixin.py:190} INFO - [2025-11-09T11:07:46.287+0000] {dagbag.py:588} INFO - Filling up the DagBag from /app/dags/inference_monitoring_dag.py
[2025-11-09T11:07:46.301+0000] {processor.py:925} INFO - DAG(s) 'scheduled_training_dag' retrieved from /app/dags/inference_monitoring_dag.py
[2025-11-09T11:07:46.334+0000] {logging_mixin.py:190} INFO - [2025-11-09T11:07:46.334+0000] {dag.py:3239} INFO - Sync 1 DAGs
[2025-11-09T11:07:46.351+0000] {logging_mixin.py:190} INFO - [2025-11-09T11:07:46.350+0000] {dag.py:4180} INFO - Setting next_dagrun for scheduled_training_dag to None, run_after=None
[2025-11-09T11:07:46.390+0000] {processor.py:208} INFO - Processing /app/dags/inference_monitoring_dag.py took 0.110 seconds
[2025-11-09T11:08:16.924+0000] {processor.py:186} INFO - Started process (PID=6938) to work on /app/dags/inference_monitoring_dag.py
[2025-11-09T11:08:16.925+0000] {processor.py:914} INFO - Processing file /app/dags/inference_monitoring_dag.py for tasks to queue
[2025-11-09T11:08:16.927+0000] {logging_mixin.py:190} INFO - [2025-11-09T11:08:16.926+0000] {dagbag.py:588} INFO - Filling up the DagBag from /app/dags/inference_monitoring_dag.py
[2025-11-09T11:08:16.943+0000] {processor.py:925} INFO - DAG(s) 'scheduled_training_dag' retrieved from /app/dags/inference_monitoring_dag.py
[2025-11-09T11:08:16.986+0000] {logging_mixin.py:190} INFO - [2025-11-09T11:08:16.986+0000] {dag.py:3239} INFO - Sync 1 DAGs
[2025-11-09T11:08:17.007+0000] {logging_mixin.py:190} INFO - [2025-11-09T11:08:17.007+0000] {dag.py:4180} INFO - Setting next_dagrun for scheduled_training_dag to None, run_after=None
[2025-11-09T11:08:17.047+0000] {processor.py:208} INFO - Processing /app/dags/inference_monitoring_dag.py took 0.130 seconds
[2025-11-09T11:08:47.483+0000] {processor.py:186} INFO - Started process (PID=6940) to work on /app/dags/inference_monitoring_dag.py
[2025-11-09T11:08:47.484+0000] {processor.py:914} INFO - Processing file /app/dags/inference_monitoring_dag.py for tasks to queue
[2025-11-09T11:08:47.485+0000] {logging_mixin.py:190} INFO - [2025-11-09T11:08:47.485+0000] {dagbag.py:588} INFO - Filling up the DagBag from /app/dags/inference_monitoring_dag.py
[2025-11-09T11:08:47.503+0000] {processor.py:925} INFO - DAG(s) 'scheduled_training_dag' retrieved from /app/dags/inference_monitoring_dag.py
[2025-11-09T11:08:47.530+0000] {logging_mixin.py:190} INFO - [2025-11-09T11:08:47.530+0000] {dag.py:3239} INFO - Sync 1 DAGs
[2025-11-09T11:08:47.554+0000] {logging_mixin.py:190} INFO - [2025-11-09T11:08:47.554+0000] {dag.py:4180} INFO - Setting next_dagrun for scheduled_training_dag to None, run_after=None
[2025-11-09T11:08:47.605+0000] {processor.py:208} INFO - Processing /app/dags/inference_monitoring_dag.py took 0.127 seconds
[2025-11-09T11:09:18.238+0000] {processor.py:186} INFO - Started process (PID=6942) to work on /app/dags/inference_monitoring_dag.py
[2025-11-09T11:09:18.239+0000] {processor.py:914} INFO - Processing file /app/dags/inference_monitoring_dag.py for tasks to queue
[2025-11-09T11:09:18.240+0000] {logging_mixin.py:190} INFO - [2025-11-09T11:09:18.240+0000] {dagbag.py:588} INFO - Filling up the DagBag from /app/dags/inference_monitoring_dag.py
[2025-11-09T11:09:18.255+0000] {processor.py:925} INFO - DAG(s) 'scheduled_training_dag' retrieved from /app/dags/inference_monitoring_dag.py
[2025-11-09T11:09:18.283+0000] {logging_mixin.py:190} INFO - [2025-11-09T11:09:18.283+0000] {dag.py:3239} INFO - Sync 1 DAGs
[2025-11-09T11:09:18.302+0000] {logging_mixin.py:190} INFO - [2025-11-09T11:09:18.302+0000] {dag.py:4180} INFO - Setting next_dagrun for scheduled_training_dag to None, run_after=None
[2025-11-09T11:09:18.351+0000] {processor.py:208} INFO - Processing /app/dags/inference_monitoring_dag.py took 0.118 seconds
[2025-11-09T11:09:49.031+0000] {processor.py:186} INFO - Started process (PID=7370) to work on /app/dags/inference_monitoring_dag.py
[2025-11-09T11:09:49.033+0000] {processor.py:914} INFO - Processing file /app/dags/inference_monitoring_dag.py for tasks to queue
[2025-11-09T11:09:49.034+0000] {logging_mixin.py:190} INFO - [2025-11-09T11:09:49.034+0000] {dagbag.py:588} INFO - Filling up the DagBag from /app/dags/inference_monitoring_dag.py
[2025-11-09T11:09:49.050+0000] {processor.py:925} INFO - DAG(s) 'scheduled_training_dag' retrieved from /app/dags/inference_monitoring_dag.py
[2025-11-09T11:09:49.079+0000] {logging_mixin.py:190} INFO - [2025-11-09T11:09:49.079+0000] {dag.py:3239} INFO - Sync 1 DAGs
[2025-11-09T11:09:49.101+0000] {logging_mixin.py:190} INFO - [2025-11-09T11:09:49.101+0000] {dag.py:4180} INFO - Setting next_dagrun for scheduled_training_dag to None, run_after=None
[2025-11-09T11:09:49.145+0000] {processor.py:208} INFO - Processing /app/dags/inference_monitoring_dag.py took 0.120 seconds
[2025-11-09T11:10:20.028+0000] {processor.py:186} INFO - Started process (PID=7372) to work on /app/dags/inference_monitoring_dag.py
[2025-11-09T11:10:20.029+0000] {processor.py:914} INFO - Processing file /app/dags/inference_monitoring_dag.py for tasks to queue
[2025-11-09T11:10:20.031+0000] {logging_mixin.py:190} INFO - [2025-11-09T11:10:20.030+0000] {dagbag.py:588} INFO - Filling up the DagBag from /app/dags/inference_monitoring_dag.py
[2025-11-09T11:10:20.047+0000] {processor.py:925} INFO - DAG(s) 'scheduled_training_dag' retrieved from /app/dags/inference_monitoring_dag.py
[2025-11-09T11:10:20.082+0000] {logging_mixin.py:190} INFO - [2025-11-09T11:10:20.081+0000] {dag.py:3239} INFO - Sync 1 DAGs
[2025-11-09T11:10:20.103+0000] {logging_mixin.py:190} INFO - [2025-11-09T11:10:20.102+0000] {dag.py:4180} INFO - Setting next_dagrun for scheduled_training_dag to None, run_after=None
[2025-11-09T11:10:20.155+0000] {processor.py:208} INFO - Processing /app/dags/inference_monitoring_dag.py took 0.134 seconds
[2025-11-09T11:10:51.045+0000] {processor.py:186} INFO - Started process (PID=7374) to work on /app/dags/inference_monitoring_dag.py
[2025-11-09T11:10:51.046+0000] {processor.py:914} INFO - Processing file /app/dags/inference_monitoring_dag.py for tasks to queue
[2025-11-09T11:10:51.048+0000] {logging_mixin.py:190} INFO - [2025-11-09T11:10:51.047+0000] {dagbag.py:588} INFO - Filling up the DagBag from /app/dags/inference_monitoring_dag.py
[2025-11-09T11:10:51.062+0000] {processor.py:925} INFO - DAG(s) 'scheduled_training_dag' retrieved from /app/dags/inference_monitoring_dag.py
[2025-11-09T11:10:51.090+0000] {logging_mixin.py:190} INFO - [2025-11-09T11:10:51.090+0000] {dag.py:3239} INFO - Sync 1 DAGs
[2025-11-09T11:10:51.110+0000] {logging_mixin.py:190} INFO - [2025-11-09T11:10:51.109+0000] {dag.py:4180} INFO - Setting next_dagrun for scheduled_training_dag to None, run_after=None
[2025-11-09T11:10:51.156+0000] {processor.py:208} INFO - Processing /app/dags/inference_monitoring_dag.py took 0.118 seconds
[2025-11-09T11:11:21.471+0000] {processor.py:186} INFO - Started process (PID=7376) to work on /app/dags/inference_monitoring_dag.py
[2025-11-09T11:11:21.472+0000] {processor.py:914} INFO - Processing file /app/dags/inference_monitoring_dag.py for tasks to queue
[2025-11-09T11:11:21.474+0000] {logging_mixin.py:190} INFO - [2025-11-09T11:11:21.473+0000] {dagbag.py:588} INFO - Filling up the DagBag from /app/dags/inference_monitoring_dag.py
[2025-11-09T11:11:21.495+0000] {processor.py:925} INFO - DAG(s) 'scheduled_training_dag' retrieved from /app/dags/inference_monitoring_dag.py
[2025-11-09T11:11:21.531+0000] {logging_mixin.py:190} INFO - [2025-11-09T11:11:21.531+0000] {dag.py:3239} INFO - Sync 1 DAGs
[2025-11-09T11:11:21.553+0000] {logging_mixin.py:190} INFO - [2025-11-09T11:11:21.553+0000] {dag.py:4180} INFO - Setting next_dagrun for scheduled_training_dag to None, run_after=None
[2025-11-09T11:11:21.596+0000] {processor.py:208} INFO - Processing /app/dags/inference_monitoring_dag.py took 0.131 seconds
[2025-11-09T11:11:51.882+0000] {processor.py:186} INFO - Started process (PID=7378) to work on /app/dags/inference_monitoring_dag.py
[2025-11-09T11:11:51.883+0000] {processor.py:914} INFO - Processing file /app/dags/inference_monitoring_dag.py for tasks to queue
[2025-11-09T11:11:51.885+0000] {logging_mixin.py:190} INFO - [2025-11-09T11:11:51.884+0000] {dagbag.py:588} INFO - Filling up the DagBag from /app/dags/inference_monitoring_dag.py
[2025-11-09T11:11:51.899+0000] {processor.py:925} INFO - DAG(s) 'scheduled_training_dag' retrieved from /app/dags/inference_monitoring_dag.py
[2025-11-09T11:11:51.925+0000] {logging_mixin.py:190} INFO - [2025-11-09T11:11:51.925+0000] {dag.py:3239} INFO - Sync 1 DAGs
[2025-11-09T11:11:51.942+0000] {logging_mixin.py:190} INFO - [2025-11-09T11:11:51.942+0000] {dag.py:4180} INFO - Setting next_dagrun for scheduled_training_dag to None, run_after=None
[2025-11-09T11:11:51.987+0000] {processor.py:208} INFO - Processing /app/dags/inference_monitoring_dag.py took 0.111 seconds
[2025-11-09T11:12:22.261+0000] {processor.py:186} INFO - Started process (PID=7380) to work on /app/dags/inference_monitoring_dag.py
[2025-11-09T11:12:22.263+0000] {processor.py:914} INFO - Processing file /app/dags/inference_monitoring_dag.py for tasks to queue
[2025-11-09T11:12:22.264+0000] {logging_mixin.py:190} INFO - [2025-11-09T11:12:22.264+0000] {dagbag.py:588} INFO - Filling up the DagBag from /app/dags/inference_monitoring_dag.py
[2025-11-09T11:12:22.280+0000] {processor.py:925} INFO - DAG(s) 'scheduled_training_dag' retrieved from /app/dags/inference_monitoring_dag.py
[2025-11-09T11:12:22.312+0000] {logging_mixin.py:190} INFO - [2025-11-09T11:12:22.312+0000] {dag.py:3239} INFO - Sync 1 DAGs
[2025-11-09T11:12:22.336+0000] {logging_mixin.py:190} INFO - [2025-11-09T11:12:22.336+0000] {dag.py:4180} INFO - Setting next_dagrun for scheduled_training_dag to None, run_after=None
[2025-11-09T11:12:22.378+0000] {processor.py:208} INFO - Processing /app/dags/inference_monitoring_dag.py took 0.124 seconds
[2025-11-09T11:13:08.392+0000] {processor.py:186} INFO - Started process (PID=7860) to work on /app/dags/inference_monitoring_dag.py
[2025-11-09T11:13:08.393+0000] {processor.py:914} INFO - Processing file /app/dags/inference_monitoring_dag.py for tasks to queue
[2025-11-09T11:13:08.394+0000] {logging_mixin.py:190} INFO - [2025-11-09T11:13:08.393+0000] {dagbag.py:588} INFO - Filling up the DagBag from /app/dags/inference_monitoring_dag.py
[2025-11-09T11:13:08.408+0000] {processor.py:925} INFO - DAG(s) 'scheduled_training_dag' retrieved from /app/dags/inference_monitoring_dag.py
[2025-11-09T11:13:08.432+0000] {logging_mixin.py:190} INFO - [2025-11-09T11:13:08.432+0000] {dag.py:3239} INFO - Sync 1 DAGs
[2025-11-09T11:13:08.450+0000] {logging_mixin.py:190} INFO - [2025-11-09T11:13:08.450+0000] {dag.py:4180} INFO - Setting next_dagrun for scheduled_training_dag to None, run_after=None
[2025-11-09T11:13:08.491+0000] {processor.py:208} INFO - Processing /app/dags/inference_monitoring_dag.py took 0.105 seconds
[2025-11-09T11:19:41.075+0000] {processor.py:186} INFO - Started process (PID=15799) to work on /app/dags/inference_monitoring_dag.py
[2025-11-09T11:19:41.076+0000] {processor.py:914} INFO - Processing file /app/dags/inference_monitoring_dag.py for tasks to queue
[2025-11-09T11:19:41.077+0000] {logging_mixin.py:190} INFO - [2025-11-09T11:19:41.077+0000] {dagbag.py:588} INFO - Filling up the DagBag from /app/dags/inference_monitoring_dag.py
[2025-11-09T11:19:41.090+0000] {processor.py:925} INFO - DAG(s) 'scheduled_training_dag' retrieved from /app/dags/inference_monitoring_dag.py
[2025-11-09T11:19:41.114+0000] {logging_mixin.py:190} INFO - [2025-11-09T11:19:41.114+0000] {dag.py:3239} INFO - Sync 1 DAGs
[2025-11-09T11:19:41.130+0000] {logging_mixin.py:190} INFO - [2025-11-09T11:19:41.130+0000] {dag.py:4180} INFO - Setting next_dagrun for scheduled_training_dag to None, run_after=None
[2025-11-09T11:19:41.178+0000] {processor.py:208} INFO - Processing /app/dags/inference_monitoring_dag.py took 0.108 seconds
[2025-11-09T11:20:11.472+0000] {processor.py:186} INFO - Started process (PID=15801) to work on /app/dags/inference_monitoring_dag.py
[2025-11-09T11:20:11.473+0000] {processor.py:914} INFO - Processing file /app/dags/inference_monitoring_dag.py for tasks to queue
[2025-11-09T11:20:11.476+0000] {logging_mixin.py:190} INFO - [2025-11-09T11:20:11.475+0000] {dagbag.py:588} INFO - Filling up the DagBag from /app/dags/inference_monitoring_dag.py
[2025-11-09T11:20:11.500+0000] {processor.py:925} INFO - DAG(s) 'scheduled_training_dag' retrieved from /app/dags/inference_monitoring_dag.py
[2025-11-09T11:20:11.530+0000] {logging_mixin.py:190} INFO - [2025-11-09T11:20:11.529+0000] {dag.py:3239} INFO - Sync 1 DAGs
[2025-11-09T11:20:11.554+0000] {logging_mixin.py:190} INFO - [2025-11-09T11:20:11.554+0000] {dag.py:4180} INFO - Setting next_dagrun for scheduled_training_dag to None, run_after=None
[2025-11-09T11:20:11.600+0000] {processor.py:208} INFO - Processing /app/dags/inference_monitoring_dag.py took 0.134 seconds
[2025-11-09T11:20:42.337+0000] {processor.py:186} INFO - Started process (PID=15803) to work on /app/dags/inference_monitoring_dag.py
[2025-11-09T11:20:42.338+0000] {processor.py:914} INFO - Processing file /app/dags/inference_monitoring_dag.py for tasks to queue
[2025-11-09T11:20:42.339+0000] {logging_mixin.py:190} INFO - [2025-11-09T11:20:42.339+0000] {dagbag.py:588} INFO - Filling up the DagBag from /app/dags/inference_monitoring_dag.py
[2025-11-09T11:20:42.354+0000] {processor.py:925} INFO - DAG(s) 'scheduled_training_dag' retrieved from /app/dags/inference_monitoring_dag.py
[2025-11-09T11:20:42.379+0000] {logging_mixin.py:190} INFO - [2025-11-09T11:20:42.379+0000] {dag.py:3239} INFO - Sync 1 DAGs
[2025-11-09T11:20:42.397+0000] {logging_mixin.py:190} INFO - [2025-11-09T11:20:42.397+0000] {dag.py:4180} INFO - Setting next_dagrun for scheduled_training_dag to None, run_after=None
[2025-11-09T11:20:42.432+0000] {processor.py:208} INFO - Processing /app/dags/inference_monitoring_dag.py took 0.102 seconds
[2025-11-09T11:21:12.775+0000] {processor.py:186} INFO - Started process (PID=15805) to work on /app/dags/inference_monitoring_dag.py
[2025-11-09T11:21:12.777+0000] {processor.py:914} INFO - Processing file /app/dags/inference_monitoring_dag.py for tasks to queue
[2025-11-09T11:21:12.778+0000] {logging_mixin.py:190} INFO - [2025-11-09T11:21:12.778+0000] {dagbag.py:588} INFO - Filling up the DagBag from /app/dags/inference_monitoring_dag.py
[2025-11-09T11:21:12.792+0000] {processor.py:925} INFO - DAG(s) 'scheduled_training_dag' retrieved from /app/dags/inference_monitoring_dag.py
[2025-11-09T11:21:12.823+0000] {logging_mixin.py:190} INFO - [2025-11-09T11:21:12.823+0000] {dag.py:3239} INFO - Sync 1 DAGs
[2025-11-09T11:21:12.842+0000] {logging_mixin.py:190} INFO - [2025-11-09T11:21:12.842+0000] {dag.py:4180} INFO - Setting next_dagrun for scheduled_training_dag to None, run_after=None
[2025-11-09T11:21:12.883+0000] {processor.py:208} INFO - Processing /app/dags/inference_monitoring_dag.py took 0.114 seconds
[2025-11-09T11:21:43.770+0000] {processor.py:186} INFO - Started process (PID=15807) to work on /app/dags/inference_monitoring_dag.py
[2025-11-09T11:21:43.771+0000] {processor.py:914} INFO - Processing file /app/dags/inference_monitoring_dag.py for tasks to queue
[2025-11-09T11:21:43.773+0000] {logging_mixin.py:190} INFO - [2025-11-09T11:21:43.773+0000] {dagbag.py:588} INFO - Filling up the DagBag from /app/dags/inference_monitoring_dag.py
[2025-11-09T11:21:43.787+0000] {processor.py:925} INFO - DAG(s) 'scheduled_training_dag' retrieved from /app/dags/inference_monitoring_dag.py
[2025-11-09T11:21:43.828+0000] {logging_mixin.py:190} INFO - [2025-11-09T11:21:43.827+0000] {dag.py:3239} INFO - Sync 1 DAGs
[2025-11-09T11:21:43.854+0000] {logging_mixin.py:190} INFO - [2025-11-09T11:21:43.854+0000] {dag.py:4180} INFO - Setting next_dagrun for scheduled_training_dag to None, run_after=None
[2025-11-09T11:21:43.900+0000] {processor.py:208} INFO - Processing /app/dags/inference_monitoring_dag.py took 0.136 seconds
[2025-11-09T11:22:14.316+0000] {processor.py:186} INFO - Started process (PID=15809) to work on /app/dags/inference_monitoring_dag.py
[2025-11-09T11:22:14.317+0000] {processor.py:914} INFO - Processing file /app/dags/inference_monitoring_dag.py for tasks to queue
[2025-11-09T11:22:14.318+0000] {logging_mixin.py:190} INFO - [2025-11-09T11:22:14.318+0000] {dagbag.py:588} INFO - Filling up the DagBag from /app/dags/inference_monitoring_dag.py
[2025-11-09T11:22:14.331+0000] {processor.py:925} INFO - DAG(s) 'scheduled_training_dag' retrieved from /app/dags/inference_monitoring_dag.py
[2025-11-09T11:22:14.358+0000] {logging_mixin.py:190} INFO - [2025-11-09T11:22:14.358+0000] {dag.py:3239} INFO - Sync 1 DAGs
[2025-11-09T11:22:14.377+0000] {logging_mixin.py:190} INFO - [2025-11-09T11:22:14.377+0000] {dag.py:4180} INFO - Setting next_dagrun for scheduled_training_dag to None, run_after=None
[2025-11-09T11:22:14.420+0000] {processor.py:208} INFO - Processing /app/dags/inference_monitoring_dag.py took 0.110 seconds
[2025-11-09T11:23:24.921+0000] {processor.py:186} INFO - Started process (PID=17047) to work on /app/dags/inference_monitoring_dag.py
[2025-11-09T11:23:24.923+0000] {processor.py:914} INFO - Processing file /app/dags/inference_monitoring_dag.py for tasks to queue
[2025-11-09T11:23:24.924+0000] {logging_mixin.py:190} INFO - [2025-11-09T11:23:24.924+0000] {dagbag.py:588} INFO - Filling up the DagBag from /app/dags/inference_monitoring_dag.py
[2025-11-09T11:23:24.942+0000] {processor.py:925} INFO - DAG(s) 'scheduled_training_dag' retrieved from /app/dags/inference_monitoring_dag.py
[2025-11-09T11:23:24.975+0000] {logging_mixin.py:190} INFO - [2025-11-09T11:23:24.975+0000] {dag.py:3239} INFO - Sync 1 DAGs
[2025-11-09T11:23:24.996+0000] {logging_mixin.py:190} INFO - [2025-11-09T11:23:24.995+0000] {dag.py:4180} INFO - Setting next_dagrun for scheduled_training_dag to None, run_after=None
[2025-11-09T11:23:25.033+0000] {processor.py:208} INFO - Processing /app/dags/inference_monitoring_dag.py took 0.119 seconds
[2025-11-09T11:24:14.103+0000] {processor.py:186} INFO - Started process (PID=18224) to work on /app/dags/inference_monitoring_dag.py
[2025-11-09T11:24:14.104+0000] {processor.py:914} INFO - Processing file /app/dags/inference_monitoring_dag.py for tasks to queue
[2025-11-09T11:24:14.105+0000] {logging_mixin.py:190} INFO - [2025-11-09T11:24:14.105+0000] {dagbag.py:588} INFO - Filling up the DagBag from /app/dags/inference_monitoring_dag.py
[2025-11-09T11:24:14.118+0000] {processor.py:925} INFO - DAG(s) 'scheduled_training_dag' retrieved from /app/dags/inference_monitoring_dag.py
[2025-11-09T11:24:14.145+0000] {logging_mixin.py:190} INFO - [2025-11-09T11:24:14.145+0000] {dag.py:3239} INFO - Sync 1 DAGs
[2025-11-09T11:24:14.164+0000] {logging_mixin.py:190} INFO - [2025-11-09T11:24:14.164+0000] {dag.py:4180} INFO - Setting next_dagrun for scheduled_training_dag to None, run_after=None
[2025-11-09T11:24:14.210+0000] {processor.py:208} INFO - Processing /app/dags/inference_monitoring_dag.py took 0.113 seconds
[2025-11-09T11:24:44.407+0000] {processor.py:186} INFO - Started process (PID=18226) to work on /app/dags/inference_monitoring_dag.py
[2025-11-09T11:24:44.408+0000] {processor.py:914} INFO - Processing file /app/dags/inference_monitoring_dag.py for tasks to queue
[2025-11-09T11:24:44.410+0000] {logging_mixin.py:190} INFO - [2025-11-09T11:24:44.409+0000] {dagbag.py:588} INFO - Filling up the DagBag from /app/dags/inference_monitoring_dag.py
[2025-11-09T11:24:44.425+0000] {processor.py:925} INFO - DAG(s) 'scheduled_training_dag' retrieved from /app/dags/inference_monitoring_dag.py
[2025-11-09T11:24:44.452+0000] {logging_mixin.py:190} INFO - [2025-11-09T11:24:44.452+0000] {dag.py:3239} INFO - Sync 1 DAGs
[2025-11-09T11:24:44.468+0000] {logging_mixin.py:190} INFO - [2025-11-09T11:24:44.468+0000] {dag.py:4180} INFO - Setting next_dagrun for scheduled_training_dag to None, run_after=None
[2025-11-09T11:24:44.515+0000] {processor.py:208} INFO - Processing /app/dags/inference_monitoring_dag.py took 0.114 seconds
[2025-11-09T11:25:15.478+0000] {processor.py:186} INFO - Started process (PID=18228) to work on /app/dags/inference_monitoring_dag.py
[2025-11-09T11:25:15.479+0000] {processor.py:914} INFO - Processing file /app/dags/inference_monitoring_dag.py for tasks to queue
[2025-11-09T11:25:15.481+0000] {logging_mixin.py:190} INFO - [2025-11-09T11:25:15.481+0000] {dagbag.py:588} INFO - Filling up the DagBag from /app/dags/inference_monitoring_dag.py
[2025-11-09T11:25:15.499+0000] {processor.py:925} INFO - DAG(s) 'scheduled_training_dag' retrieved from /app/dags/inference_monitoring_dag.py
[2025-11-09T11:25:15.529+0000] {logging_mixin.py:190} INFO - [2025-11-09T11:25:15.528+0000] {dag.py:3239} INFO - Sync 1 DAGs
[2025-11-09T11:25:15.549+0000] {logging_mixin.py:190} INFO - [2025-11-09T11:25:15.549+0000] {dag.py:4180} INFO - Setting next_dagrun for scheduled_training_dag to None, run_after=None
[2025-11-09T11:25:15.600+0000] {processor.py:208} INFO - Processing /app/dags/inference_monitoring_dag.py took 0.129 seconds
[2025-11-09T11:25:46.387+0000] {processor.py:186} INFO - Started process (PID=18230) to work on /app/dags/inference_monitoring_dag.py
[2025-11-09T11:25:46.388+0000] {processor.py:914} INFO - Processing file /app/dags/inference_monitoring_dag.py for tasks to queue
[2025-11-09T11:25:46.389+0000] {logging_mixin.py:190} INFO - [2025-11-09T11:25:46.389+0000] {dagbag.py:588} INFO - Filling up the DagBag from /app/dags/inference_monitoring_dag.py
[2025-11-09T11:25:46.407+0000] {processor.py:925} INFO - DAG(s) 'scheduled_training_dag' retrieved from /app/dags/inference_monitoring_dag.py
[2025-11-09T11:25:46.443+0000] {logging_mixin.py:190} INFO - [2025-11-09T11:25:46.443+0000] {dag.py:3239} INFO - Sync 1 DAGs
[2025-11-09T11:25:46.466+0000] {logging_mixin.py:190} INFO - [2025-11-09T11:25:46.465+0000] {dag.py:4180} INFO - Setting next_dagrun for scheduled_training_dag to None, run_after=None
[2025-11-09T11:25:46.519+0000] {processor.py:208} INFO - Processing /app/dags/inference_monitoring_dag.py took 0.139 seconds
[2025-11-09T11:26:17.012+0000] {processor.py:186} INFO - Started process (PID=18232) to work on /app/dags/inference_monitoring_dag.py
[2025-11-09T11:26:17.014+0000] {processor.py:914} INFO - Processing file /app/dags/inference_monitoring_dag.py for tasks to queue
[2025-11-09T11:26:17.016+0000] {logging_mixin.py:190} INFO - [2025-11-09T11:26:17.015+0000] {dagbag.py:588} INFO - Filling up the DagBag from /app/dags/inference_monitoring_dag.py
[2025-11-09T11:26:17.035+0000] {processor.py:925} INFO - DAG(s) 'scheduled_training_dag' retrieved from /app/dags/inference_monitoring_dag.py
[2025-11-09T11:26:17.073+0000] {logging_mixin.py:190} INFO - [2025-11-09T11:26:17.072+0000] {dag.py:3239} INFO - Sync 1 DAGs
[2025-11-09T11:26:17.100+0000] {logging_mixin.py:190} INFO - [2025-11-09T11:26:17.099+0000] {dag.py:4180} INFO - Setting next_dagrun for scheduled_training_dag to None, run_after=None
[2025-11-09T11:26:17.144+0000] {processor.py:208} INFO - Processing /app/dags/inference_monitoring_dag.py took 0.138 seconds
[2025-11-09T11:26:47.734+0000] {processor.py:186} INFO - Started process (PID=18234) to work on /app/dags/inference_monitoring_dag.py
[2025-11-09T11:26:47.736+0000] {processor.py:914} INFO - Processing file /app/dags/inference_monitoring_dag.py for tasks to queue
[2025-11-09T11:26:47.738+0000] {logging_mixin.py:190} INFO - [2025-11-09T11:26:47.737+0000] {dagbag.py:588} INFO - Filling up the DagBag from /app/dags/inference_monitoring_dag.py
[2025-11-09T11:26:47.754+0000] {processor.py:925} INFO - DAG(s) 'scheduled_training_dag' retrieved from /app/dags/inference_monitoring_dag.py
[2025-11-09T11:26:47.781+0000] {logging_mixin.py:190} INFO - [2025-11-09T11:26:47.781+0000] {dag.py:3239} INFO - Sync 1 DAGs
[2025-11-09T11:26:47.802+0000] {logging_mixin.py:190} INFO - [2025-11-09T11:26:47.802+0000] {dag.py:4180} INFO - Setting next_dagrun for scheduled_training_dag to None, run_after=None
[2025-11-09T11:26:47.843+0000] {processor.py:208} INFO - Processing /app/dags/inference_monitoring_dag.py took 0.117 seconds
[2025-11-09T11:27:18.641+0000] {processor.py:186} INFO - Started process (PID=18236) to work on /app/dags/inference_monitoring_dag.py
[2025-11-09T11:27:18.642+0000] {processor.py:914} INFO - Processing file /app/dags/inference_monitoring_dag.py for tasks to queue
[2025-11-09T11:27:18.644+0000] {logging_mixin.py:190} INFO - [2025-11-09T11:27:18.644+0000] {dagbag.py:588} INFO - Filling up the DagBag from /app/dags/inference_monitoring_dag.py
[2025-11-09T11:27:18.658+0000] {processor.py:925} INFO - DAG(s) 'scheduled_training_dag' retrieved from /app/dags/inference_monitoring_dag.py
[2025-11-09T11:27:18.688+0000] {logging_mixin.py:190} INFO - [2025-11-09T11:27:18.688+0000] {dag.py:3239} INFO - Sync 1 DAGs
[2025-11-09T11:27:18.711+0000] {logging_mixin.py:190} INFO - [2025-11-09T11:27:18.711+0000] {dag.py:4180} INFO - Setting next_dagrun for scheduled_training_dag to None, run_after=None
[2025-11-09T11:27:18.756+0000] {processor.py:208} INFO - Processing /app/dags/inference_monitoring_dag.py took 0.122 seconds
[2025-11-09T11:27:49.485+0000] {processor.py:186} INFO - Started process (PID=18238) to work on /app/dags/inference_monitoring_dag.py
[2025-11-09T11:27:49.486+0000] {processor.py:914} INFO - Processing file /app/dags/inference_monitoring_dag.py for tasks to queue
[2025-11-09T11:27:49.487+0000] {logging_mixin.py:190} INFO - [2025-11-09T11:27:49.487+0000] {dagbag.py:588} INFO - Filling up the DagBag from /app/dags/inference_monitoring_dag.py
[2025-11-09T11:27:49.503+0000] {processor.py:925} INFO - DAG(s) 'scheduled_training_dag' retrieved from /app/dags/inference_monitoring_dag.py
[2025-11-09T11:27:49.529+0000] {logging_mixin.py:190} INFO - [2025-11-09T11:27:49.529+0000] {dag.py:3239} INFO - Sync 1 DAGs
[2025-11-09T11:27:49.547+0000] {logging_mixin.py:190} INFO - [2025-11-09T11:27:49.547+0000] {dag.py:4180} INFO - Setting next_dagrun for scheduled_training_dag to None, run_after=None
[2025-11-09T11:27:49.593+0000] {processor.py:208} INFO - Processing /app/dags/inference_monitoring_dag.py took 0.114 seconds
[2025-11-09T11:28:20.112+0000] {processor.py:186} INFO - Started process (PID=18240) to work on /app/dags/inference_monitoring_dag.py
[2025-11-09T11:28:20.114+0000] {processor.py:914} INFO - Processing file /app/dags/inference_monitoring_dag.py for tasks to queue
[2025-11-09T11:28:20.115+0000] {logging_mixin.py:190} INFO - [2025-11-09T11:28:20.115+0000] {dagbag.py:588} INFO - Filling up the DagBag from /app/dags/inference_monitoring_dag.py
[2025-11-09T11:28:20.128+0000] {processor.py:925} INFO - DAG(s) 'scheduled_training_dag' retrieved from /app/dags/inference_monitoring_dag.py
[2025-11-09T11:28:20.157+0000] {logging_mixin.py:190} INFO - [2025-11-09T11:28:20.156+0000] {dag.py:3239} INFO - Sync 1 DAGs
[2025-11-09T11:28:20.176+0000] {logging_mixin.py:190} INFO - [2025-11-09T11:28:20.176+0000] {dag.py:4180} INFO - Setting next_dagrun for scheduled_training_dag to None, run_after=None
[2025-11-09T11:28:20.222+0000] {processor.py:208} INFO - Processing /app/dags/inference_monitoring_dag.py took 0.116 seconds
[2025-11-09T11:28:50.971+0000] {processor.py:186} INFO - Started process (PID=18242) to work on /app/dags/inference_monitoring_dag.py
[2025-11-09T11:28:50.972+0000] {processor.py:914} INFO - Processing file /app/dags/inference_monitoring_dag.py for tasks to queue
[2025-11-09T11:28:50.973+0000] {logging_mixin.py:190} INFO - [2025-11-09T11:28:50.973+0000] {dagbag.py:588} INFO - Filling up the DagBag from /app/dags/inference_monitoring_dag.py
[2025-11-09T11:28:50.986+0000] {processor.py:925} INFO - DAG(s) 'scheduled_training_dag' retrieved from /app/dags/inference_monitoring_dag.py
[2025-11-09T11:28:51.013+0000] {logging_mixin.py:190} INFO - [2025-11-09T11:28:51.013+0000] {dag.py:3239} INFO - Sync 1 DAGs
[2025-11-09T11:28:51.029+0000] {logging_mixin.py:190} INFO - [2025-11-09T11:28:51.029+0000] {dag.py:4180} INFO - Setting next_dagrun for scheduled_training_dag to None, run_after=None
[2025-11-09T11:28:51.069+0000] {processor.py:208} INFO - Processing /app/dags/inference_monitoring_dag.py took 0.104 seconds
[2025-11-09T11:29:21.558+0000] {processor.py:186} INFO - Started process (PID=18244) to work on /app/dags/inference_monitoring_dag.py
[2025-11-09T11:29:21.559+0000] {processor.py:914} INFO - Processing file /app/dags/inference_monitoring_dag.py for tasks to queue
[2025-11-09T11:29:21.561+0000] {logging_mixin.py:190} INFO - [2025-11-09T11:29:21.560+0000] {dagbag.py:588} INFO - Filling up the DagBag from /app/dags/inference_monitoring_dag.py
[2025-11-09T11:29:21.574+0000] {processor.py:925} INFO - DAG(s) 'scheduled_training_dag' retrieved from /app/dags/inference_monitoring_dag.py
[2025-11-09T11:29:21.600+0000] {logging_mixin.py:190} INFO - [2025-11-09T11:29:21.600+0000] {dag.py:3239} INFO - Sync 1 DAGs
[2025-11-09T11:29:21.618+0000] {logging_mixin.py:190} INFO - [2025-11-09T11:29:21.618+0000] {dag.py:4180} INFO - Setting next_dagrun for scheduled_training_dag to None, run_after=None
[2025-11-09T11:29:21.653+0000] {processor.py:208} INFO - Processing /app/dags/inference_monitoring_dag.py took 0.100 seconds
[2025-11-09T11:29:52.265+0000] {processor.py:186} INFO - Started process (PID=18246) to work on /app/dags/inference_monitoring_dag.py
[2025-11-09T11:29:52.266+0000] {processor.py:914} INFO - Processing file /app/dags/inference_monitoring_dag.py for tasks to queue
[2025-11-09T11:29:52.267+0000] {logging_mixin.py:190} INFO - [2025-11-09T11:29:52.267+0000] {dagbag.py:588} INFO - Filling up the DagBag from /app/dags/inference_monitoring_dag.py
[2025-11-09T11:29:52.283+0000] {processor.py:925} INFO - DAG(s) 'scheduled_training_dag' retrieved from /app/dags/inference_monitoring_dag.py
[2025-11-09T11:29:52.314+0000] {logging_mixin.py:190} INFO - [2025-11-09T11:29:52.314+0000] {dag.py:3239} INFO - Sync 1 DAGs
[2025-11-09T11:29:52.338+0000] {logging_mixin.py:190} INFO - [2025-11-09T11:29:52.338+0000] {dag.py:4180} INFO - Setting next_dagrun for scheduled_training_dag to None, run_after=None
[2025-11-09T11:29:52.379+0000] {processor.py:208} INFO - Processing /app/dags/inference_monitoring_dag.py took 0.120 seconds
[2025-11-09T11:30:22.889+0000] {processor.py:186} INFO - Started process (PID=18248) to work on /app/dags/inference_monitoring_dag.py
[2025-11-09T11:30:22.890+0000] {processor.py:914} INFO - Processing file /app/dags/inference_monitoring_dag.py for tasks to queue
[2025-11-09T11:30:22.891+0000] {logging_mixin.py:190} INFO - [2025-11-09T11:30:22.891+0000] {dagbag.py:588} INFO - Filling up the DagBag from /app/dags/inference_monitoring_dag.py
[2025-11-09T11:30:22.904+0000] {processor.py:925} INFO - DAG(s) 'scheduled_training_dag' retrieved from /app/dags/inference_monitoring_dag.py
[2025-11-09T11:30:22.929+0000] {logging_mixin.py:190} INFO - [2025-11-09T11:30:22.929+0000] {dag.py:3239} INFO - Sync 1 DAGs
[2025-11-09T11:30:22.946+0000] {logging_mixin.py:190} INFO - [2025-11-09T11:30:22.946+0000] {dag.py:4180} INFO - Setting next_dagrun for scheduled_training_dag to None, run_after=None
[2025-11-09T11:30:22.987+0000] {processor.py:208} INFO - Processing /app/dags/inference_monitoring_dag.py took 0.103 seconds
[2025-11-09T11:30:53.432+0000] {processor.py:186} INFO - Started process (PID=18250) to work on /app/dags/inference_monitoring_dag.py
[2025-11-09T11:30:53.433+0000] {processor.py:914} INFO - Processing file /app/dags/inference_monitoring_dag.py for tasks to queue
[2025-11-09T11:30:53.435+0000] {logging_mixin.py:190} INFO - [2025-11-09T11:30:53.434+0000] {dagbag.py:588} INFO - Filling up the DagBag from /app/dags/inference_monitoring_dag.py
[2025-11-09T11:30:53.447+0000] {processor.py:925} INFO - DAG(s) 'scheduled_training_dag' retrieved from /app/dags/inference_monitoring_dag.py
[2025-11-09T11:30:53.473+0000] {logging_mixin.py:190} INFO - [2025-11-09T11:30:53.473+0000] {dag.py:3239} INFO - Sync 1 DAGs
[2025-11-09T11:30:53.492+0000] {logging_mixin.py:190} INFO - [2025-11-09T11:30:53.492+0000] {dag.py:4180} INFO - Setting next_dagrun for scheduled_training_dag to None, run_after=None
[2025-11-09T11:30:53.538+0000] {processor.py:208} INFO - Processing /app/dags/inference_monitoring_dag.py took 0.111 seconds
[2025-11-09T11:31:24.131+0000] {processor.py:186} INFO - Started process (PID=18252) to work on /app/dags/inference_monitoring_dag.py
[2025-11-09T11:31:24.132+0000] {processor.py:914} INFO - Processing file /app/dags/inference_monitoring_dag.py for tasks to queue
[2025-11-09T11:31:24.133+0000] {logging_mixin.py:190} INFO - [2025-11-09T11:31:24.133+0000] {dagbag.py:588} INFO - Filling up the DagBag from /app/dags/inference_monitoring_dag.py
[2025-11-09T11:31:24.145+0000] {processor.py:925} INFO - DAG(s) 'scheduled_training_dag' retrieved from /app/dags/inference_monitoring_dag.py
[2025-11-09T11:31:24.173+0000] {logging_mixin.py:190} INFO - [2025-11-09T11:31:24.173+0000] {dag.py:3239} INFO - Sync 1 DAGs
[2025-11-09T11:31:24.195+0000] {logging_mixin.py:190} INFO - [2025-11-09T11:31:24.194+0000] {dag.py:4180} INFO - Setting next_dagrun for scheduled_training_dag to None, run_after=None
[2025-11-09T11:31:24.236+0000] {processor.py:208} INFO - Processing /app/dags/inference_monitoring_dag.py took 0.110 seconds
[2025-11-09T11:31:54.763+0000] {processor.py:186} INFO - Started process (PID=18254) to work on /app/dags/inference_monitoring_dag.py
[2025-11-09T11:31:54.764+0000] {processor.py:914} INFO - Processing file /app/dags/inference_monitoring_dag.py for tasks to queue
[2025-11-09T11:31:54.766+0000] {logging_mixin.py:190} INFO - [2025-11-09T11:31:54.765+0000] {dagbag.py:588} INFO - Filling up the DagBag from /app/dags/inference_monitoring_dag.py
[2025-11-09T11:31:54.779+0000] {processor.py:925} INFO - DAG(s) 'scheduled_training_dag' retrieved from /app/dags/inference_monitoring_dag.py
[2025-11-09T11:31:54.804+0000] {logging_mixin.py:190} INFO - [2025-11-09T11:31:54.803+0000] {dag.py:3239} INFO - Sync 1 DAGs
[2025-11-09T11:31:54.820+0000] {logging_mixin.py:190} INFO - [2025-11-09T11:31:54.820+0000] {dag.py:4180} INFO - Setting next_dagrun for scheduled_training_dag to None, run_after=None
[2025-11-09T11:31:54.863+0000] {processor.py:208} INFO - Processing /app/dags/inference_monitoring_dag.py took 0.105 seconds
[2025-11-09T11:32:25.413+0000] {processor.py:186} INFO - Started process (PID=18256) to work on /app/dags/inference_monitoring_dag.py
[2025-11-09T11:32:25.414+0000] {processor.py:914} INFO - Processing file /app/dags/inference_monitoring_dag.py for tasks to queue
[2025-11-09T11:32:25.415+0000] {logging_mixin.py:190} INFO - [2025-11-09T11:32:25.415+0000] {dagbag.py:588} INFO - Filling up the DagBag from /app/dags/inference_monitoring_dag.py
[2025-11-09T11:32:25.430+0000] {processor.py:925} INFO - DAG(s) 'scheduled_training_dag' retrieved from /app/dags/inference_monitoring_dag.py
[2025-11-09T11:32:25.458+0000] {logging_mixin.py:190} INFO - [2025-11-09T11:32:25.457+0000] {dag.py:3239} INFO - Sync 1 DAGs
[2025-11-09T11:32:25.482+0000] {logging_mixin.py:190} INFO - [2025-11-09T11:32:25.482+0000] {dag.py:4180} INFO - Setting next_dagrun for scheduled_training_dag to None, run_after=None
[2025-11-09T11:32:25.538+0000] {processor.py:208} INFO - Processing /app/dags/inference_monitoring_dag.py took 0.130 seconds
[2025-11-09T11:32:56.017+0000] {processor.py:186} INFO - Started process (PID=18258) to work on /app/dags/inference_monitoring_dag.py
[2025-11-09T11:32:56.019+0000] {processor.py:914} INFO - Processing file /app/dags/inference_monitoring_dag.py for tasks to queue
[2025-11-09T11:32:56.020+0000] {logging_mixin.py:190} INFO - [2025-11-09T11:32:56.020+0000] {dagbag.py:588} INFO - Filling up the DagBag from /app/dags/inference_monitoring_dag.py
[2025-11-09T11:32:56.038+0000] {processor.py:925} INFO - DAG(s) 'scheduled_training_dag' retrieved from /app/dags/inference_monitoring_dag.py
[2025-11-09T11:32:56.067+0000] {logging_mixin.py:190} INFO - [2025-11-09T11:32:56.066+0000] {dag.py:3239} INFO - Sync 1 DAGs
[2025-11-09T11:32:56.085+0000] {logging_mixin.py:190} INFO - [2025-11-09T11:32:56.085+0000] {dag.py:4180} INFO - Setting next_dagrun for scheduled_training_dag to None, run_after=None
[2025-11-09T11:32:56.123+0000] {processor.py:208} INFO - Processing /app/dags/inference_monitoring_dag.py took 0.112 seconds
[2025-11-09T11:33:26.800+0000] {processor.py:186} INFO - Started process (PID=18260) to work on /app/dags/inference_monitoring_dag.py
[2025-11-09T11:33:26.801+0000] {processor.py:914} INFO - Processing file /app/dags/inference_monitoring_dag.py for tasks to queue
[2025-11-09T11:33:26.804+0000] {logging_mixin.py:190} INFO - [2025-11-09T11:33:26.803+0000] {dagbag.py:588} INFO - Filling up the DagBag from /app/dags/inference_monitoring_dag.py
[2025-11-09T11:33:26.835+0000] {processor.py:925} INFO - DAG(s) 'scheduled_training_dag' retrieved from /app/dags/inference_monitoring_dag.py
[2025-11-09T11:33:26.886+0000] {logging_mixin.py:190} INFO - [2025-11-09T11:33:26.886+0000] {dag.py:3239} INFO - Sync 1 DAGs
[2025-11-09T11:33:26.921+0000] {logging_mixin.py:190} INFO - [2025-11-09T11:33:26.921+0000] {dag.py:4180} INFO - Setting next_dagrun for scheduled_training_dag to None, run_after=None
[2025-11-09T11:33:27.016+0000] {processor.py:208} INFO - Processing /app/dags/inference_monitoring_dag.py took 0.223 seconds
[2025-11-09T11:33:57.696+0000] {processor.py:186} INFO - Started process (PID=18262) to work on /app/dags/inference_monitoring_dag.py
[2025-11-09T11:33:57.697+0000] {processor.py:914} INFO - Processing file /app/dags/inference_monitoring_dag.py for tasks to queue
[2025-11-09T11:33:57.698+0000] {logging_mixin.py:190} INFO - [2025-11-09T11:33:57.698+0000] {dagbag.py:588} INFO - Filling up the DagBag from /app/dags/inference_monitoring_dag.py
[2025-11-09T11:33:57.714+0000] {processor.py:925} INFO - DAG(s) 'scheduled_training_dag' retrieved from /app/dags/inference_monitoring_dag.py
[2025-11-09T11:33:57.741+0000] {logging_mixin.py:190} INFO - [2025-11-09T11:33:57.741+0000] {dag.py:3239} INFO - Sync 1 DAGs
[2025-11-09T11:33:57.759+0000] {logging_mixin.py:190} INFO - [2025-11-09T11:33:57.758+0000] {dag.py:4180} INFO - Setting next_dagrun for scheduled_training_dag to None, run_after=None
[2025-11-09T11:33:57.802+0000] {processor.py:208} INFO - Processing /app/dags/inference_monitoring_dag.py took 0.111 seconds
[2025-11-09T11:34:28.344+0000] {processor.py:186} INFO - Started process (PID=18264) to work on /app/dags/inference_monitoring_dag.py
[2025-11-09T11:34:28.345+0000] {processor.py:914} INFO - Processing file /app/dags/inference_monitoring_dag.py for tasks to queue
[2025-11-09T11:34:28.347+0000] {logging_mixin.py:190} INFO - [2025-11-09T11:34:28.346+0000] {dagbag.py:588} INFO - Filling up the DagBag from /app/dags/inference_monitoring_dag.py
[2025-11-09T11:34:28.363+0000] {processor.py:925} INFO - DAG(s) 'scheduled_training_dag' retrieved from /app/dags/inference_monitoring_dag.py
[2025-11-09T11:34:28.394+0000] {logging_mixin.py:190} INFO - [2025-11-09T11:34:28.394+0000] {dag.py:3239} INFO - Sync 1 DAGs
[2025-11-09T11:34:28.415+0000] {logging_mixin.py:190} INFO - [2025-11-09T11:34:28.415+0000] {dag.py:4180} INFO - Setting next_dagrun for scheduled_training_dag to None, run_after=None
[2025-11-09T11:34:28.460+0000] {processor.py:208} INFO - Processing /app/dags/inference_monitoring_dag.py took 0.122 seconds
[2025-11-09T11:34:58.843+0000] {processor.py:186} INFO - Started process (PID=18266) to work on /app/dags/inference_monitoring_dag.py
[2025-11-09T11:34:58.844+0000] {processor.py:914} INFO - Processing file /app/dags/inference_monitoring_dag.py for tasks to queue
[2025-11-09T11:34:58.845+0000] {logging_mixin.py:190} INFO - [2025-11-09T11:34:58.845+0000] {dagbag.py:588} INFO - Filling up the DagBag from /app/dags/inference_monitoring_dag.py
[2025-11-09T11:34:58.860+0000] {processor.py:925} INFO - DAG(s) 'scheduled_training_dag' retrieved from /app/dags/inference_monitoring_dag.py
[2025-11-09T11:34:58.893+0000] {logging_mixin.py:190} INFO - [2025-11-09T11:34:58.893+0000] {dag.py:3239} INFO - Sync 1 DAGs
[2025-11-09T11:34:58.915+0000] {logging_mixin.py:190} INFO - [2025-11-09T11:34:58.915+0000] {dag.py:4180} INFO - Setting next_dagrun for scheduled_training_dag to None, run_after=None
[2025-11-09T11:34:58.960+0000] {processor.py:208} INFO - Processing /app/dags/inference_monitoring_dag.py took 0.123 seconds
[2025-11-09T11:35:29.284+0000] {processor.py:186} INFO - Started process (PID=18268) to work on /app/dags/inference_monitoring_dag.py
[2025-11-09T11:35:29.285+0000] {processor.py:914} INFO - Processing file /app/dags/inference_monitoring_dag.py for tasks to queue
[2025-11-09T11:35:29.286+0000] {logging_mixin.py:190} INFO - [2025-11-09T11:35:29.286+0000] {dagbag.py:588} INFO - Filling up the DagBag from /app/dags/inference_monitoring_dag.py
[2025-11-09T11:35:29.299+0000] {processor.py:925} INFO - DAG(s) 'scheduled_training_dag' retrieved from /app/dags/inference_monitoring_dag.py
[2025-11-09T11:35:29.326+0000] {logging_mixin.py:190} INFO - [2025-11-09T11:35:29.326+0000] {dag.py:3239} INFO - Sync 1 DAGs
[2025-11-09T11:35:29.346+0000] {logging_mixin.py:190} INFO - [2025-11-09T11:35:29.346+0000] {dag.py:4180} INFO - Setting next_dagrun for scheduled_training_dag to None, run_after=None
[2025-11-09T11:35:29.384+0000] {processor.py:208} INFO - Processing /app/dags/inference_monitoring_dag.py took 0.105 seconds
[2025-11-09T11:36:00.900+0000] {processor.py:186} INFO - Started process (PID=18270) to work on /app/dags/inference_monitoring_dag.py
[2025-11-09T11:36:00.902+0000] {processor.py:914} INFO - Processing file /app/dags/inference_monitoring_dag.py for tasks to queue
[2025-11-09T11:36:00.904+0000] {logging_mixin.py:190} INFO - [2025-11-09T11:36:00.904+0000] {dagbag.py:588} INFO - Filling up the DagBag from /app/dags/inference_monitoring_dag.py
[2025-11-09T11:36:00.921+0000] {processor.py:925} INFO - DAG(s) 'scheduled_training_dag' retrieved from /app/dags/inference_monitoring_dag.py
[2025-11-09T11:36:00.952+0000] {logging_mixin.py:190} INFO - [2025-11-09T11:36:00.952+0000] {dag.py:3239} INFO - Sync 1 DAGs
[2025-11-09T11:36:00.977+0000] {logging_mixin.py:190} INFO - [2025-11-09T11:36:00.977+0000] {dag.py:4180} INFO - Setting next_dagrun for scheduled_training_dag to None, run_after=None
[2025-11-09T11:36:01.035+0000] {processor.py:208} INFO - Processing /app/dags/inference_monitoring_dag.py took 0.143 seconds
