[2025-11-09T11:23:08.071+0000] {local_task_job_runner.py:123} INFO - ::group::Pre task execution logs
[2025-11-09T11:23:08.087+0000] {taskinstance.py:2612} INFO - Dependencies all met for dep_context=non-requeueable deps ti=<TaskInstance: scheduled_training_dag.model_monitoring.check_data_drift manual__2025-11-09T11:22:35.018110+00:00 [queued]>
[2025-11-09T11:23:08.098+0000] {taskinstance.py:2612} INFO - Dependencies all met for dep_context=requeueable deps ti=<TaskInstance: scheduled_training_dag.model_monitoring.check_data_drift manual__2025-11-09T11:22:35.018110+00:00 [queued]>
[2025-11-09T11:23:08.099+0000] {taskinstance.py:2865} INFO - Starting attempt 1 of 1
[2025-11-09T11:23:08.123+0000] {taskinstance.py:2888} INFO - Executing <Task(BashOperator): model_monitoring.check_data_drift> on 2025-11-09 11:22:35.018110+00:00
[2025-11-09T11:23:08.127+0000] {standard_task_runner.py:72} INFO - Started process 16592 to run task
[2025-11-09T11:23:08.130+0000] {standard_task_runner.py:104} INFO - Running: ['airflow', 'tasks', 'run', 'scheduled_training_dag', 'model_monitoring.check_data_drift', 'manual__2025-11-09T11:22:35.018110+00:00', '--job-id', '29', '--raw', '--subdir', 'DAGS_FOLDER/inference_monitoring_dag.py', '--cfg-path', '/tmp/tmp80qr1lu9']
[2025-11-09T11:23:08.132+0000] {standard_task_runner.py:105} INFO - Job 29: Subtask model_monitoring.check_data_drift
[2025-11-09T11:23:08.199+0000] {task_command.py:467} INFO - Running <TaskInstance: scheduled_training_dag.model_monitoring.check_data_drift manual__2025-11-09T11:22:35.018110+00:00 [running]> on host 7468da456d69
[2025-11-09T11:23:08.289+0000] {taskinstance.py:3131} INFO - Exporting env vars: AIRFLOW_CTX_DAG_OWNER='airflow' AIRFLOW_CTX_DAG_ID='scheduled_training_dag' AIRFLOW_CTX_TASK_ID='model_monitoring.check_data_drift' AIRFLOW_CTX_EXECUTION_DATE='2025-11-09T11:22:35.018110+00:00' AIRFLOW_CTX_TRY_NUMBER='1' AIRFLOW_CTX_DAG_RUN_ID='manual__2025-11-09T11:22:35.018110+00:00'
[2025-11-09T11:23:08.291+0000] {taskinstance.py:731} INFO - ::endgroup::
[2025-11-09T11:23:08.302+0000] {subprocess.py:63} INFO - Tmp dir root location: /tmp
[2025-11-09T11:23:08.303+0000] {subprocess.py:75} INFO - Running command: ['/usr/bin/bash', '-c', 'python /app/scripts/07_data_drift_monitoring.py --train_date 2016-04-01']
[2025-11-09T11:23:08.310+0000] {subprocess.py:86} INFO - Output:
[2025-11-09T11:23:09.557+0000] {subprocess.py:93} INFO - Setting default log level to "WARN".
[2025-11-09T11:23:09.558+0000] {subprocess.py:93} INFO - To adjust logging level use sc.setLogLevel(newLevel). For SparkR, use setLogLevel(newLevel).
[2025-11-09T11:23:09.758+0000] {subprocess.py:93} INFO - 25/11/09 11:23:09 WARN NativeCodeLoader: Unable to load native-hadoop library for your platform... using builtin-java classes where applicable
[2025-11-09T11:23:16.740+0000] {subprocess.py:93} INFO - predictions:
[2025-11-09T11:23:16.742+0000] {subprocess.py:93} INFO - +-----------+-------------+-------------------------------+--------------------+
[2025-11-09T11:23:16.743+0000] {subprocess.py:93} INFO - |Customer_ID|snapshot_date|model_name                     |model_predictions   |
[2025-11-09T11:23:16.744+0000] {subprocess.py:93} INFO - +-----------+-------------+-------------------------------+--------------------+
[2025-11-09T11:23:16.745+0000] {subprocess.py:93} INFO - |CUS_0x1d9e |2024-11-01   |xgb_credit_model_2024_09_01.pkl|0.08877021819353104 |
[2025-11-09T11:23:16.746+0000] {subprocess.py:93} INFO - |CUS_0x7ea2 |2024-11-01   |xgb_credit_model_2024_09_01.pkl|0.1391143500804901  |
[2025-11-09T11:23:16.747+0000] {subprocess.py:93} INFO - |CUS_0xedb  |2024-11-01   |xgb_credit_model_2024_09_01.pkl|0.6090103983879089  |
[2025-11-09T11:23:16.748+0000] {subprocess.py:93} INFO - |CUS_0x4b91 |2024-11-01   |xgb_credit_model_2024_09_01.pkl|0.2919446527957916  |
[2025-11-09T11:23:16.749+0000] {subprocess.py:93} INFO - |CUS_0x6b0c |2024-11-01   |xgb_credit_model_2024_09_01.pkl|0.04694114997982979 |
[2025-11-09T11:23:16.750+0000] {subprocess.py:93} INFO - |CUS_0x971a |2024-11-01   |xgb_credit_model_2024_09_01.pkl|0.2924809753894806  |
[2025-11-09T11:23:16.750+0000] {subprocess.py:93} INFO - |CUS_0x6a1a |2024-11-01   |xgb_credit_model_2024_09_01.pkl|0.2607428729534149  |
[2025-11-09T11:23:16.751+0000] {subprocess.py:93} INFO - |CUS_0x7c64 |2024-11-01   |xgb_credit_model_2024_09_01.pkl|0.14412736892700195 |
[2025-11-09T11:23:16.752+0000] {subprocess.py:93} INFO - |CUS_0xab92 |2024-11-01   |xgb_credit_model_2024_09_01.pkl|0.1766100525856018  |
[2025-11-09T11:23:16.752+0000] {subprocess.py:93} INFO - |CUS_0xc16d |2024-11-01   |xgb_credit_model_2024_09_01.pkl|0.5853181481361389  |
[2025-11-09T11:23:16.753+0000] {subprocess.py:93} INFO - |CUS_0x8466 |2024-11-01   |xgb_credit_model_2024_09_01.pkl|0.3044661581516266  |
[2025-11-09T11:23:16.753+0000] {subprocess.py:93} INFO - |CUS_0x74f7 |2024-11-01   |xgb_credit_model_2024_09_01.pkl|0.11526822298765182 |
[2025-11-09T11:23:16.754+0000] {subprocess.py:93} INFO - |CUS_0x1226 |2024-11-01   |xgb_credit_model_2024_09_01.pkl|0.10011135041713715 |
[2025-11-09T11:23:16.754+0000] {subprocess.py:93} INFO - |CUS_0x8b3e |2024-11-01   |xgb_credit_model_2024_09_01.pkl|0.12442021816968918 |
[2025-11-09T11:23:16.755+0000] {subprocess.py:93} INFO - |CUS_0xb8e5 |2024-11-01   |xgb_credit_model_2024_09_01.pkl|0.16391964256763458 |
[2025-11-09T11:23:16.755+0000] {subprocess.py:93} INFO - |CUS_0xbc38 |2024-11-01   |xgb_credit_model_2024_09_01.pkl|0.3695943057537079  |
[2025-11-09T11:23:16.756+0000] {subprocess.py:93} INFO - |CUS_0x47a  |2024-11-01   |xgb_credit_model_2024_09_01.pkl|0.049319446086883545|
[2025-11-09T11:23:16.757+0000] {subprocess.py:93} INFO - |CUS_0xa2c5 |2024-11-01   |xgb_credit_model_2024_09_01.pkl|0.6228354573249817  |
[2025-11-09T11:23:16.757+0000] {subprocess.py:93} INFO - |CUS_0xc5a0 |2024-11-01   |xgb_credit_model_2024_09_01.pkl|0.09805397689342499 |
[2025-11-09T11:23:16.758+0000] {subprocess.py:93} INFO - |CUS_0x8cf2 |2024-11-01   |xgb_credit_model_2024_09_01.pkl|0.08550011366605759 |
[2025-11-09T11:23:16.758+0000] {subprocess.py:93} INFO - +-----------+-------------+-------------------------------+--------------------+
[2025-11-09T11:23:16.759+0000] {subprocess.py:93} INFO - only showing top 20 rows
[2025-11-09T11:23:16.759+0000] {subprocess.py:93} INFO - 
[2025-11-09T11:23:16.760+0000] {subprocess.py:93} INFO - True labels:
[2025-11-09T11:23:16.761+0000] {subprocess.py:93} INFO - +---------------------+-----------+-----+----------+-------------+
[2025-11-09T11:23:16.761+0000] {subprocess.py:93} INFO - |loan_id              |Customer_ID|label|label_def |snapshot_date|
[2025-11-09T11:23:16.762+0000] {subprocess.py:93} INFO - +---------------------+-----------+-----+----------+-------------+
[2025-11-09T11:23:16.762+0000] {subprocess.py:93} INFO - |CUS_0x10ac_2024_08_01|CUS_0x10ac |0    |90dpd_7mob|2025-03-01   |
[2025-11-09T11:23:16.763+0000] {subprocess.py:93} INFO - |CUS_0x10c5_2024_08_01|CUS_0x10c5 |1    |90dpd_7mob|2025-03-01   |
[2025-11-09T11:23:16.763+0000] {subprocess.py:93} INFO - |CUS_0x1145_2024_08_01|CUS_0x1145 |1    |90dpd_7mob|2025-03-01   |
[2025-11-09T11:23:16.764+0000] {subprocess.py:93} INFO - |CUS_0x11ac_2024_08_01|CUS_0x11ac |0    |90dpd_7mob|2025-03-01   |
[2025-11-09T11:23:16.765+0000] {subprocess.py:93} INFO - |CUS_0x122c_2024_08_01|CUS_0x122c |0    |90dpd_7mob|2025-03-01   |
[2025-11-09T11:23:16.765+0000] {subprocess.py:93} INFO - |CUS_0x1274_2024_08_01|CUS_0x1274 |1    |90dpd_7mob|2025-03-01   |
[2025-11-09T11:23:16.766+0000] {subprocess.py:93} INFO - |CUS_0x1288_2024_08_01|CUS_0x1288 |1    |90dpd_7mob|2025-03-01   |
[2025-11-09T11:23:16.767+0000] {subprocess.py:93} INFO - |CUS_0x12cc_2024_08_01|CUS_0x12cc |1    |90dpd_7mob|2025-03-01   |
[2025-11-09T11:23:16.767+0000] {subprocess.py:93} INFO - |CUS_0x1338_2024_08_01|CUS_0x1338 |0    |90dpd_7mob|2025-03-01   |
[2025-11-09T11:23:16.768+0000] {subprocess.py:93} INFO - |CUS_0x1370_2024_08_01|CUS_0x1370 |1    |90dpd_7mob|2025-03-01   |
[2025-11-09T11:23:16.768+0000] {subprocess.py:93} INFO - |CUS_0x1378_2024_08_01|CUS_0x1378 |1    |90dpd_7mob|2025-03-01   |
[2025-11-09T11:23:16.769+0000] {subprocess.py:93} INFO - |CUS_0x139b_2024_08_01|CUS_0x139b |0    |90dpd_7mob|2025-03-01   |
[2025-11-09T11:23:16.770+0000] {subprocess.py:93} INFO - |CUS_0x13a9_2024_08_01|CUS_0x13a9 |0    |90dpd_7mob|2025-03-01   |
[2025-11-09T11:23:16.770+0000] {subprocess.py:93} INFO - |CUS_0x13ce_2024_08_01|CUS_0x13ce |0    |90dpd_7mob|2025-03-01   |
[2025-11-09T11:23:16.771+0000] {subprocess.py:93} INFO - |CUS_0x147a_2024_08_01|CUS_0x147a |0    |90dpd_7mob|2025-03-01   |
[2025-11-09T11:23:16.771+0000] {subprocess.py:93} INFO - |CUS_0x1510_2024_08_01|CUS_0x1510 |1    |90dpd_7mob|2025-03-01   |
[2025-11-09T11:23:16.772+0000] {subprocess.py:93} INFO - |CUS_0x1572_2024_08_01|CUS_0x1572 |0    |90dpd_7mob|2025-03-01   |
[2025-11-09T11:23:16.773+0000] {subprocess.py:93} INFO - |CUS_0x159b_2024_08_01|CUS_0x159b |0    |90dpd_7mob|2025-03-01   |
[2025-11-09T11:23:16.773+0000] {subprocess.py:93} INFO - |CUS_0x15f1_2024_08_01|CUS_0x15f1 |0    |90dpd_7mob|2025-03-01   |
[2025-11-09T11:23:16.774+0000] {subprocess.py:93} INFO - |CUS_0x1621_2024_08_01|CUS_0x1621 |0    |90dpd_7mob|2025-03-01   |
[2025-11-09T11:23:16.775+0000] {subprocess.py:93} INFO - +---------------------+-----------+-----+----------+-------------+
[2025-11-09T11:23:16.775+0000] {subprocess.py:93} INFO - only showing top 20 rows
[2025-11-09T11:23:16.776+0000] {subprocess.py:93} INFO - 
[2025-11-09T11:23:16.776+0000] {subprocess.py:93} INFO - Features:
[2025-11-09T11:23:16.777+0000] {subprocess.py:93} INFO - +-----------+-------------+---------------------+-----------------+---------------+-------------+-----------+-------------------+----------------------+--------------------+--------------------+----------+------------------------+--------------------------------+------------------+-------------+----+----+----+----+----+----+----+----+----+-----+-----+-----+-----+-----+-----+-----+-----+-----+-----+-----+-------------+
[2025-11-09T11:23:16.778+0000] {subprocess.py:93} INFO - |Customer_ID|Annual_Income|Monthly_Inhand_Salary|Num_Bank_Accounts|Num_Credit_Card|Interest_Rate|Num_of_Loan|Delay_from_due_date|Num_of_Delayed_Payment|Changed_Credit_Limit|Num_Credit_Inquiries|Credit_Mix|Credit_Utilization_Ratio|Payment_Behaviour               |Credit_History_Age|Occupation   |fe_1|fe_2|fe_3|fe_4|fe_5|fe_6|fe_7|fe_8|fe_9|fe_10|fe_11|fe_12|fe_13|fe_14|fe_15|fe_16|fe_17|fe_18|fe_19|fe_20|snapshot_date|
[2025-11-09T11:23:16.778+0000] {subprocess.py:93} INFO - +-----------+-------------+---------------------+-----------------+---------------+-------------+-----------+-------------------+----------------------+--------------------+--------------------+----------+------------------------+--------------------------------+------------------+-------------+----+----+----+----+----+----+----+----+----+-----+-----+-----+-----+-----+-----+-----+-----+-----+-----+-----+-------------+
[2025-11-09T11:23:16.779+0000] {subprocess.py:93} INFO - |CUS_0x6ba9 |20272.23     |1776.3525            |4.0              |3.0            |12.0         |1.0        |-1.0               |5.0                   |4.83                |6.0                 |Good      |33.874                  |High_spent_Medium_value_payments|332               |Lawyer       |102 |137 |-26 |126 |131 |-70 |105 |-68 |145 |74   |200  |-210 |145  |184  |248  |25   |-19  |164  |16   |184  |2024-03-01   |
[2025-11-09T11:23:16.779+0000] {subprocess.py:93} INFO - |CUS_0x74c7 |87853.56     |7527.13              |4.0              |1.0            |4.0          |2.0        |2.0                |2.0                   |9.99                |4.0                 |Good      |27.837519               |High_spent_Large_value_payments |208               |Unemployed   |74  |137 |26  |53  |-13 |111 |239 |316 |162 |142  |83   |30   |-9   |18   |-50  |103  |-44  |111  |-55  |93   |2024-03-01   |
[2025-11-09T11:23:16.780+0000] {subprocess.py:93} INFO - |CUS_0xc65  |NULL         |NULL                 |NULL             |NULL           |NULL         |NULL       |NULL               |NULL                  |NULL                |NULL                |NULL      |NULL                    |NULL                            |NULL              |NULL         |220 |73  |327 |110 |203 |-95 |56  |180 |16  |156  |-7   |60   |230  |109  |147  |39   |10   |193  |72   |39   |2024-03-01   |
[2025-11-09T11:23:16.781+0000] {subprocess.py:93} INFO - |CUS_0x5a8b |NULL         |NULL                 |NULL             |NULL           |NULL         |NULL       |NULL               |NULL                  |NULL                |NULL                |NULL      |NULL                    |NULL                            |NULL              |NULL         |232 |54  |192 |249 |309 |154 |207 |139 |133 |111  |80   |131  |-58  |-18  |169  |-27  |119  |106  |-18  |188  |2024-03-01   |
[2025-11-09T11:23:16.781+0000] {subprocess.py:93} INFO - |CUS_0x78d3 |17773.775    |1388.148             |3.0              |1.0            |2.0          |2.0        |5.0                |2.0                   |4.57                |4.0                 |Good      |31.760332               |Low_spent_Small_value_payments  |318               |Journalist   |114 |91  |97  |210 |158 |-73 |20  |-53 |119 |193  |73   |175  |25   |264  |272  |305  |133  |126  |81   |83   |2024-03-01   |
[2025-11-09T11:23:16.782+0000] {subprocess.py:93} INFO - |CUS_0x7f5d |20615.79     |1761.9825            |7.0              |7.0            |21.0         |7.0        |56.0               |13.0                  |10.01               |8.0                 |Standard  |37.84495                |Low_spent_Small_value_payments  |148               |Teacher      |201 |147 |2   |162 |204 |55  |238 |11  |19  |164  |-2   |30   |153  |37   |68   |289  |228  |258  |200  |-96  |2024-03-01   |
[2025-11-09T11:23:16.782+0000] {subprocess.py:93} INFO - |CUS_0x8eb2 |NULL         |NULL                 |NULL             |NULL           |NULL         |NULL       |NULL               |NULL                  |NULL                |NULL                |NULL      |NULL                    |NULL                            |NULL              |NULL         |147 |92  |63  |165 |157 |211 |141 |115 |133 |51   |-6   |17   |111  |96   |14   |159  |14   |24   |44   |165  |2024-03-01   |
[2025-11-09T11:23:16.783+0000] {subprocess.py:93} INFO - |CUS_0xf6c  |76046.25     |6082.1875            |7.0              |3.0            |16.0         |3.0        |17.0               |19.0                  |3.29                |9.0                 |Standard  |22.548635               |Low_spent_Small_value_payments  |368               |Writer       |-151|18  |41  |215 |291 |-15 |19  |63  |-32 |153  |225  |176  |199  |1    |116  |171  |15   |289  |65   |172  |2024-03-01   |
[2025-11-09T11:23:16.784+0000] {subprocess.py:93} INFO - |CUS_0x7e24 |49854.92     |4216.5767            |8.0              |3.0            |17.0         |3.0        |17.0               |18.0                  |8.07                |5.0                 |Standard  |38.213825               |Unknown                         |218               |Media_Manager|97  |147 |85  |159 |55  |159 |86  |45  |28  |210  |-7   |191  |200  |123  |171  |38   |144  |113  |-13  |42   |2024-03-01   |
[2025-11-09T11:23:16.784+0000] {subprocess.py:93} INFO - |CUS_0xc65a |33588.38     |2623.0317            |2.0              |1.0            |12.0         |2.0        |0.0                |11.0                  |8.24                |4.0                 |Good      |23.830828               |High_spent_Large_value_payments |324               |Media_Manager|40  |104 |128 |-23 |150 |163 |228 |176 |188 |159  |227  |90   |90   |151  |221  |179  |107  |-104 |232  |13   |2024-03-01   |
[2025-11-09T11:23:16.785+0000] {subprocess.py:93} INFO - |CUS_0xebe  |28286.24     |2273.1868            |4.0              |7.0            |7.0          |1.0        |21.0               |13.0                  |11.99               |4.0                 |Standard  |28.700365               |High_spent_Medium_value_payments|356               |Journalist   |101 |-24 |167 |31  |139 |198 |-36 |96  |219 |108  |232  |83   |146  |138  |168  |24   |118  |-46  |148  |259  |2024-03-01   |
[2025-11-09T11:23:16.786+0000] {subprocess.py:93} INFO - |CUS_0x1ed5 |18965.35     |1317.4458            |10.0             |7.0            |20.0         |3.0        |21.0               |18.0                  |7.33                |6.0                 |Bad       |27.237741               |Low_spent_Small_value_payments  |96                |Teacher      |135 |200 |274 |6   |178 |18  |101 |63  |199 |209  |112  |-56  |-21  |57   |150  |-87  |-49  |-54  |71   |251  |2024-03-01   |
[2025-11-09T11:23:16.786+0000] {subprocess.py:93} INFO - |CUS_0x5479 |29365.12     |2524.0933            |5.0              |5.0            |12.0         |1.0        |11.0               |11.0                  |7.04                |5.0                 |_         |25.221605               |Low_spent_Large_value_payments  |316               |Musician     |75  |205 |67  |82  |83  |243 |252 |-48 |81  |6    |8    |204  |221  |25   |218  |72   |81   |22   |95   |51   |2024-03-01   |
[2025-11-09T11:23:16.787+0000] {subprocess.py:93} INFO - |CUS_0x7e8d |NULL         |NULL                 |NULL             |NULL           |NULL         |NULL       |NULL               |NULL                  |NULL                |NULL                |NULL      |NULL                    |NULL                            |NULL              |NULL         |-34 |55  |-53 |100 |243 |135 |29  |74  |285 |8    |202  |95   |32   |74   |136  |66   |124  |12   |47   |70   |2024-03-01   |
[2025-11-09T11:23:16.787+0000] {subprocess.py:93} INFO - |CUS_0xb38d |18409.79     |1594.1492            |7.0              |10.0           |16.0         |5.0        |33.0               |25.0                  |5.16                |11.0                |Bad       |33.87914                |Low_spent_Small_value_payments  |111               |Teacher      |-69 |140 |137 |205 |37  |207 |192 |123 |31  |122  |144  |161  |197  |21   |-1   |77   |148  |65   |45   |-41  |2024-03-01   |
[2025-11-09T11:23:16.788+0000] {subprocess.py:93} INFO - |CUS_0xafeb |15910.33     |1111.8608            |8.0              |8.0            |21.0         |9.0        |16.0               |16.0                  |15.26               |8.0                 |_         |30.943031               |High_spent_Medium_value_payments|170               |Manager      |117 |84  |0   |130 |112 |124 |112 |136 |61  |195  |264  |192  |241  |84   |89   |127  |242  |34   |189  |195  |2024-03-01   |
[2025-11-09T11:23:16.789+0000] {subprocess.py:93} INFO - |CUS_0x1b0f |NULL         |NULL                 |NULL             |NULL           |NULL         |NULL       |NULL               |NULL                  |NULL                |NULL                |NULL      |NULL                    |NULL                            |NULL              |NULL         |159 |233 |-181|220 |18  |265 |39  |47  |44  |-29  |-17  |224  |73   |133  |96   |83   |62   |140  |169  |116  |2024-03-01   |
[2025-11-09T11:23:16.789+0000] {subprocess.py:93} INFO - |CUS_0x834f |NULL         |NULL                 |NULL             |NULL           |NULL         |NULL       |NULL               |NULL                  |NULL                |NULL                |NULL      |NULL                    |NULL                            |NULL              |NULL         |143 |253 |367 |210 |23  |141 |145 |209 |17  |204  |17   |1    |63   |-52  |258  |28   |224  |141  |-18  |32   |2024-03-01   |
[2025-11-09T11:23:16.790+0000] {subprocess.py:93} INFO - |CUS_0x856b |NULL         |NULL                 |NULL             |NULL           |NULL         |NULL       |NULL               |NULL                  |NULL                |NULL                |NULL      |NULL                    |NULL                            |NULL              |NULL         |107 |12  |-167|-47 |256 |102 |148 |30  |130 |228  |271  |70   |246  |219  |151  |108  |239  |40   |143  |343  |2024-03-01   |
[2025-11-09T11:23:16.790+0000] {subprocess.py:93} INFO - |CUS_0x8d3d |16750.04     |1435.8367            |9.0              |10.0           |27.0         |6.0        |41.0               |19.0                  |29.4                |15.0                |Bad       |23.590292               |Low_spent_Small_value_payments  |144               |Manager      |142 |129 |5   |306 |46  |209 |165 |63  |207 |200  |298  |119  |102  |-25  |49   |246  |-55  |301  |201  |120  |2024-03-01   |
[2025-11-09T11:23:16.791+0000] {subprocess.py:93} INFO - +-----------+-------------+---------------------+-----------------+---------------+-------------+-----------+-------------------+----------------------+--------------------+--------------------+----------+------------------------+--------------------------------+------------------+-------------+----+----+----+----+----+----+----+----+----+-----+-----+-----+-----+-----+-----+-----+-----+-----+-----+-----+-------------+
[2025-11-09T11:23:16.792+0000] {subprocess.py:93} INFO - only showing top 20 rows
[2025-11-09T11:23:19.460+0000] {subprocess.py:93} INFO - 
[2025-11-09T11:23:19.461+0000] {subprocess.py:93} INFO - +-------------+-----+
[2025-11-09T11:23:19.462+0000] {subprocess.py:93} INFO - |snapshot_date|count|
[2025-11-09T11:23:19.462+0000] {subprocess.py:93} INFO - +-------------+-----+
[2025-11-09T11:23:19.463+0000] {subprocess.py:93} INFO - |2023-08-01   |530  |
[2025-11-09T11:23:19.463+0000] {subprocess.py:93} INFO - |2023-09-01   |501  |
[2025-11-09T11:23:19.464+0000] {subprocess.py:93} INFO - |2023-10-01   |506  |
[2025-11-09T11:23:19.465+0000] {subprocess.py:93} INFO - |2023-11-01   |510  |
[2025-11-09T11:23:19.465+0000] {subprocess.py:93} INFO - |2023-12-01   |521  |
[2025-11-09T11:23:19.466+0000] {subprocess.py:93} INFO - |2024-01-01   |517  |
[2025-11-09T11:23:19.466+0000] {subprocess.py:93} INFO - |2024-02-01   |471  |
[2025-11-09T11:23:19.467+0000] {subprocess.py:93} INFO - |2024-03-01   |481  |
[2025-11-09T11:23:19.468+0000] {subprocess.py:93} INFO - |2024-04-01   |454  |
[2025-11-09T11:23:19.469+0000] {subprocess.py:93} INFO - |2024-05-01   |487  |
[2025-11-09T11:23:19.469+0000] {subprocess.py:93} INFO - |2024-06-01   |491  |
[2025-11-09T11:23:19.470+0000] {subprocess.py:93} INFO - |2024-07-01   |489  |
[2025-11-09T11:23:19.471+0000] {subprocess.py:93} INFO - |2024-08-01   |485  |
[2025-11-09T11:23:19.471+0000] {subprocess.py:93} INFO - |2024-09-01   |518  |
[2025-11-09T11:23:19.472+0000] {subprocess.py:93} INFO - |2024-10-01   |511  |
[2025-11-09T11:23:19.473+0000] {subprocess.py:93} INFO - |2024-11-01   |513  |
[2025-11-09T11:23:19.474+0000] {subprocess.py:93} INFO - |2024-12-01   |491  |
[2025-11-09T11:23:19.475+0000] {subprocess.py:93} INFO - |2025-01-01   |498  |
[2025-11-09T11:23:19.476+0000] {subprocess.py:93} INFO - |2025-02-01   |505  |
[2025-11-09T11:23:19.477+0000] {subprocess.py:93} INFO - |2025-03-01   |543  |
[2025-11-09T11:23:19.478+0000] {subprocess.py:93} INFO - +-------------+-----+
[2025-11-09T11:23:19.479+0000] {subprocess.py:93} INFO - only showing top 20 rows
[2025-11-09T11:23:19.479+0000] {subprocess.py:93} INFO - 
[2025-11-09T11:23:19.480+0000] {subprocess.py:93} INFO - +-----------+-------------+--------------------+--------------------+-------------+---------------------+-----------------+---------------+-------------+-----------+-------------------+----------------------+--------------------+--------------------+----------+------------------------+--------------------+------------------+------------+----+----+----+----+----+----+----+----+----+-----+-----+-----+-----+-----+-----+-----+-----+-----+-----+-----+-----+
[2025-11-09T11:23:19.481+0000] {subprocess.py:93} INFO - |Customer_ID|snapshot_date|          model_name|   model_predictions|Annual_Income|Monthly_Inhand_Salary|Num_Bank_Accounts|Num_Credit_Card|Interest_Rate|Num_of_Loan|Delay_from_due_date|Num_of_Delayed_Payment|Changed_Credit_Limit|Num_Credit_Inquiries|Credit_Mix|Credit_Utilization_Ratio|   Payment_Behaviour|Credit_History_Age|  Occupation|fe_1|fe_2|fe_3|fe_4|fe_5|fe_6|fe_7|fe_8|fe_9|fe_10|fe_11|fe_12|fe_13|fe_14|fe_15|fe_16|fe_17|fe_18|fe_19|fe_20|label|
[2025-11-09T11:23:19.482+0000] {subprocess.py:93} INFO - +-----------+-------------+--------------------+--------------------+-------------+---------------------+-----------------+---------------+-------------+-----------+-------------------+----------------------+--------------------+--------------------+----------+------------------------+--------------------+------------------+------------+----+----+----+----+----+----+----+----+----+-----+-----+-----+-----+-----+-----+-----+-----+-----+-----+-----+-----+
[2025-11-09T11:23:19.484+0000] {subprocess.py:93} INFO - | CUS_0x1ed5|   2024-11-01|xgb_credit_model_...|  0.3867032527923584|     18965.35|            1317.4458|             10.0|            7.0|         20.0|        3.0|               21.0|                  18.0|                7.33|                 6.0|       Bad|               27.237741|Low_spent_Small_v...|                96|     Teacher|  70| 217| 136|  15|  67|   2|   1| 127| -52|  119|  245|   85|  -51|  116|  178|  -30|   24|  -18|   45|  158|    1|
[2025-11-09T11:23:19.484+0000] {subprocess.py:93} INFO - | CUS_0x5479|   2024-11-01|xgb_credit_model_...| 0.12401088327169418|     29365.12|            2524.0933|              5.0|            5.0|         12.0|        1.0|               11.0|                  11.0|                7.04|                 5.0|         _|               25.221605|Low_spent_Large_v...|               316|    Musician| 235| 147| 144| 174| 182| 132| 255| 151| 168|   64|  228|   48|  205|  161|   74|  -16|   45|  191|  -72|   91|    0|
[2025-11-09T11:23:19.485+0000] {subprocess.py:93} INFO - | CUS_0xb38d|   2024-11-01|xgb_credit_model_...| 0.38786596059799194|     18409.79|            1594.1492|              7.0|           10.0|         16.0|        5.0|               33.0|                  25.0|                5.16|                11.0|       Bad|                33.87914|Low_spent_Small_v...|               111|     Teacher| -45|  97|  45| 151| -70|  38| 177| 154| 147|  152|  250|   93|  205|   23|  187|  -83|  140|  122|  -49|  177|    1|
[2025-11-09T11:23:19.486+0000] {subprocess.py:93} INFO - | CUS_0x3966|   2024-11-01|xgb_credit_model_...|  0.5734385251998901|     47270.22|             4122.185|              7.0|            9.0|         29.0|        4.0|               24.0|                  17.0|               18.53|                 8.0|       Bad|                40.98788|High_spent_Small_...|               222|  Journalist| -20| 100|  83| 163| 114| 214| 171| 233|  60|   49|  271|   43|  120|  -36|   72|  204|  184| -177|  -17|  104|    1|
[2025-11-09T11:23:19.487+0000] {subprocess.py:93} INFO - | CUS_0x50ef|   2024-11-01|xgb_credit_model_...| 0.09434540569782257|     36794.54|            3165.2117|              7.0|            4.0|          9.0|        0.0|               27.0|                  15.0|                8.69|                 5.0|  Standard|               38.136227|High_spent_Large_...|               106|     Teacher|  81|   2|  -8|  82|   7| -17| 126| 118| 202|  285|  100|   74|  247|  -10|  111|   15|  216|  164|  154|   92|    0|
[2025-11-09T11:23:19.487+0000] {subprocess.py:93} INFO - | CUS_0x727e|   2024-11-01|xgb_credit_model_...| 0.04305727034807205|     19675.25|            1450.6041|              5.0|            3.0|          1.0|        0.0|               10.0|                   7.0|                 7.9|                 3.0|      Good|               31.661867|Low_spent_Medium_...|               401|     Teacher| 145| -32| 259|  86| 131| 214| 118| -72|   4|  195|  -56|  196|   50|  152| -138|  174|   26|  262|  314|  -29|    0|
[2025-11-09T11:23:19.488+0000] {subprocess.py:93} INFO - | CUS_0x24ae|   2024-11-01|xgb_credit_model_...| 0.13716712594032288|      94070.2|             7846.183|              5.0|            5.0|          8.0|        1.0|               21.0|                  17.0|                4.88|                 2.0|  Standard|               28.800034|High_spent_Medium...|               240|Entrepreneur|  71| 164| 325|  55|  77|  54|   1| 150| -21|  169|  202|  153|  224|  210|   27|  148|  -12|   11|  -69|   -5|    0|
[2025-11-09T11:23:19.489+0000] {subprocess.py:93} INFO - | CUS_0x4f29|   2024-11-01|xgb_credit_model_...| 0.22622311115264893|      18431.8|            1543.9833|              7.0|            5.0|          4.0|        4.0|               29.0|                  11.0|                4.59|                 5.0|      Good|               28.335186|             Unknown|               354|  Journalist|  83| 251| 137|  31| -31|  53| 210|  16| 313|  -33|  174|   22|   99|  136|  157|  -43|   35|  120|  142|  250|    1|
[2025-11-09T11:23:19.489+0000] {subprocess.py:93} INFO - | CUS_0x80bd|   2024-11-01|xgb_credit_model_...|  0.6665981411933899|      18550.4|            1660.8667|              3.0|            4.0|         34.0|        2.0|               22.0|                  10.0|               15.08|                 9.0|  Standard|               26.256779|Low_spent_Large_v...|               117|     Manager| 112| 141|  -6| 171| 247|  73| 186| 249|  76|  136|  229|   80|  210|  277|   79|   82|   73|  -15|   97|   -7|    0|
[2025-11-09T11:23:19.490+0000] {subprocess.py:93} INFO - | CUS_0x36ff|   2024-11-01|xgb_credit_model_...|  0.2102990746498108|     45780.86|            3541.0718|              6.0|            6.0|         19.0|        5.0|               28.0|                  16.0|               16.18|                12.0|  Standard|               34.734627|Low_spent_Large_v...|                76|   Architect| -10|  17| 144|-105|  31| 142| 187| -16|   7|  124|  162|   87|   63|  122|   39|   18|  153|   32|  161|  308|    0|
[2025-11-09T11:23:19.490+0000] {subprocess.py:93} INFO - | CUS_0x9d38|   2024-11-01|xgb_credit_model_...|  0.1893662065267563|     27061.84|            2148.1533|              4.0|            5.0|         11.0|        3.0|               27.0|                  14.0|                2.01|                 2.0|  Standard|               29.746296|High_spent_Small_...|               234|      Lawyer| 116| 133| 241|  -1| 162| 256| 113|   5|-110|  309|  154|  170|  107|   18|   95|   27|  124|  -36|  112|   47|    0|
[2025-11-09T11:23:19.491+0000] {subprocess.py:93} INFO - |  CUS_0xd6a|   2024-11-01|xgb_credit_model_...| 0.18515214323997498|     99668.76|              8510.73|              7.0|            4.0|         20.0|        6.0|               28.0|                  17.0|                 4.1|                 4.0|         _|               28.043724|Low_spent_Medium_...|               216|   Scientist| 105| 107| 190| 159| -30| 173| 217| 144|  56|  213|    2|  167|  143|  124|  120|  101|  181|  167|  164|   30|    0|
[2025-11-09T11:23:19.492+0000] {subprocess.py:93} INFO - |  CUS_0x696|   2024-11-01|xgb_credit_model_...| 0.06101109832525253|     89780.85|            7647.7373|              4.0|            5.0|         12.0|        4.0|                5.0|                   7.0|                3.64|                 2.0|      Good|               29.195732|High_spent_Large_...|               292|    Mechanic| 190| -68|  99| -67|  68| -34|  44| 150| 201|  268|  134|  106|  117|  177|  147|  164|    8|   90|  243|   77|    0|
[2025-11-09T11:23:19.493+0000] {subprocess.py:93} INFO - | CUS_0x57dc|   2024-11-01|xgb_credit_model_...| 0.15281197428703308|     99955.08|              8388.59|              8.0|            4.0|         20.0|        4.0|               15.0|                   8.0|                4.86|                 7.0|  Standard|               31.666422|High_spent_Large_...|               350|    Musician|  88|  -8|  71| 168| 193|  22|-233| 179| 198|    2|   80|  138|   38|    6|   27|   89|    4|   96|  288|  -18|    0|
[2025-11-09T11:23:19.494+0000] {subprocess.py:93} INFO - | CUS_0x7016|   2024-11-01|xgb_credit_model_...| 0.08525828272104263|    112815.48|              9450.29|              1.0|            3.0|         11.0|        4.0|               17.0|                   5.0|               11.11|                 3.0|      Good|                34.73438|Low_spent_Medium_...|               215|      Lawyer|  38| -24|  12| 148|  73| -36| 110| 123| 237|  197|   21|  213|   86|    9|   75|  203|   77|  -39|   66|  200|    1|
[2025-11-09T11:23:19.495+0000] {subprocess.py:93} INFO - | CUS_0x109d|   2024-11-01|xgb_credit_model_...|  0.5430546402931213|     49140.87|            4377.0723|             10.0|            6.0|         27.0|        6.0|               35.0|                  18.0|               16.66|                11.0|       Bad|               31.163786|Low_spent_Small_v...|                78|      Writer|  70| -88| 116|-128|  76| 110|  -8|  35| 115|  116|   15|   85|  417|   56|   68|   65|    5|  101|  -34|  -63|    0|
[2025-11-09T11:23:19.495+0000] {subprocess.py:93} INFO - | CUS_0x21bb|   2024-11-01|xgb_credit_model_...| 0.07847871631383896|     89531.13|            7216.9277|              3.0|            4.0|         10.0|        3.0|               11.0|                  12.0|               -2.96|                 4.0|         _|               40.872383|Low_spent_Medium_...|               389|     Teacher| 149| -53| 171|  15|  54|   3|  13|  75| 173|  171|   18|   26|  128|  -30|  114|  -23|   18|  -17|  248|    8|    0|
[2025-11-09T11:23:19.496+0000] {subprocess.py:93} INFO - | CUS_0x463e|   2024-11-01|xgb_credit_model_...|  0.7546875476837158|     14937.63|            1495.8025|              6.0|            6.0|         27.0|        5.0|               24.0|                   9.0|               10.07|                 6.0|  Standard|               36.884785|Low_spent_Large_v...|               178|   Developer|  56| 224|  54| 358| 288| 236|  12|  23| 124|   55|  -49|  203|  157|   39|   99|   39|  155|   62|  146|   58|    1|
[2025-11-09T11:23:19.497+0000] {subprocess.py:93} INFO - | CUS_0x1183|   2024-11-01|xgb_credit_model_...|0.044778548181056976|    134393.73|            10944.478|              1.0|            3.0|         12.0|        2.0|               13.0|                  -1.0|               11.49|                 3.0|      Good|               34.951283|High_spent_Medium...|               308|  Unemployed| 206|   7|  54| 119|  71|  78| 116| 106| 193|   68|   79|  -31|   91|   25|  161|  113|  -63|   64|  110|   32|    0|
[2025-11-09T11:23:19.498+0000] {subprocess.py:93} INFO - | CUS_0x235a|   2024-11-01|xgb_credit_model_...|0.060157325118780136|     33911.02|            2999.9182|              3.0|            5.0|         14.0|        1.0|               12.0|                   9.0|               13.71|                 6.0|  Standard|               39.439823|High_spent_Large_...|               242|   Architect|-125|-123| 120|  78|  69|  -3| 124| 167|  42|  244|  180|   25|  -52|  117|   57|  134|  129|  184|  -35|  -71|    0|
[2025-11-09T11:23:19.499+0000] {subprocess.py:93} INFO - +-----------+-------------+--------------------+--------------------+-------------+---------------------+-----------------+---------------+-------------+-----------+-------------------+----------------------+--------------------+--------------------+----------+------------------------+--------------------+------------------+------------+----+----+----+----+----+----+----+----+----+-----+-----+-----+-----+-----+-----+-----+-----+-----+-----+-----+-----+
[2025-11-09T11:23:19.499+0000] {subprocess.py:93} INFO - only showing top 20 rows
[2025-11-09T11:23:23.718+0000] {subprocess.py:93} INFO - 
[2025-11-09T11:23:23.720+0000] {subprocess.py:93} INFO - Annual_Income KS stat: 0.11257651056139721 p-value: 0.010990015007604005
[2025-11-09T11:23:23.721+0000] {subprocess.py:93} INFO - Num_of_Loan KS stat: 0.028982726715724196 p-value: 0.9932526646117849
[2025-11-09T11:23:23.723+0000] {subprocess.py:93} INFO - Credit_History_Age KS stat: 0.06969346264056592 p-value: 0.26547589465285126
[2025-11-09T11:23:23.725+0000] {subprocess.py:93} INFO - fe_1 KS stat: 0.04579184176161506 p-value: 0.767998302949824
[2025-11-09T11:23:23.726+0000] {subprocess.py:93} INFO - fe_2 KS stat: 0.0619696866548252 p-value: 0.40013012873589193
[2025-11-09T11:23:23.727+0000] {subprocess.py:93} INFO - fe_3 KS stat: 0.07980616292958863 p-value: 0.14345904071452828
[2025-11-09T11:23:23.728+0000] {subprocess.py:93} INFO - +-------------+---------------------+
[2025-11-09T11:23:23.730+0000] {subprocess.py:93} INFO - |snapshot_date|avg(prediction_error)|
[2025-11-09T11:23:23.731+0000] {subprocess.py:93} INFO - +-------------+---------------------+
[2025-11-09T11:23:23.732+0000] {subprocess.py:93} INFO - |   2024-11-01|   0.3155889545889979|
[2025-11-09T11:23:23.733+0000] {subprocess.py:93} INFO - |   2024-12-01|    0.299262545102039|
[2025-11-09T11:23:23.734+0000] {subprocess.py:93} INFO - +-------------+---------------------+
[2025-11-09T11:23:23.735+0000] {subprocess.py:93} INFO - 
[2025-11-09T11:23:23.736+0000] {subprocess.py:93} INFO - PSI: 0.0567709270854883
[2025-11-09T11:23:24.299+0000] {subprocess.py:97} INFO - Command exited with return code 0
[2025-11-09T11:23:24.335+0000] {taskinstance.py:340} INFO - ::group::Post task execution logs
[2025-11-09T11:23:24.336+0000] {taskinstance.py:352} INFO - Marking task as SUCCESS. dag_id=scheduled_training_dag, task_id=model_monitoring.check_data_drift, run_id=manual__2025-11-09T11:22:35.018110+00:00, execution_date=20251109T112235, start_date=20251109T112308, end_date=20251109T112324
[2025-11-09T11:23:24.378+0000] {local_task_job_runner.py:266} INFO - Task exited with return code 0
[2025-11-09T11:23:24.395+0000] {taskinstance.py:3900} INFO - 0 downstream tasks scheduled from follow-on schedule check
[2025-11-09T11:23:24.397+0000] {local_task_job_runner.py:245} INFO - ::endgroup::
