[2025-11-09T10:57:07.436+0000] {local_task_job_runner.py:123} INFO - ::group::Pre task execution logs
[2025-11-09T10:57:07.449+0000] {taskinstance.py:2612} INFO - Dependencies all met for dep_context=non-requeueable deps ti=<TaskInstance: data_pipeline_dag.train_model manual__2025-11-09T10:52:52.991419+00:00 [queued]>
[2025-11-09T10:57:07.461+0000] {taskinstance.py:2612} INFO - Dependencies all met for dep_context=requeueable deps ti=<TaskInstance: data_pipeline_dag.train_model manual__2025-11-09T10:52:52.991419+00:00 [queued]>
[2025-11-09T10:57:07.462+0000] {taskinstance.py:2865} INFO - Starting attempt 2 of 3
[2025-11-09T10:57:07.504+0000] {taskinstance.py:2888} INFO - Executing <Task(BashOperator): train_model> on 2025-11-09 10:52:52.991419+00:00
[2025-11-09T10:57:07.509+0000] {standard_task_runner.py:72} INFO - Started process 1652 to run task
[2025-11-09T10:57:07.512+0000] {standard_task_runner.py:104} INFO - Running: ['airflow', 'tasks', 'run', 'data_pipeline_dag', 'train_model', 'manual__2025-11-09T10:52:52.991419+00:00', '--job-id', '9', '--raw', '--subdir', 'DAGS_FOLDER/data_pipeline_dag.py', '--cfg-path', '/tmp/tmpekofh2sr']
[2025-11-09T10:57:07.514+0000] {standard_task_runner.py:105} INFO - Job 9: Subtask train_model
[2025-11-09T10:57:07.594+0000] {task_command.py:467} INFO - Running <TaskInstance: data_pipeline_dag.train_model manual__2025-11-09T10:52:52.991419+00:00 [running]> on host 7468da456d69
[2025-11-09T10:57:07.671+0000] {taskinstance.py:3131} INFO - Exporting env vars: AIRFLOW_CTX_DAG_OWNER='airflow' AIRFLOW_CTX_DAG_ID='data_pipeline_dag' AIRFLOW_CTX_TASK_ID='train_model' AIRFLOW_CTX_EXECUTION_DATE='2025-11-09T10:52:52.991419+00:00' AIRFLOW_CTX_TRY_NUMBER='2' AIRFLOW_CTX_DAG_RUN_ID='manual__2025-11-09T10:52:52.991419+00:00'
[2025-11-09T10:57:07.672+0000] {taskinstance.py:731} INFO - ::endgroup::
[2025-11-09T10:57:07.683+0000] {subprocess.py:63} INFO - Tmp dir root location: /tmp
[2025-11-09T10:57:07.684+0000] {subprocess.py:75} INFO - Running command: ['/usr/bin/bash', '-c', 'python /app/scripts/04_train_model.py']
[2025-11-09T10:57:07.691+0000] {subprocess.py:86} INFO - Output:
[2025-11-09T10:57:09.936+0000] {subprocess.py:93} INFO - Setting default log level to "WARN".
[2025-11-09T10:57:09.937+0000] {subprocess.py:93} INFO - To adjust logging level use sc.setLogLevel(newLevel). For SparkR, use setLogLevel(newLevel).
[2025-11-09T10:57:10.087+0000] {subprocess.py:93} INFO - 25/11/09 10:57:10 WARN NativeCodeLoader: Unable to load native-hadoop library for your platform... using builtin-java classes where applicable
[2025-11-09T10:57:18.546+0000] {subprocess.py:93} INFO - [Stage 0:======================================>                 (24 + 11) / 35]                                                                                [Stage 2:==============>                                           (3 + 9) / 12]                                                                                {'model_train_date': datetime.datetime(2024, 9, 1, 0, 0),
[2025-11-09T10:57:18.547+0000] {subprocess.py:93} INFO -  'model_train_date_str': '2024-09-01',
[2025-11-09T10:57:18.548+0000] {subprocess.py:93} INFO -  'oot_end_date': datetime.datetime(2024, 8, 31, 0, 0),
[2025-11-09T10:57:18.549+0000] {subprocess.py:93} INFO -  'oot_period_months': 2,
[2025-11-09T10:57:18.549+0000] {subprocess.py:93} INFO -  'oot_start_date': datetime.datetime(2024, 7, 1, 0, 0),
[2025-11-09T10:57:18.550+0000] {subprocess.py:93} INFO -  'train_test_end_date': datetime.datetime(2024, 6, 30, 0, 0),
[2025-11-09T10:57:18.551+0000] {subprocess.py:93} INFO -  'train_test_period_months': 12,
[2025-11-09T10:57:18.552+0000] {subprocess.py:93} INFO -  'train_test_ratio': 0.8,
[2025-11-09T10:57:18.553+0000] {subprocess.py:93} INFO -  'train_test_start_date': datetime.datetime(2023, 7, 1, 0, 0)}
[2025-11-09T10:57:18.554+0000] {subprocess.py:93} INFO - extracted df_labels 6443 2023-07-01 00:00:00 2024-08-31 00:00:00
[2025-11-09T10:57:18.554+0000] {subprocess.py:93} INFO - +--------------------+-----------+-----+----------+-------------+
[2025-11-09T10:57:18.555+0000] {subprocess.py:93} INFO - |             loan_id|Customer_ID|label| label_def|snapshot_date|
[2025-11-09T10:57:18.556+0000] {subprocess.py:93} INFO - +--------------------+-----------+-----+----------+-------------+
[2025-11-09T10:57:18.557+0000] {subprocess.py:93} INFO - |CUS_0x1037_2023_0...| CUS_0x1037|    0|90dpd_7mob|   2023-08-01|
[2025-11-09T10:57:18.558+0000] {subprocess.py:93} INFO - |CUS_0x1069_2023_0...| CUS_0x1069|    0|90dpd_7mob|   2023-08-01|
[2025-11-09T10:57:18.559+0000] {subprocess.py:93} INFO - |CUS_0x114a_2023_0...| CUS_0x114a|    0|90dpd_7mob|   2023-08-01|
[2025-11-09T10:57:18.559+0000] {subprocess.py:93} INFO - |CUS_0x1184_2023_0...| CUS_0x1184|    0|90dpd_7mob|   2023-08-01|
[2025-11-09T10:57:18.560+0000] {subprocess.py:93} INFO - |CUS_0x1297_2023_0...| CUS_0x1297|    1|90dpd_7mob|   2023-08-01|
[2025-11-09T10:57:18.561+0000] {subprocess.py:93} INFO - |CUS_0x12fb_2023_0...| CUS_0x12fb|    0|90dpd_7mob|   2023-08-01|
[2025-11-09T10:57:18.561+0000] {subprocess.py:93} INFO - |CUS_0x1325_2023_0...| CUS_0x1325|    0|90dpd_7mob|   2023-08-01|
[2025-11-09T10:57:18.562+0000] {subprocess.py:93} INFO - |CUS_0x1341_2023_0...| CUS_0x1341|    0|90dpd_7mob|   2023-08-01|
[2025-11-09T10:57:18.563+0000] {subprocess.py:93} INFO - |CUS_0x1375_2023_0...| CUS_0x1375|    1|90dpd_7mob|   2023-08-01|
[2025-11-09T10:57:18.563+0000] {subprocess.py:93} INFO - |CUS_0x13a8_2023_0...| CUS_0x13a8|    0|90dpd_7mob|   2023-08-01|
[2025-11-09T10:57:18.564+0000] {subprocess.py:93} INFO - |CUS_0x13ef_2023_0...| CUS_0x13ef|    0|90dpd_7mob|   2023-08-01|
[2025-11-09T10:57:18.565+0000] {subprocess.py:93} INFO - |CUS_0x1440_2023_0...| CUS_0x1440|    0|90dpd_7mob|   2023-08-01|
[2025-11-09T10:57:18.566+0000] {subprocess.py:93} INFO - |CUS_0x1443_2023_0...| CUS_0x1443|    0|90dpd_7mob|   2023-08-01|
[2025-11-09T10:57:18.567+0000] {subprocess.py:93} INFO - |CUS_0x145a_2023_0...| CUS_0x145a|    0|90dpd_7mob|   2023-08-01|
[2025-11-09T10:57:18.568+0000] {subprocess.py:93} INFO - |CUS_0x1492_2023_0...| CUS_0x1492|    0|90dpd_7mob|   2023-08-01|
[2025-11-09T10:57:18.569+0000] {subprocess.py:93} INFO - |CUS_0x153d_2023_0...| CUS_0x153d|    0|90dpd_7mob|   2023-08-01|
[2025-11-09T10:57:18.570+0000] {subprocess.py:93} INFO - |CUS_0x1567_2023_0...| CUS_0x1567|    0|90dpd_7mob|   2023-08-01|
[2025-11-09T10:57:18.571+0000] {subprocess.py:93} INFO - |CUS_0x15ad_2023_0...| CUS_0x15ad|    1|90dpd_7mob|   2023-08-01|
[2025-11-09T10:57:18.572+0000] {subprocess.py:93} INFO - |CUS_0x1630_2023_0...| CUS_0x1630|    1|90dpd_7mob|   2023-08-01|
[2025-11-09T10:57:18.573+0000] {subprocess.py:93} INFO - |CUS_0x169c_2023_0...| CUS_0x169c|    0|90dpd_7mob|   2023-08-01|
[2025-11-09T10:57:18.575+0000] {subprocess.py:93} INFO - +--------------------+-----------+-----+----------+-------------+
[2025-11-09T10:57:18.576+0000] {subprocess.py:93} INFO - only showing top 20 rows
[2025-11-09T10:57:18.577+0000] {subprocess.py:93} INFO - 
[2025-11-09T10:57:18.578+0000] {subprocess.py:93} INFO - extracted df_features 125636 2023-07-01 00:00:00 2024-08-31 00:00:00
[2025-11-09T10:57:18.579+0000] {subprocess.py:93} INFO - +-----------+-------------+---------------------+-----------------+---------------+-------------+-----------+-------------------+----------------------+--------------------+--------------------+----------+------------------------+--------------------+------------------+-------------+----+----+----+----+----+----+----+----+----+-----+-----+-----+-----+-----+-----+-----+-----+-----+-----+-----+-------------+
[2025-11-09T10:57:18.580+0000] {subprocess.py:93} INFO - |Customer_ID|Annual_Income|Monthly_Inhand_Salary|Num_Bank_Accounts|Num_Credit_Card|Interest_Rate|Num_of_Loan|Delay_from_due_date|Num_of_Delayed_Payment|Changed_Credit_Limit|Num_Credit_Inquiries|Credit_Mix|Credit_Utilization_Ratio|   Payment_Behaviour|Credit_History_Age|   Occupation|fe_1|fe_2|fe_3|fe_4|fe_5|fe_6|fe_7|fe_8|fe_9|fe_10|fe_11|fe_12|fe_13|fe_14|fe_15|fe_16|fe_17|fe_18|fe_19|fe_20|snapshot_date|
[2025-11-09T10:57:18.581+0000] {subprocess.py:93} INFO - +-----------+-------------+---------------------+-----------------+---------------+-------------+-----------+-------------------+----------------------+--------------------+--------------------+----------+------------------------+--------------------+------------------+-------------+----+----+----+----+----+----+----+----+----+-----+-----+-----+-----+-----+-----+-----+-----+-----+-----+-----+-------------+
[2025-11-09T10:57:18.581+0000] {subprocess.py:93} INFO - | CUS_0x6ba9|     20272.23|            1776.3525|              4.0|            3.0|         12.0|        1.0|               -1.0|                   5.0|                4.83|                 6.0|      Good|                  33.874|High_spent_Medium...|               332|       Lawyer| 102| 137| -26| 126| 131| -70| 105| -68| 145|   74|  200| -210|  145|  184|  248|   25|  -19|  164|   16|  184|   2024-03-01|
[2025-11-09T10:57:18.582+0000] {subprocess.py:93} INFO - | CUS_0x74c7|     87853.56|              7527.13|              4.0|            1.0|          4.0|        2.0|                2.0|                   2.0|                9.99|                 4.0|      Good|               27.837519|High_spent_Large_...|               208|   Unemployed|  74| 137|  26|  53| -13| 111| 239| 316| 162|  142|   83|   30|   -9|   18|  -50|  103|  -44|  111|  -55|   93|   2024-03-01|
[2025-11-09T10:57:18.583+0000] {subprocess.py:93} INFO - |  CUS_0xc65|         NULL|                 NULL|             NULL|           NULL|         NULL|       NULL|               NULL|                  NULL|                NULL|                NULL|      NULL|                    NULL|                NULL|              NULL|         NULL| 220|  73| 327| 110| 203| -95|  56| 180|  16|  156|   -7|   60|  230|  109|  147|   39|   10|  193|   72|   39|   2024-03-01|
[2025-11-09T10:57:18.584+0000] {subprocess.py:93} INFO - | CUS_0x5a8b|         NULL|                 NULL|             NULL|           NULL|         NULL|       NULL|               NULL|                  NULL|                NULL|                NULL|      NULL|                    NULL|                NULL|              NULL|         NULL| 232|  54| 192| 249| 309| 154| 207| 139| 133|  111|   80|  131|  -58|  -18|  169|  -27|  119|  106|  -18|  188|   2024-03-01|
[2025-11-09T10:57:18.585+0000] {subprocess.py:93} INFO - | CUS_0x78d3|    17773.775|             1388.148|              3.0|            1.0|          2.0|        2.0|                5.0|                   2.0|                4.57|                 4.0|      Good|               31.760332|Low_spent_Small_v...|               318|   Journalist| 114|  91|  97| 210| 158| -73|  20| -53| 119|  193|   73|  175|   25|  264|  272|  305|  133|  126|   81|   83|   2024-03-01|
[2025-11-09T10:57:18.586+0000] {subprocess.py:93} INFO - | CUS_0x7f5d|     20615.79|            1761.9825|              7.0|            7.0|         21.0|        7.0|               56.0|                  13.0|               10.01|                 8.0|  Standard|                37.84495|Low_spent_Small_v...|               148|      Teacher| 201| 147|   2| 162| 204|  55| 238|  11|  19|  164|   -2|   30|  153|   37|   68|  289|  228|  258|  200|  -96|   2024-03-01|
[2025-11-09T10:57:18.587+0000] {subprocess.py:93} INFO - | CUS_0x8eb2|         NULL|                 NULL|             NULL|           NULL|         NULL|       NULL|               NULL|                  NULL|                NULL|                NULL|      NULL|                    NULL|                NULL|              NULL|         NULL| 147|  92|  63| 165| 157| 211| 141| 115| 133|   51|   -6|   17|  111|   96|   14|  159|   14|   24|   44|  165|   2024-03-01|
[2025-11-09T10:57:18.587+0000] {subprocess.py:93} INFO - |  CUS_0xf6c|     76046.25|            6082.1875|              7.0|            3.0|         16.0|        3.0|               17.0|                  19.0|                3.29|                 9.0|  Standard|               22.548635|Low_spent_Small_v...|               368|       Writer|-151|  18|  41| 215| 291| -15|  19|  63| -32|  153|  225|  176|  199|    1|  116|  171|   15|  289|   65|  172|   2024-03-01|
[2025-11-09T10:57:18.588+0000] {subprocess.py:93} INFO - | CUS_0x7e24|     49854.92|            4216.5767|              8.0|            3.0|         17.0|        3.0|               17.0|                  18.0|                8.07|                 5.0|  Standard|               38.213825|             Unknown|               218|Media_Manager|  97| 147|  85| 159|  55| 159|  86|  45|  28|  210|   -7|  191|  200|  123|  171|   38|  144|  113|  -13|   42|   2024-03-01|
[2025-11-09T10:57:18.588+0000] {subprocess.py:93} INFO - | CUS_0xc65a|     33588.38|            2623.0317|              2.0|            1.0|         12.0|        2.0|                0.0|                  11.0|                8.24|                 4.0|      Good|               23.830828|High_spent_Large_...|               324|Media_Manager|  40| 104| 128| -23| 150| 163| 228| 176| 188|  159|  227|   90|   90|  151|  221|  179|  107| -104|  232|   13|   2024-03-01|
[2025-11-09T10:57:18.590+0000] {subprocess.py:93} INFO - |  CUS_0xebe|     28286.24|            2273.1868|              4.0|            7.0|          7.0|        1.0|               21.0|                  13.0|               11.99|                 4.0|  Standard|               28.700365|High_spent_Medium...|               356|   Journalist| 101| -24| 167|  31| 139| 198| -36|  96| 219|  108|  232|   83|  146|  138|  168|   24|  118|  -46|  148|  259|   2024-03-01|
[2025-11-09T10:57:18.591+0000] {subprocess.py:93} INFO - | CUS_0x1ed5|     18965.35|            1317.4458|             10.0|            7.0|         20.0|        3.0|               21.0|                  18.0|                7.33|                 6.0|       Bad|               27.237741|Low_spent_Small_v...|                96|      Teacher| 135| 200| 274|   6| 178|  18| 101|  63| 199|  209|  112|  -56|  -21|   57|  150|  -87|  -49|  -54|   71|  251|   2024-03-01|
[2025-11-09T10:57:18.591+0000] {subprocess.py:93} INFO - | CUS_0x5479|     29365.12|            2524.0933|              5.0|            5.0|         12.0|        1.0|               11.0|                  11.0|                7.04|                 5.0|         _|               25.221605|Low_spent_Large_v...|               316|     Musician|  75| 205|  67|  82|  83| 243| 252| -48|  81|    6|    8|  204|  221|   25|  218|   72|   81|   22|   95|   51|   2024-03-01|
[2025-11-09T10:57:18.592+0000] {subprocess.py:93} INFO - | CUS_0x7e8d|         NULL|                 NULL|             NULL|           NULL|         NULL|       NULL|               NULL|                  NULL|                NULL|                NULL|      NULL|                    NULL|                NULL|              NULL|         NULL| -34|  55| -53| 100| 243| 135|  29|  74| 285|    8|  202|   95|   32|   74|  136|   66|  124|   12|   47|   70|   2024-03-01|
[2025-11-09T10:57:18.593+0000] {subprocess.py:93} INFO - | CUS_0xb38d|     18409.79|            1594.1492|              7.0|           10.0|         16.0|        5.0|               33.0|                  25.0|                5.16|                11.0|       Bad|                33.87914|Low_spent_Small_v...|               111|      Teacher| -69| 140| 137| 205|  37| 207| 192| 123|  31|  122|  144|  161|  197|   21|   -1|   77|  148|   65|   45|  -41|   2024-03-01|
[2025-11-09T10:57:18.593+0000] {subprocess.py:93} INFO - | CUS_0xafeb|     15910.33|            1111.8608|              8.0|            8.0|         21.0|        9.0|               16.0|                  16.0|               15.26|                 8.0|         _|               30.943031|High_spent_Medium...|               170|      Manager| 117|  84|   0| 130| 112| 124| 112| 136|  61|  195|  264|  192|  241|   84|   89|  127|  242|   34|  189|  195|   2024-03-01|
[2025-11-09T10:57:18.594+0000] {subprocess.py:93} INFO - | CUS_0x1b0f|         NULL|                 NULL|             NULL|           NULL|         NULL|       NULL|               NULL|                  NULL|                NULL|                NULL|      NULL|                    NULL|                NULL|              NULL|         NULL| 159| 233|-181| 220|  18| 265|  39|  47|  44|  -29|  -17|  224|   73|  133|   96|   83|   62|  140|  169|  116|   2024-03-01|
[2025-11-09T10:57:18.594+0000] {subprocess.py:93} INFO - | CUS_0x834f|         NULL|                 NULL|             NULL|           NULL|         NULL|       NULL|               NULL|                  NULL|                NULL|                NULL|      NULL|                    NULL|                NULL|              NULL|         NULL| 143| 253| 367| 210|  23| 141| 145| 209|  17|  204|   17|    1|   63|  -52|  258|   28|  224|  141|  -18|   32|   2024-03-01|
[2025-11-09T10:57:18.595+0000] {subprocess.py:93} INFO - | CUS_0x856b|         NULL|                 NULL|             NULL|           NULL|         NULL|       NULL|               NULL|                  NULL|                NULL|                NULL|      NULL|                    NULL|                NULL|              NULL|         NULL| 107|  12|-167| -47| 256| 102| 148|  30| 130|  228|  271|   70|  246|  219|  151|  108|  239|   40|  143|  343|   2024-03-01|
[2025-11-09T10:57:18.596+0000] {subprocess.py:93} INFO - | CUS_0x8d3d|     16750.04|            1435.8367|              9.0|           10.0|         27.0|        6.0|               41.0|                  19.0|                29.4|                15.0|       Bad|               23.590292|Low_spent_Small_v...|               144|      Manager| 142| 129|   5| 306|  46| 209| 165|  63| 207|  200|  298|  119|  102|  -25|   49|  246|  -55|  301|  201|  120|   2024-03-01|
[2025-11-09T10:57:18.596+0000] {subprocess.py:93} INFO - +-----------+-------------+---------------------+-----------------+---------------+-------------+-----------+-------------------+----------------------+--------------------+--------------------+----------+------------------------+--------------------+------------------+-------------+----+----+----+----+----+----+----+----+----+-----+-----+-----+-----+-----+-----+-----+-----+-----+-----+-----+-------------+
[2025-11-09T10:57:18.597+0000] {subprocess.py:93} INFO - only showing top 20 rows
[2025-11-09T10:57:21.605+0000] {subprocess.py:93} INFO - [Stage 20:========>        (6 + 6) / 12][Stage 21:>                (0 + 6) / 12][Stage 21:>                                                       (0 + 12) / 12][Stage 21:==============>                                          (3 + 9) / 12]
[2025-11-09T10:57:21.607+0000] {subprocess.py:93} INFO - Customer_ID nulls: 0 / 125636
[2025-11-09T10:57:21.608+0000] {subprocess.py:93} INFO - Row count: Customer_ID                 4987
[2025-11-09T10:57:21.609+0000] {subprocess.py:93} INFO - snapshot_date               4987
[2025-11-09T10:57:21.610+0000] {subprocess.py:93} INFO - loan_id                     4987
[2025-11-09T10:57:21.611+0000] {subprocess.py:93} INFO - label                       4987
[2025-11-09T10:57:21.612+0000] {subprocess.py:93} INFO - label_def                   4987
[2025-11-09T10:57:21.613+0000] {subprocess.py:93} INFO - Annual_Income               4987
[2025-11-09T10:57:21.614+0000] {subprocess.py:93} INFO - Monthly_Inhand_Salary       4987
[2025-11-09T10:57:21.615+0000] {subprocess.py:93} INFO - Num_Bank_Accounts           4987
[2025-11-09T10:57:21.615+0000] {subprocess.py:93} INFO - Num_Credit_Card             4987
[2025-11-09T10:57:21.617+0000] {subprocess.py:93} INFO - Interest_Rate               4987
[2025-11-09T10:57:21.618+0000] {subprocess.py:93} INFO - Num_of_Loan                 4987
[2025-11-09T10:57:21.619+0000] {subprocess.py:93} INFO - Delay_from_due_date         4987
[2025-11-09T10:57:21.620+0000] {subprocess.py:93} INFO - Num_of_Delayed_Payment      4987
[2025-11-09T10:57:21.621+0000] {subprocess.py:93} INFO - Changed_Credit_Limit        4987
[2025-11-09T10:57:21.622+0000] {subprocess.py:93} INFO - Num_Credit_Inquiries        4987
[2025-11-09T10:57:21.623+0000] {subprocess.py:93} INFO - Credit_Mix                  4987
[2025-11-09T10:57:21.624+0000] {subprocess.py:93} INFO - Credit_Utilization_Ratio    4987
[2025-11-09T10:57:21.625+0000] {subprocess.py:93} INFO - Payment_Behaviour           4987
[2025-11-09T10:57:21.626+0000] {subprocess.py:93} INFO - Credit_History_Age          4987
[2025-11-09T10:57:21.627+0000] {subprocess.py:93} INFO - Occupation                  4987
[2025-11-09T10:57:21.628+0000] {subprocess.py:93} INFO - fe_1                        4987
[2025-11-09T10:57:21.629+0000] {subprocess.py:93} INFO - fe_2                        4987
[2025-11-09T10:57:21.630+0000] {subprocess.py:93} INFO - fe_3                        4987
[2025-11-09T10:57:21.631+0000] {subprocess.py:93} INFO - fe_4                        4987
[2025-11-09T10:57:21.631+0000] {subprocess.py:93} INFO - fe_5                        4987
[2025-11-09T10:57:21.632+0000] {subprocess.py:93} INFO - fe_6                        4987
[2025-11-09T10:57:21.634+0000] {subprocess.py:93} INFO - fe_7                        4987
[2025-11-09T10:57:21.635+0000] {subprocess.py:93} INFO - fe_8                        4987
[2025-11-09T10:57:21.636+0000] {subprocess.py:93} INFO - fe_9                        4987
[2025-11-09T10:57:21.637+0000] {subprocess.py:93} INFO - fe_10                       4987
[2025-11-09T10:57:21.637+0000] {subprocess.py:93} INFO - fe_11                       4987
[2025-11-09T10:57:21.638+0000] {subprocess.py:93} INFO - fe_12                       4987
[2025-11-09T10:57:21.639+0000] {subprocess.py:93} INFO - fe_13                       4987
[2025-11-09T10:57:21.640+0000] {subprocess.py:93} INFO - fe_14                       4987
[2025-11-09T10:57:21.641+0000] {subprocess.py:93} INFO - fe_15                       4987
[2025-11-09T10:57:21.641+0000] {subprocess.py:93} INFO - fe_16                       4987
[2025-11-09T10:57:21.642+0000] {subprocess.py:93} INFO - fe_17                       4987
[2025-11-09T10:57:21.643+0000] {subprocess.py:93} INFO - fe_18                       4987
[2025-11-09T10:57:21.644+0000] {subprocess.py:93} INFO - fe_19                       4987
[2025-11-09T10:57:21.645+0000] {subprocess.py:93} INFO - fe_20                       4987
[2025-11-09T10:57:21.645+0000] {subprocess.py:93} INFO - dtype: int64
[2025-11-09T10:57:21.646+0000] {subprocess.py:93} INFO - X_train 3396
[2025-11-09T10:57:21.647+0000] {subprocess.py:93} INFO - X_test 850
[2025-11-09T10:57:21.648+0000] {subprocess.py:93} INFO - X_oot 741
[2025-11-09T10:57:21.649+0000] {subprocess.py:93} INFO - y_train 3396 0.27
[2025-11-09T10:57:21.649+0000] {subprocess.py:93} INFO - y_test 850 0.27
[2025-11-09T10:57:21.650+0000] {subprocess.py:93} INFO - y_oot 741 0.28
[2025-11-09T10:57:21.651+0000] {subprocess.py:93} INFO - Traceback (most recent call last):
[2025-11-09T10:57:21.652+0000] {subprocess.py:93} INFO -   File "/app/scripts/04_train_model.py", line 140, in <module>
[2025-11-09T10:57:21.652+0000] {subprocess.py:93} INFO -     from utils.data_processing_before_fit import process_features
[2025-11-09T10:57:21.653+0000] {subprocess.py:93} INFO - ModuleNotFoundError: No module named 'utils'
[2025-11-09T10:57:22.257+0000] {subprocess.py:97} INFO - Command exited with return code 1
[2025-11-09T10:57:22.268+0000] {taskinstance.py:3310} ERROR - Task failed with exception
Traceback (most recent call last):
  File "/home/airflow/.local/lib/python3.10/site-packages/airflow/models/taskinstance.py", line 767, in _execute_task
    result = _execute_callable(context=context, **execute_callable_kwargs)
  File "/home/airflow/.local/lib/python3.10/site-packages/airflow/models/taskinstance.py", line 733, in _execute_callable
    return ExecutionCallableRunner(
  File "/home/airflow/.local/lib/python3.10/site-packages/airflow/utils/operator_helpers.py", line 252, in run
    return self.func(*args, **kwargs)
  File "/home/airflow/.local/lib/python3.10/site-packages/airflow/models/baseoperator.py", line 406, in wrapper
    return func(self, *args, **kwargs)
  File "/home/airflow/.local/lib/python3.10/site-packages/airflow/operators/bash.py", line 249, in execute
    raise AirflowException(
airflow.exceptions.AirflowException: Bash command failed. The command returned a non-zero exit code 1.
[2025-11-09T10:57:22.275+0000] {taskinstance.py:1225} INFO - Marking task as UP_FOR_RETRY. dag_id=data_pipeline_dag, task_id=train_model, run_id=manual__2025-11-09T10:52:52.991419+00:00, execution_date=20251109T105252, start_date=20251109T105707, end_date=20251109T105722
[2025-11-09T10:57:22.306+0000] {taskinstance.py:340} INFO - ::group::Post task execution logs
[2025-11-09T10:57:22.307+0000] {standard_task_runner.py:124} ERROR - Failed to execute job 9 for task train_model (Bash command failed. The command returned a non-zero exit code 1.; 1652)
Traceback (most recent call last):
  File "/home/airflow/.local/lib/python3.10/site-packages/airflow/task/task_runner/standard_task_runner.py", line 117, in _start_by_fork
    ret = args.func(args, dag=self.dag)
  File "/home/airflow/.local/lib/python3.10/site-packages/airflow/cli/cli_config.py", line 49, in command
    return func(*args, **kwargs)
  File "/home/airflow/.local/lib/python3.10/site-packages/airflow/utils/cli.py", line 115, in wrapper
    return f(*args, **kwargs)
  File "/home/airflow/.local/lib/python3.10/site-packages/airflow/cli/commands/task_command.py", line 483, in task_run
    task_return_code = _run_task_by_selected_method(args, _dag, ti)
  File "/home/airflow/.local/lib/python3.10/site-packages/airflow/cli/commands/task_command.py", line 256, in _run_task_by_selected_method
    return _run_raw_task(args, ti)
  File "/home/airflow/.local/lib/python3.10/site-packages/airflow/cli/commands/task_command.py", line 341, in _run_raw_task
    return ti._run_raw_task(
  File "/home/airflow/.local/lib/python3.10/site-packages/airflow/utils/session.py", line 97, in wrapper
    return func(*args, session=session, **kwargs)
  File "/home/airflow/.local/lib/python3.10/site-packages/airflow/models/taskinstance.py", line 3004, in _run_raw_task
    return _run_raw_task(
  File "/home/airflow/.local/lib/python3.10/site-packages/airflow/models/taskinstance.py", line 273, in _run_raw_task
    TaskInstance._execute_task_with_callbacks(
  File "/home/airflow/.local/lib/python3.10/site-packages/airflow/models/taskinstance.py", line 3158, in _execute_task_with_callbacks
    result = self._execute_task(context, task_orig)
  File "/home/airflow/.local/lib/python3.10/site-packages/airflow/models/taskinstance.py", line 3182, in _execute_task
    return _execute_task(self, context, task_orig)
  File "/home/airflow/.local/lib/python3.10/site-packages/airflow/models/taskinstance.py", line 767, in _execute_task
    result = _execute_callable(context=context, **execute_callable_kwargs)
  File "/home/airflow/.local/lib/python3.10/site-packages/airflow/models/taskinstance.py", line 733, in _execute_callable
    return ExecutionCallableRunner(
  File "/home/airflow/.local/lib/python3.10/site-packages/airflow/utils/operator_helpers.py", line 252, in run
    return self.func(*args, **kwargs)
  File "/home/airflow/.local/lib/python3.10/site-packages/airflow/models/baseoperator.py", line 406, in wrapper
    return func(self, *args, **kwargs)
  File "/home/airflow/.local/lib/python3.10/site-packages/airflow/operators/bash.py", line 249, in execute
    raise AirflowException(
airflow.exceptions.AirflowException: Bash command failed. The command returned a non-zero exit code 1.
[2025-11-09T10:57:22.331+0000] {local_task_job_runner.py:266} INFO - Task exited with return code 1
[2025-11-09T10:57:22.348+0000] {taskinstance.py:3900} INFO - 0 downstream tasks scheduled from follow-on schedule check
[2025-11-09T10:57:22.349+0000] {local_task_job_runner.py:245} INFO - ::endgroup::
