[2025-11-09T14:36:21.453+0000] {local_task_job_runner.py:123} INFO - ::group::Pre task execution logs
[2025-11-09T14:36:21.465+0000] {taskinstance.py:2612} INFO - Dependencies all met for dep_context=non-requeueable deps ti=<TaskInstance: scheduled_training_dag.model_monitoring.check_data_drift manual__2025-11-09T13:22:11.597684+00:00 [queued]>
[2025-11-09T14:36:21.474+0000] {taskinstance.py:2612} INFO - Dependencies all met for dep_context=requeueable deps ti=<TaskInstance: scheduled_training_dag.model_monitoring.check_data_drift manual__2025-11-09T13:22:11.597684+00:00 [queued]>
[2025-11-09T14:36:21.475+0000] {taskinstance.py:2865} INFO - Starting attempt 3 of 3
[2025-11-09T14:36:21.518+0000] {taskinstance.py:2888} INFO - Executing <Task(BashOperator): model_monitoring.check_data_drift> on 2025-11-09 13:22:11.597684+00:00
[2025-11-09T14:36:21.522+0000] {standard_task_runner.py:72} INFO - Started process 818 to run task
[2025-11-09T14:36:21.526+0000] {standard_task_runner.py:104} INFO - Running: ['airflow', 'tasks', 'run', 'scheduled_training_dag', 'model_monitoring.check_data_drift', 'manual__2025-11-09T13:22:11.597684+00:00', '--job-id', '65', '--raw', '--subdir', 'DAGS_FOLDER/inference_monitoring_dag.py', '--cfg-path', '/tmp/tmp3t5wtu2a']
[2025-11-09T14:36:21.528+0000] {standard_task_runner.py:105} INFO - Job 65: Subtask model_monitoring.check_data_drift
[2025-11-09T14:36:21.618+0000] {task_command.py:467} INFO - Running <TaskInstance: scheduled_training_dag.model_monitoring.check_data_drift manual__2025-11-09T13:22:11.597684+00:00 [running]> on host 7468da456d69
[2025-11-09T14:36:21.697+0000] {taskinstance.py:3131} INFO - Exporting env vars: AIRFLOW_CTX_DAG_OWNER='airflow' AIRFLOW_CTX_DAG_ID='scheduled_training_dag' AIRFLOW_CTX_TASK_ID='model_monitoring.check_data_drift' AIRFLOW_CTX_EXECUTION_DATE='2025-11-09T13:22:11.597684+00:00' AIRFLOW_CTX_TRY_NUMBER='3' AIRFLOW_CTX_DAG_RUN_ID='manual__2025-11-09T13:22:11.597684+00:00'
[2025-11-09T14:36:21.698+0000] {taskinstance.py:731} INFO - ::endgroup::
[2025-11-09T14:36:21.709+0000] {subprocess.py:63} INFO - Tmp dir root location: /tmp
[2025-11-09T14:36:21.710+0000] {subprocess.py:75} INFO - Running command: ['/usr/bin/bash', '-c', 'python /app/scripts/07_data_drift_monitoring.py --train_date 2016-04-01']
[2025-11-09T14:36:21.717+0000] {subprocess.py:86} INFO - Output:
[2025-11-09T14:36:22.965+0000] {subprocess.py:93} INFO - Setting default log level to "WARN".
[2025-11-09T14:36:22.967+0000] {subprocess.py:93} INFO - To adjust logging level use sc.setLogLevel(newLevel). For SparkR, use setLogLevel(newLevel).
[2025-11-09T14:36:23.157+0000] {subprocess.py:93} INFO - 25/11/09 14:36:23 WARN NativeCodeLoader: Unable to load native-hadoop library for your platform... using builtin-java classes where applicable
[2025-11-09T14:36:29.819+0000] {subprocess.py:93} INFO - predictions:
[2025-11-09T14:36:29.820+0000] {subprocess.py:93} INFO - +-----------+-------------+--------------------+-------------------+
[2025-11-09T14:36:29.821+0000] {subprocess.py:93} INFO - |Customer_ID|snapshot_date|          model_name|  model_predictions|
[2025-11-09T14:36:29.822+0000] {subprocess.py:93} INFO - +-----------+-------------+--------------------+-------------------+
[2025-11-09T14:36:29.822+0000] {subprocess.py:93} INFO - | CUS_0x9c95|   2024-11-01|xgb_credit_model_...| 0.2402772456407547|
[2025-11-09T14:36:29.823+0000] {subprocess.py:93} INFO - | CUS_0x4fd4|   2024-11-01|xgb_credit_model_...| 0.3407558500766754|
[2025-11-09T14:36:29.824+0000] {subprocess.py:93} INFO - | CUS_0x23c8|   2024-11-01|xgb_credit_model_...| 0.1784202605485916|
[2025-11-09T14:36:29.824+0000] {subprocess.py:93} INFO - | CUS_0xb06d|   2024-11-01|xgb_credit_model_...| 0.5234147310256958|
[2025-11-09T14:36:29.825+0000] {subprocess.py:93} INFO - | CUS_0xae98|   2024-11-01|xgb_credit_model_...|0.03986826911568642|
[2025-11-09T14:36:29.826+0000] {subprocess.py:93} INFO - | CUS_0x272c|   2024-11-01|xgb_credit_model_...|0.26777884364128113|
[2025-11-09T14:36:29.827+0000] {subprocess.py:93} INFO - | CUS_0x66ce|   2024-11-01|xgb_credit_model_...| 0.1088644340634346|
[2025-11-09T14:36:29.827+0000] {subprocess.py:93} INFO - | CUS_0x17c4|   2024-11-01|xgb_credit_model_...|  0.329611212015152|
[2025-11-09T14:36:29.828+0000] {subprocess.py:93} INFO - | CUS_0x2441|   2024-11-01|xgb_credit_model_...| 0.4905780553817749|
[2025-11-09T14:36:29.829+0000] {subprocess.py:93} INFO - | CUS_0x7319|   2024-11-01|xgb_credit_model_...|0.16335894167423248|
[2025-11-09T14:36:29.829+0000] {subprocess.py:93} INFO - | CUS_0x6e0e|   2024-11-01|xgb_credit_model_...|0.10606562346220016|
[2025-11-09T14:36:29.829+0000] {subprocess.py:93} INFO - | CUS_0x6ad0|   2024-11-01|xgb_credit_model_...|0.48718327283859253|
[2025-11-09T14:36:29.830+0000] {subprocess.py:93} INFO - | CUS_0x8e90|   2024-11-01|xgb_credit_model_...|0.09246592223644257|
[2025-11-09T14:36:29.830+0000] {subprocess.py:93} INFO - | CUS_0xc1a6|   2024-11-01|xgb_credit_model_...|0.18209250271320343|
[2025-11-09T14:36:29.831+0000] {subprocess.py:93} INFO - | CUS_0x2cdf|   2024-11-01|xgb_credit_model_...|0.38585779070854187|
[2025-11-09T14:36:29.832+0000] {subprocess.py:93} INFO - | CUS_0xc113|   2024-11-01|xgb_credit_model_...| 0.1203814223408699|
[2025-11-09T14:36:29.833+0000] {subprocess.py:93} INFO - | CUS_0x701f|   2024-11-01|xgb_credit_model_...| 0.0811743214726448|
[2025-11-09T14:36:29.833+0000] {subprocess.py:93} INFO - | CUS_0x2064|   2024-11-01|xgb_credit_model_...| 0.2736835479736328|
[2025-11-09T14:36:29.834+0000] {subprocess.py:93} INFO - | CUS_0x1c31|   2024-11-01|xgb_credit_model_...|  0.726466178894043|
[2025-11-09T14:36:29.834+0000] {subprocess.py:93} INFO - | CUS_0x51e5|   2024-11-01|xgb_credit_model_...|0.24154731631278992|
[2025-11-09T14:36:29.835+0000] {subprocess.py:93} INFO - +-----------+-------------+--------------------+-------------------+
[2025-11-09T14:36:29.836+0000] {subprocess.py:93} INFO - only showing top 20 rows
[2025-11-09T14:36:29.836+0000] {subprocess.py:93} INFO - 
[2025-11-09T14:36:29.837+0000] {subprocess.py:93} INFO - True labels:
[2025-11-09T14:36:29.837+0000] {subprocess.py:93} INFO - +--------------------+-----------+-----+----------+-------------+
[2025-11-09T14:36:29.838+0000] {subprocess.py:93} INFO - |             loan_id|Customer_ID|label| label_def|snapshot_date|
[2025-11-09T14:36:29.839+0000] {subprocess.py:93} INFO - +--------------------+-----------+-----+----------+-------------+
[2025-11-09T14:36:29.843+0000] {subprocess.py:93} INFO - |CUS_0x10ac_2024_0...| CUS_0x10ac|    0|90dpd_7mob|   2025-03-01|
[2025-11-09T14:36:29.845+0000] {subprocess.py:93} INFO - |CUS_0x10c5_2024_0...| CUS_0x10c5|    1|90dpd_7mob|   2025-03-01|
[2025-11-09T14:36:29.847+0000] {subprocess.py:93} INFO - |CUS_0x1145_2024_0...| CUS_0x1145|    1|90dpd_7mob|   2025-03-01|
[2025-11-09T14:36:29.848+0000] {subprocess.py:93} INFO - |CUS_0x11ac_2024_0...| CUS_0x11ac|    0|90dpd_7mob|   2025-03-01|
[2025-11-09T14:36:29.848+0000] {subprocess.py:93} INFO - |CUS_0x122c_2024_0...| CUS_0x122c|    0|90dpd_7mob|   2025-03-01|
[2025-11-09T14:36:29.849+0000] {subprocess.py:93} INFO - |CUS_0x1274_2024_0...| CUS_0x1274|    1|90dpd_7mob|   2025-03-01|
[2025-11-09T14:36:29.850+0000] {subprocess.py:93} INFO - |CUS_0x1288_2024_0...| CUS_0x1288|    1|90dpd_7mob|   2025-03-01|
[2025-11-09T14:36:29.850+0000] {subprocess.py:93} INFO - |CUS_0x12cc_2024_0...| CUS_0x12cc|    1|90dpd_7mob|   2025-03-01|
[2025-11-09T14:36:29.851+0000] {subprocess.py:93} INFO - |CUS_0x1338_2024_0...| CUS_0x1338|    0|90dpd_7mob|   2025-03-01|
[2025-11-09T14:36:29.851+0000] {subprocess.py:93} INFO - |CUS_0x1370_2024_0...| CUS_0x1370|    1|90dpd_7mob|   2025-03-01|
[2025-11-09T14:36:29.852+0000] {subprocess.py:93} INFO - |CUS_0x1378_2024_0...| CUS_0x1378|    1|90dpd_7mob|   2025-03-01|
[2025-11-09T14:36:29.852+0000] {subprocess.py:93} INFO - |CUS_0x139b_2024_0...| CUS_0x139b|    0|90dpd_7mob|   2025-03-01|
[2025-11-09T14:36:29.852+0000] {subprocess.py:93} INFO - |CUS_0x13a9_2024_0...| CUS_0x13a9|    0|90dpd_7mob|   2025-03-01|
[2025-11-09T14:36:29.853+0000] {subprocess.py:93} INFO - |CUS_0x13ce_2024_0...| CUS_0x13ce|    0|90dpd_7mob|   2025-03-01|
[2025-11-09T14:36:29.853+0000] {subprocess.py:93} INFO - |CUS_0x147a_2024_0...| CUS_0x147a|    0|90dpd_7mob|   2025-03-01|
[2025-11-09T14:36:29.854+0000] {subprocess.py:93} INFO - |CUS_0x1510_2024_0...| CUS_0x1510|    1|90dpd_7mob|   2025-03-01|
[2025-11-09T14:36:29.855+0000] {subprocess.py:93} INFO - |CUS_0x1572_2024_0...| CUS_0x1572|    0|90dpd_7mob|   2025-03-01|
[2025-11-09T14:36:29.856+0000] {subprocess.py:93} INFO - |CUS_0x159b_2024_0...| CUS_0x159b|    0|90dpd_7mob|   2025-03-01|
[2025-11-09T14:36:29.856+0000] {subprocess.py:93} INFO - |CUS_0x15f1_2024_0...| CUS_0x15f1|    0|90dpd_7mob|   2025-03-01|
[2025-11-09T14:36:29.857+0000] {subprocess.py:93} INFO - |CUS_0x1621_2024_0...| CUS_0x1621|    0|90dpd_7mob|   2025-03-01|
[2025-11-09T14:36:29.857+0000] {subprocess.py:93} INFO - +--------------------+-----------+-----+----------+-------------+
[2025-11-09T14:36:29.858+0000] {subprocess.py:93} INFO - only showing top 20 rows
[2025-11-09T14:36:29.858+0000] {subprocess.py:93} INFO - 
[2025-11-09T14:36:29.858+0000] {subprocess.py:93} INFO - Features:
[2025-11-09T14:36:29.859+0000] {subprocess.py:93} INFO - +-----------+-------------+---------------------+-----------------+---------------+-------------+-----------+-------------------+----------------------+--------------------+--------------------+----------+------------------------+--------------------+------------------+------------+-----------+-----------+-----------+-----------+-----------+-----------+-----------+-----------+-----------+------------+------------+------------+------------+------------+------------+------------+------------+------------+------------+------------+-------------+
[2025-11-09T14:36:29.860+0000] {subprocess.py:93} INFO - |Customer_ID|Annual_Income|Monthly_Inhand_Salary|Num_Bank_Accounts|Num_Credit_Card|Interest_Rate|Num_of_Loan|Delay_from_due_date|Num_of_Delayed_Payment|Changed_Credit_Limit|Num_Credit_Inquiries|Credit_Mix|Credit_Utilization_Ratio|   Payment_Behaviour|Credit_History_Age|  Occupation|fe_1_5m_avg|fe_2_5m_avg|fe_3_5m_avg|fe_4_5m_avg|fe_5_5m_avg|fe_6_5m_avg|fe_7_5m_avg|fe_8_5m_avg|fe_9_5m_avg|fe_10_5m_avg|fe_11_5m_avg|fe_12_5m_avg|fe_13_5m_avg|fe_14_5m_avg|fe_15_5m_avg|fe_16_5m_avg|fe_17_5m_avg|fe_18_5m_avg|fe_19_5m_avg|fe_20_5m_avg|snapshot_date|
[2025-11-09T14:36:29.861+0000] {subprocess.py:93} INFO - +-----------+-------------+---------------------+-----------------+---------------+-------------+-----------+-------------------+----------------------+--------------------+--------------------+----------+------------------------+--------------------+------------------+------------+-----------+-----------+-----------+-----------+-----------+-----------+-----------+-----------+-----------+------------+------------+------------+------------+------------+------------+------------+------------+------------+------------+------------+-------------+
[2025-11-09T14:36:29.861+0000] {subprocess.py:93} INFO - | CUS_0xafeb|     15910.33|            1111.8608|              8.0|            8.0|         21.0|        9.0|               16.0|                  16.0|               15.26|                 8.0|         _|               30.943031|High_spent_Medium...|               170|     Manager|       90.6|      108.2|      160.4|       79.4|      115.2|      103.4|      111.6|      154.2|       82.4|       182.0|       124.6|       157.0|        60.0|       123.8|       -39.2|       -36.6|        90.4|        91.4|       184.4|        24.6|   2024-09-01|
[2025-11-09T14:36:29.862+0000] {subprocess.py:93} INFO - | CUS_0x856b|         NULL|                 NULL|             NULL|           NULL|         NULL|       NULL|               NULL|                  NULL|                NULL|                NULL|      NULL|                    NULL|                NULL|              NULL|        NULL|      146.2|       72.4|       65.2|      105.0|      161.0|       45.0|       71.8|       94.4|       81.6|       170.0|        74.6|       141.4|        72.6|        59.8|        55.8|       170.4|        58.4|       191.6|       119.2|       122.2|   2024-09-01|
[2025-11-09T14:36:29.863+0000] {subprocess.py:93} INFO - | CUS_0xa8ab|      9956.91|             575.7425|             10.0|            7.0|         26.0|        5.0|               44.0|                  17.0|                21.3|                12.0|       Bad|               35.393658|Low_spent_Small_v...|                10|    Engineer|      111.8|       56.2|      132.0|      209.6|      135.8|       61.0|      182.8|      118.6|      124.8|       110.4|        44.4|       111.0|       105.6|       144.4|        85.4|        94.0|       128.2|       100.4|       156.8|       127.2|   2024-09-01|
[2025-11-09T14:36:29.863+0000] {subprocess.py:93} INFO - | CUS_0x9173|     16923.73|            1437.3108|             10.0|            7.0|         19.0|        9.0|               29.0|                  19.0|               25.76|                 8.0|       Bad|               30.327587|Low_spent_Small_v...|                44|     Manager|      126.8|      163.8|       27.4|        2.8|       90.0|      134.0|      100.0|       90.4|       41.8|       145.4|        82.8|       123.0|        75.6|       143.8|        69.2|        48.2|        78.6|       110.2|        91.8|       127.0|   2024-09-01|
[2025-11-09T14:36:29.864+0000] {subprocess.py:93} INFO - | CUS_0x7910|     118645.8|               9525.4|              2.0|            5.0|          5.0|        3.0|                2.0|                  10.0|                5.56|                 4.0|      Good|               35.547718|High_spent_Large_...|               351|   Developer|       50.6|       85.0|       62.2|      126.0|      107.4|       91.8|      129.4|      103.0|       52.8|        31.4|        73.0|       102.4|        67.2|        83.0|        94.6|       113.8|       108.2|        13.0|        47.0|        84.0|   2024-09-01|
[2025-11-09T14:36:29.864+0000] {subprocess.py:93} INFO - | CUS_0x6bd8|     90429.99|            7363.8325|              0.0|            2.0|         10.0|        1.0|                2.0|                   2.0|                2.25|                 4.0|      Good|                  34.414|High_spent_Large_...|               376|      Doctor|      -24.8|       45.2|       54.4|       71.6|      102.8|       98.4|       99.4|       49.4|      169.2|       118.4|        11.0|       111.4|        78.6|       177.4|       166.0|       160.2|       122.6|        79.6|        91.8|        55.0|   2024-09-01|
[2025-11-09T14:36:29.865+0000] {subprocess.py:93} INFO - | CUS_0x6619|     41131.36|            3589.6133|              4.0|            6.0|          1.0|        4.0|                8.0|                  11.0|                7.75|                 5.0|      Good|               26.325792|High_spent_Medium...|               250|   Architect|       45.2|       83.8|       86.2|       64.6|       46.2|      103.4|       42.2|      102.2|      251.2|       159.4|       102.2|        92.0|       131.0|        52.0|        51.2|        -9.4|        17.6|       210.0|        75.2|       116.8|   2024-09-01|
[2025-11-09T14:36:29.866+0000] {subprocess.py:93} INFO - | CUS_0x4ad9|     29310.85|            2522.5708|              8.0|            4.0|         20.0|        4.0|                9.0|                  22.0|                 9.3|                 4.0|         _|               34.675247|High_spent_Large_...|               385|    Mechanic|      110.6|      127.4|      156.6|      111.0|      143.0|       58.0|       48.4|       99.0|      155.2|        37.0|       134.4|        99.2|       125.2|        36.6|        87.8|        65.2|       150.4|       156.6|       101.0|       144.0|   2024-09-01|
[2025-11-09T14:36:29.867+0000] {subprocess.py:93} INFO - | CUS_0x45cb|     58170.76|            4861.5635|              8.0|            5.0|         34.0|        6.0|               38.0|                  17.0|               11.86|                13.0|       Bad|               37.416203|High_spent_Small_...|               183|  Journalist|       59.8|       98.0|       54.6|       90.6|      103.0|      176.2|       92.6|       45.2|      101.0|       137.8|       114.0|       124.6|       134.4|       147.6|       212.6|        59.0|        62.0|       107.8|        -5.4|       168.8|   2024-09-01|
[2025-11-09T14:36:29.868+0000] {subprocess.py:93} INFO - | CUS_0xb837|     14070.22|            1148.5183|              9.0|            9.0|         24.0|        6.0|               39.0|                  18.0|               18.61|                 9.0|       Bad|               24.521376|High_spent_Small_...|               166|  Journalist|      104.8|      124.8|      141.8|      151.2|      130.8|      190.4|       93.4|      131.4|       98.0|       117.8|        64.0|        50.8|       158.2|        57.8|       212.8|        84.0|       117.6|        85.4|       116.4|        36.4|   2024-09-01|
[2025-11-09T14:36:29.868+0000] {subprocess.py:93} INFO - | CUS_0xb042|         NULL|                 NULL|             NULL|           NULL|         NULL|       NULL|               NULL|                  NULL|                NULL|                NULL|      NULL|                    NULL|                NULL|              NULL|        NULL|      146.2|      125.8|      167.6|       75.2|      170.0|      205.2|      130.2|       99.0|      136.0|       130.0|       101.6|       109.6|        67.8|        99.6|        56.8|        78.6|        81.4|        78.2|        66.2|       142.4|   2024-09-01|
[2025-11-09T14:36:29.869+0000] {subprocess.py:93} INFO - | CUS_0x481d|    15328.665|            986.38873|              5.0|            7.0|          1.0|        0.0|                1.0|                  12.0|                 6.1|                 3.0|      Good|               32.657936|Low_spent_Large_v...|               280|    Musician|       46.8|       77.4|       14.6|       49.4|       63.8|      222.8|      160.8|      126.2|      169.0|       226.0|       137.8|       129.0|       105.6|       185.2|        44.8|        49.6|        98.2|        68.2|        40.8|       124.6|   2024-09-01|
[2025-11-09T14:36:29.870+0000] {subprocess.py:93} INFO - | CUS_0x10ee|     12660.16|             909.0133|              5.0|            7.0|         15.0|        0.0|                8.0|                  14.0|                15.1|                 2.0|  Standard|                33.46263|             Unknown|               304|  Journalist|       58.2|       98.4|       88.4|      140.0|       91.2|      131.0|      112.4|       51.8|       75.0|        50.4|        50.2|        68.2|       133.0|        59.2|        60.0|        85.2|        98.2|        84.0|       130.6|        16.2|   2024-09-01|
[2025-11-09T14:36:29.870+0000] {subprocess.py:93} INFO - | CUS_0xb7eb|     125977.6|            10426.134|              8.0|            6.0|         13.0|        2.0|               27.0|                  17.0|                8.02|                 3.0|  Standard|               33.805367|High_spent_Small_...|               387|Entrepreneur|      120.6|      119.2|       72.2|      106.8|       64.8|      202.8|       77.8|      133.2|      172.0|       130.2|        94.4|        41.0|       105.6|       138.8|        80.6|        91.4|        17.0|       186.0|       114.4|        50.4|   2024-09-01|
[2025-11-09T14:36:29.871+0000] {subprocess.py:93} INFO - | CUS_0x472e|         NULL|                 NULL|             NULL|           NULL|         NULL|       NULL|               NULL|                  NULL|                NULL|                NULL|      NULL|                    NULL|                NULL|              NULL|        NULL|       88.6|      112.6|       76.6|      108.4|      153.6|       74.2|       -3.4|       56.4|      115.4|        65.4|        39.0|       120.0|       116.8|       100.2|        79.2|        90.4|        51.8|       -15.2|       142.6|       144.6|   2024-09-01|
[2025-11-09T14:36:29.872+0000] {subprocess.py:93} INFO - | CUS_0x4bdf|    104564.64|              9002.72|              4.0|            7.0|          8.0|        2.0|               17.0|                  18.0|                9.64|                 0.0|         _|               28.451923|High_spent_Small_...|               303|   Developer|       88.2|       88.6|       85.0|       73.0|      143.4|      108.4|      138.2|      152.0|       76.2|        84.2|       176.6|       192.0|        94.6|       132.2|       103.6|        98.0|        18.8|       207.8|       182.6|       154.2|   2024-09-01|
[2025-11-09T14:36:29.872+0000] {subprocess.py:93} INFO - | CUS_0x63b0|     89705.92|             7678.493|              6.0|            4.0|         16.0|        4.0|               16.0|                  10.0|                8.34|                 4.0|  Standard|                36.90799|High_spent_Large_...|               326|   Architect|       74.4|       86.2|      155.8|       83.4|       83.8|      128.2|      120.2|      150.2|      123.8|       184.0|        39.4|       101.0|        45.2|        30.2|        22.6|       165.6|       -23.0|       107.8|        73.2|        46.8|   2024-09-01|
[2025-11-09T14:36:29.873+0000] {subprocess.py:93} INFO - | CUS_0x495f|     20012.87|            1830.7391|              7.0|            8.0|         17.0|        5.0|               20.0|                  15.0|                5.81|                11.0|       Bad|                32.07214|Low_spent_Large_v...|                14|      Lawyer|      222.4|      101.2|       99.0|       99.6|      173.8|        6.0|       84.4|      114.2|      156.6|       104.8|        60.2|        90.6|       145.8|        -5.8|       116.2|       117.2|        70.0|       124.2|        46.2|       113.2|   2024-09-01|
[2025-11-09T14:36:29.873+0000] {subprocess.py:93} INFO - | CUS_0x70f2|    145168.95|            11910.413|              4.0|            6.0|          7.0|        2.0|               15.0|                  13.0|                8.85|                 7.0|  Standard|               45.065434|High_spent_Large_...|               122|     Manager|       61.0|       93.0|      106.0|      138.0|      144.4|       83.0|      105.2|       87.6|       90.8|       168.8|        38.8|        81.8|       155.0|        61.0|       106.6|        19.8|        54.2|        96.0|        24.4|       153.0|   2024-09-01|
[2025-11-09T14:36:29.874+0000] {subprocess.py:93} INFO - | CUS_0x1414|     51093.12|              4080.76|              8.0|            9.0|         25.0|        6.0|               42.0|                  22.0|               27.67|                12.0|       Bad|               30.714888|Low_spent_Small_v...|               134|  Journalist|       62.2|      107.8|       74.4|       79.0|       78.4|       98.4|      100.0|       98.0|      105.8|       209.2|       132.0|       105.6|       127.6|       148.6|        82.6|        62.2|        72.0|        44.6|       129.4|        11.6|   2024-09-01|
[2025-11-09T14:36:29.875+0000] {subprocess.py:93} INFO - +-----------+-------------+---------------------+-----------------+---------------+-------------+-----------+-------------------+----------------------+--------------------+--------------------+----------+------------------------+--------------------+------------------+------------+-----------+-----------+-----------+-----------+-----------+-----------+-----------+-----------+-----------+------------+------------+------------+------------+------------+------------+------------+------------+------------+------------+------------+-------------+
[2025-11-09T14:36:29.875+0000] {subprocess.py:93} INFO - only showing top 20 rows
[2025-11-09T14:36:33.680+0000] {subprocess.py:93} INFO - [Stage 7:==============>                                           (3 + 9) / 12]
[2025-11-09T14:36:33.681+0000] {subprocess.py:93} INFO - +-------------+-----+
[2025-11-09T14:36:33.682+0000] {subprocess.py:93} INFO - |snapshot_date|count|
[2025-11-09T14:36:33.683+0000] {subprocess.py:93} INFO - +-------------+-----+
[2025-11-09T14:36:33.684+0000] {subprocess.py:93} INFO - |2023-08-01   |530  |
[2025-11-09T14:36:33.685+0000] {subprocess.py:93} INFO - |2023-09-01   |501  |
[2025-11-09T14:36:33.686+0000] {subprocess.py:93} INFO - |2023-10-01   |506  |
[2025-11-09T14:36:33.687+0000] {subprocess.py:93} INFO - |2023-11-01   |510  |
[2025-11-09T14:36:33.687+0000] {subprocess.py:93} INFO - |2023-12-01   |521  |
[2025-11-09T14:36:33.689+0000] {subprocess.py:93} INFO - |2024-01-01   |517  |
[2025-11-09T14:36:33.690+0000] {subprocess.py:93} INFO - |2024-02-01   |471  |
[2025-11-09T14:36:33.691+0000] {subprocess.py:93} INFO - |2024-03-01   |481  |
[2025-11-09T14:36:33.691+0000] {subprocess.py:93} INFO - |2024-04-01   |454  |
[2025-11-09T14:36:33.692+0000] {subprocess.py:93} INFO - |2024-05-01   |487  |
[2025-11-09T14:36:33.693+0000] {subprocess.py:93} INFO - |2024-06-01   |491  |
[2025-11-09T14:36:33.694+0000] {subprocess.py:93} INFO - |2024-07-01   |489  |
[2025-11-09T14:36:33.695+0000] {subprocess.py:93} INFO - |2024-08-01   |485  |
[2025-11-09T14:36:33.696+0000] {subprocess.py:93} INFO - |2024-09-01   |518  |
[2025-11-09T14:36:33.696+0000] {subprocess.py:93} INFO - |2024-10-01   |511  |
[2025-11-09T14:36:33.697+0000] {subprocess.py:93} INFO - |2024-11-01   |513  |
[2025-11-09T14:36:33.698+0000] {subprocess.py:93} INFO - |2024-12-01   |491  |
[2025-11-09T14:36:33.699+0000] {subprocess.py:93} INFO - |2025-01-01   |498  |
[2025-11-09T14:36:33.700+0000] {subprocess.py:93} INFO - |2025-02-01   |505  |
[2025-11-09T14:36:33.700+0000] {subprocess.py:93} INFO - |2025-03-01   |543  |
[2025-11-09T14:36:33.701+0000] {subprocess.py:93} INFO - +-------------+-----+
[2025-11-09T14:36:33.702+0000] {subprocess.py:93} INFO - only showing top 20 rows
[2025-11-09T14:36:33.703+0000] {subprocess.py:93} INFO - 
[2025-11-09T14:36:33.703+0000] {subprocess.py:93} INFO - Annual_Income KS stat: 0.11257651056139721 p-value: 0.010990015007604005
[2025-11-09T14:36:33.704+0000] {subprocess.py:93} INFO - Num_of_Loan KS stat: 0.028982726715724196 p-value: 0.9932526646117849
[2025-11-09T14:36:33.704+0000] {subprocess.py:93} INFO - Credit_History_Age KS stat: 0.06969346264056592 p-value: 0.26547589465285126
[2025-11-09T14:36:33.705+0000] {subprocess.py:93} INFO - fe_1_5m_avg KS stat: 0.08817358691414107 p-value: 0.08086700770756569
[2025-11-09T14:36:33.706+0000] {subprocess.py:93} INFO - fe_2_5m_avg KS stat: 0.044677835609825536 p-value: 0.7929294956168109
[2025-11-09T14:36:33.706+0000] {subprocess.py:93} INFO - fe_3_5m_avg KS stat: 0.08636023245595034 p-value: 0.09198799564587935
[2025-11-09T14:36:33.707+0000] {subprocess.py:93} INFO - PSI: 0.03558745349091761
[2025-11-09T14:36:34.248+0000] {subprocess.py:97} INFO - Command exited with return code 0
[2025-11-09T14:36:34.285+0000] {taskinstance.py:340} INFO - ::group::Post task execution logs
[2025-11-09T14:36:34.286+0000] {taskinstance.py:352} INFO - Marking task as SUCCESS. dag_id=scheduled_training_dag, task_id=model_monitoring.check_data_drift, run_id=manual__2025-11-09T13:22:11.597684+00:00, execution_date=20251109T132211, start_date=20251109T143621, end_date=20251109T143634
[2025-11-09T14:36:34.318+0000] {local_task_job_runner.py:266} INFO - Task exited with return code 0
[2025-11-09T14:36:34.335+0000] {taskinstance.py:3900} INFO - 0 downstream tasks scheduled from follow-on schedule check
[2025-11-09T14:36:34.336+0000] {local_task_job_runner.py:245} INFO - ::endgroup::
