[2025-11-09T10:47:49.901+0000] {manager.py:483} INFO - Processing files using up to 1 processes at a time 
[2025-11-09T10:47:49.902+0000] {manager.py:484} INFO - Process each file at most once every 30 seconds
[2025-11-09T10:47:49.903+0000] {manager.py:485} INFO - Checking for new files in /app/dags every 300 seconds
[2025-11-09T10:47:49.904+0000] {manager.py:821} INFO - Searching for files in /app/dags
[2025-11-09T10:47:49.936+0000] {manager.py:824} INFO - There are 2 files in /app/dags
[2025-11-09T10:47:50.760+0000] {manager.py:997} INFO - 
================================================================================
DAG File Processing Stats

File Path                              PID    Runtime      # DAGs    # Errors  Last Runtime    Last Run               Last # of DB Queries
-------------------------------------  -----  ---------  --------  ----------  --------------  -------------------  ----------------------
/app/dags/inference_monitoring_dag.py                           1           0  0.70s           2025-11-09T10:47:50                      45
/app/dags/data_pipeline_dag.py                                  0           0                                                            0
================================================================================
[2025-11-09T10:48:21.743+0000] {manager.py:997} INFO - 
================================================================================
DAG File Processing Stats

File Path                              PID    Runtime      # DAGs    # Errors  Last Runtime    Last Run               Last # of DB Queries
-------------------------------------  -----  ---------  --------  ----------  --------------  -------------------  ----------------------
/app/dags/data_pipeline_dag.py                                  1           0  0.60s           2025-11-09T10:47:52                      43
/app/dags/inference_monitoring_dag.py                           1           0  0.20s           2025-11-09T10:48:21                      12
================================================================================
[2025-11-09T10:48:52.161+0000] {manager.py:997} INFO - 
================================================================================
DAG File Processing Stats

File Path                              PID    Runtime      # DAGs    # Errors  Last Runtime    Last Run               Last # of DB Queries
-------------------------------------  -----  ---------  --------  ----------  --------------  -------------------  ----------------------
/app/dags/inference_monitoring_dag.py                           1           0  0.20s           2025-11-09T10:48:47                      12
/app/dags/data_pipeline_dag.py                                  1           0  0.20s           2025-11-09T10:48:23                      10
================================================================================
[2025-11-09T10:49:22.774+0000] {manager.py:997} INFO - 
================================================================================
DAG File Processing Stats

File Path                              PID    Runtime      # DAGs    # Errors  Last Runtime    Last Run               Last # of DB Queries
-------------------------------------  -----  ---------  --------  ----------  --------------  -------------------  ----------------------
/app/dags/inference_monitoring_dag.py                           1           0  0.20s           2025-11-09T10:49:17                      12
/app/dags/data_pipeline_dag.py                                  1           0  0.20s           2025-11-09T10:48:53                      10
================================================================================
[2025-11-09T10:49:55.454+0000] {manager.py:997} INFO - 
================================================================================
DAG File Processing Stats

File Path                              PID    Runtime      # DAGs    # Errors  Last Runtime    Last Run               Last # of DB Queries
-------------------------------------  -----  ---------  --------  ----------  --------------  -------------------  ----------------------
/app/dags/data_pipeline_dag.py                                  1           0  0.20s           2025-11-09T10:49:55                      10
/app/dags/inference_monitoring_dag.py                           1           0  0.20s           2025-11-09T10:49:52                      12
================================================================================
[2025-11-09T10:50:26.722+0000] {manager.py:997} INFO - 
================================================================================
DAG File Processing Stats

File Path                              PID    Runtime      # DAGs    # Errors  Last Runtime    Last Run               Last # of DB Queries
-------------------------------------  -----  ---------  --------  ----------  --------------  -------------------  ----------------------
/app/dags/data_pipeline_dag.py                                  1           0  0.20s           2025-11-09T10:50:26                      10
/app/dags/inference_monitoring_dag.py                           1           0  0.20s           2025-11-09T10:50:23                      12
================================================================================
[2025-11-09T10:50:58.034+0000] {manager.py:997} INFO - 
================================================================================
DAG File Processing Stats

File Path                              PID    Runtime      # DAGs    # Errors  Last Runtime    Last Run               Last # of DB Queries
-------------------------------------  -----  ---------  --------  ----------  --------------  -------------------  ----------------------
/app/dags/data_pipeline_dag.py                                  1           0  0.21s           2025-11-09T10:50:58                      10
/app/dags/inference_monitoring_dag.py                           1           0  0.20s           2025-11-09T10:50:54                      12
================================================================================
[2025-11-09T10:51:28.740+0000] {manager.py:997} INFO - 
================================================================================
DAG File Processing Stats

File Path                              PID    Runtime      # DAGs    # Errors  Last Runtime    Last Run               Last # of DB Queries
-------------------------------------  -----  ---------  --------  ----------  --------------  -------------------  ----------------------
/app/dags/inference_monitoring_dag.py                           1           0  0.20s           2025-11-09T10:51:24                      12
/app/dags/data_pipeline_dag.py                                  1           0  0.20s           2025-11-09T10:51:28                      10
================================================================================
[2025-11-09T10:51:59.502+0000] {manager.py:997} INFO - 
================================================================================
DAG File Processing Stats

File Path                              PID    Runtime      # DAGs    # Errors  Last Runtime    Last Run               Last # of DB Queries
-------------------------------------  -----  ---------  --------  ----------  --------------  -------------------  ----------------------
/app/dags/data_pipeline_dag.py                                  1           0  0.20s           2025-11-09T10:51:58                       9
/app/dags/inference_monitoring_dag.py                           1           0  0.20s           2025-11-09T10:51:55                      12
================================================================================
[2025-11-09T10:52:30.041+0000] {manager.py:997} INFO - 
================================================================================
DAG File Processing Stats

File Path                              PID    Runtime      # DAGs    # Errors  Last Runtime    Last Run               Last # of DB Queries
-------------------------------------  -----  ---------  --------  ----------  --------------  -------------------  ----------------------
/app/dags/data_pipeline_dag.py                                  1           0  0.21s           2025-11-09T10:52:09                       9
/app/dags/inference_monitoring_dag.py                           1           0  0.20s           2025-11-09T10:52:25                      12
================================================================================
[2025-11-09T10:52:51.044+0000] {manager.py:821} INFO - Searching for files in /app/dags
[2025-11-09T10:52:51.072+0000] {manager.py:824} INFO - There are 2 files in /app/dags
[2025-11-09T10:53:16.087+0000] {manager.py:997} INFO - 
================================================================================
DAG File Processing Stats

File Path                              PID    Runtime      # DAGs    # Errors  Last Runtime    Last Run               Last # of DB Queries
-------------------------------------  -----  ---------  --------  ----------  --------------  -------------------  ----------------------
/app/dags/data_pipeline_dag.py                                  1           0  0.20s           2025-11-09T10:53:16                      10
/app/dags/inference_monitoring_dag.py                           1           0  0.20s           2025-11-09T10:52:58                      12
================================================================================
[2025-11-09T10:53:47.393+0000] {manager.py:997} INFO - 
================================================================================
DAG File Processing Stats

File Path                              PID    Runtime      # DAGs    # Errors  Last Runtime    Last Run               Last # of DB Queries
-------------------------------------  -----  ---------  --------  ----------  --------------  -------------------  ----------------------
/app/dags/inference_monitoring_dag.py                           1           0  0.20s           2025-11-09T10:53:29                      12
/app/dags/data_pipeline_dag.py                                  1           0  0.20s           2025-11-09T10:53:47                      10
================================================================================
[2025-11-09T10:54:17.839+0000] {manager.py:997} INFO - 
================================================================================
DAG File Processing Stats

File Path                              PID    Runtime      # DAGs    # Errors  Last Runtime    Last Run               Last # of DB Queries
-------------------------------------  -----  ---------  --------  ----------  --------------  -------------------  ----------------------
/app/dags/data_pipeline_dag.py                                  1           0  0.20s           2025-11-09T10:54:17                      10
/app/dags/inference_monitoring_dag.py                           1           0  0.20s           2025-11-09T10:54:00                      12
================================================================================
[2025-11-09T10:54:48.150+0000] {manager.py:997} INFO - 
================================================================================
DAG File Processing Stats

File Path                              PID    Runtime      # DAGs    # Errors  Last Runtime    Last Run               Last # of DB Queries
-------------------------------------  -----  ---------  --------  ----------  --------------  -------------------  ----------------------
/app/dags/data_pipeline_dag.py                                  1           0  0.20s           2025-11-09T10:54:48                      10
/app/dags/inference_monitoring_dag.py                           1           0  0.20s           2025-11-09T10:54:31                      12
================================================================================
[2025-11-09T10:55:18.991+0000] {manager.py:997} INFO - 
================================================================================
DAG File Processing Stats

File Path                              PID    Runtime      # DAGs    # Errors  Last Runtime    Last Run               Last # of DB Queries
-------------------------------------  -----  ---------  --------  ----------  --------------  -------------------  ----------------------
/app/dags/data_pipeline_dag.py                                  1           0  0.20s           2025-11-09T10:55:18                      10
/app/dags/inference_monitoring_dag.py                           1           0  0.20s           2025-11-09T10:55:10                      12
================================================================================
[2025-11-09T10:55:49.851+0000] {manager.py:997} INFO - 
================================================================================
DAG File Processing Stats

File Path                              PID    Runtime      # DAGs    # Errors  Last Runtime    Last Run               Last # of DB Queries
-------------------------------------  -----  ---------  --------  ----------  --------------  -------------------  ----------------------
/app/dags/inference_monitoring_dag.py                           1           0  0.20s           2025-11-09T10:55:40                      12
/app/dags/data_pipeline_dag.py                                  1           0  0.20s           2025-11-09T10:55:49                      10
================================================================================
[2025-11-09T10:56:20.658+0000] {manager.py:997} INFO - 
================================================================================
DAG File Processing Stats

File Path                              PID    Runtime      # DAGs    # Errors  Last Runtime    Last Run               Last # of DB Queries
-------------------------------------  -----  ---------  --------  ----------  --------------  -------------------  ----------------------
/app/dags/inference_monitoring_dag.py                           1           0  0.20s           2025-11-09T10:56:11                      12
/app/dags/data_pipeline_dag.py                                  1           0  0.20s           2025-11-09T10:56:20                      10
================================================================================
[2025-11-09T10:56:51.467+0000] {manager.py:997} INFO - 
================================================================================
DAG File Processing Stats

File Path                              PID    Runtime      # DAGs    # Errors  Last Runtime    Last Run               Last # of DB Queries
-------------------------------------  -----  ---------  --------  ----------  --------------  -------------------  ----------------------
/app/dags/data_pipeline_dag.py                                  1           0  0.20s           2025-11-09T10:56:51                      10
/app/dags/inference_monitoring_dag.py                           1           0  0.20s           2025-11-09T10:56:41                      12
================================================================================
[2025-11-09T10:57:23.107+0000] {manager.py:997} INFO - 
================================================================================
DAG File Processing Stats

File Path                              PID    Runtime      # DAGs    # Errors  Last Runtime    Last Run               Last # of DB Queries
-------------------------------------  -----  ---------  --------  ----------  --------------  -------------------  ----------------------
/app/dags/data_pipeline_dag.py                                  1           0  0.20s           2025-11-09T10:57:23                      10
/app/dags/inference_monitoring_dag.py                           1           0  0.20s           2025-11-09T10:56:41                      12
================================================================================
[2025-11-09T10:57:51.138+0000] {manager.py:821} INFO - Searching for files in /app/dags
[2025-11-09T10:57:51.170+0000] {manager.py:824} INFO - There are 2 files in /app/dags
[2025-11-09T10:57:53.355+0000] {manager.py:997} INFO - 
================================================================================
DAG File Processing Stats

File Path                              PID    Runtime      # DAGs    # Errors  Last Runtime    Last Run               Last # of DB Queries
-------------------------------------  -----  ---------  --------  ----------  --------------  -------------------  ----------------------
/app/dags/inference_monitoring_dag.py                           1           0  0.20s           2025-11-09T10:57:26                      12
/app/dags/data_pipeline_dag.py                                  1           0  0.20s           2025-11-09T10:57:53                      10
================================================================================
[2025-11-09T10:58:26.076+0000] {manager.py:997} INFO - 
================================================================================
DAG File Processing Stats

File Path                              PID    Runtime      # DAGs    # Errors  Last Runtime    Last Run               Last # of DB Queries
-------------------------------------  -----  ---------  --------  ----------  --------------  -------------------  ----------------------
/app/dags/data_pipeline_dag.py                                  1           0  0.20s           2025-11-09T10:58:26                      10
/app/dags/inference_monitoring_dag.py                           1           0  0.20s           2025-11-09T10:57:58                      12
================================================================================
[2025-11-09T10:58:56.713+0000] {manager.py:997} INFO - 
================================================================================
DAG File Processing Stats

File Path                              PID    Runtime      # DAGs    # Errors  Last Runtime    Last Run               Last # of DB Queries
-------------------------------------  -----  ---------  --------  ----------  --------------  -------------------  ----------------------
/app/dags/data_pipeline_dag.py                                  1           0  0.20s           2025-11-09T10:58:56                      10
/app/dags/inference_monitoring_dag.py                           1           0  0.20s           2025-11-09T10:58:28                      12
================================================================================
[2025-11-09T10:59:27.736+0000] {manager.py:997} INFO - 
================================================================================
DAG File Processing Stats

File Path                              PID    Runtime      # DAGs    # Errors  Last Runtime    Last Run               Last # of DB Queries
-------------------------------------  -----  ---------  --------  ----------  --------------  -------------------  ----------------------
/app/dags/data_pipeline_dag.py                                  1           0  0.21s           2025-11-09T10:59:27                      10
/app/dags/inference_monitoring_dag.py                           1           0  0.20s           2025-11-09T10:58:59                      12
================================================================================
[2025-11-09T10:59:58.120+0000] {manager.py:997} INFO - 
================================================================================
DAG File Processing Stats

File Path                              PID    Runtime      # DAGs    # Errors  Last Runtime    Last Run               Last # of DB Queries
-------------------------------------  -----  ---------  --------  ----------  --------------  -------------------  ----------------------
/app/dags/data_pipeline_dag.py                                  1           0  0.20s           2025-11-09T10:59:58                      10
/app/dags/inference_monitoring_dag.py                           1           0  0.20s           2025-11-09T10:59:30                      12
================================================================================
[2025-11-09T11:00:31.592+0000] {manager.py:997} INFO - 
================================================================================
DAG File Processing Stats

File Path                              PID    Runtime      # DAGs    # Errors  Last Runtime    Last Run               Last # of DB Queries
-------------------------------------  -----  ---------  --------  ----------  --------------  -------------------  ----------------------
/app/dags/inference_monitoring_dag.py                           1           0  0.20s           2025-11-09T11:00:00                      12
/app/dags/data_pipeline_dag.py                                  1           0  0.20s           2025-11-09T11:00:31                      10
================================================================================
[2025-11-09T11:01:08.713+0000] {manager.py:997} INFO - 
================================================================================
DAG File Processing Stats

File Path                              PID    Runtime      # DAGs    # Errors  Last Runtime    Last Run               Last # of DB Queries
-------------------------------------  -----  ---------  --------  ----------  --------------  -------------------  ----------------------
/app/dags/inference_monitoring_dag.py                           1           0  0.20s           2025-11-09T11:01:08                      12
/app/dags/data_pipeline_dag.py                                  1           0  0.20s           2025-11-09T11:00:31                      10
================================================================================
