[2025-11-09T13:28:25.279+0000] {local_task_job_runner.py:123} INFO - ::group::Pre task execution logs
[2025-11-09T13:28:25.294+0000] {taskinstance.py:2612} INFO - Dependencies all met for dep_context=non-requeueable deps ti=<TaskInstance: data_pipeline_dag.bronze_layer manual__2025-11-09T13:26:45.746500+00:00 [queued]>
[2025-11-09T13:28:25.303+0000] {taskinstance.py:2612} INFO - Dependencies all met for dep_context=requeueable deps ti=<TaskInstance: data_pipeline_dag.bronze_layer manual__2025-11-09T13:26:45.746500+00:00 [queued]>
[2025-11-09T13:28:25.304+0000] {taskinstance.py:2865} INFO - Starting attempt 1 of 2
[2025-11-09T13:28:25.337+0000] {taskinstance.py:2888} INFO - Executing <Task(BashOperator): bronze_layer> on 2025-11-09 13:26:45.746500+00:00
[2025-11-09T13:28:25.341+0000] {standard_task_runner.py:72} INFO - Started process 13082 to run task
[2025-11-09T13:28:25.345+0000] {standard_task_runner.py:104} INFO - Running: ['airflow', 'tasks', 'run', 'data_pipeline_dag', 'bronze_layer', 'manual__2025-11-09T13:26:45.746500+00:00', '--job-id', '56', '--raw', '--subdir', 'DAGS_FOLDER/data_pipeline_dag.py', '--cfg-path', '/tmp/tmpbr_udv6j']
[2025-11-09T13:28:25.347+0000] {standard_task_runner.py:105} INFO - Job 56: Subtask bronze_layer
[2025-11-09T13:28:25.433+0000] {task_command.py:467} INFO - Running <TaskInstance: data_pipeline_dag.bronze_layer manual__2025-11-09T13:26:45.746500+00:00 [running]> on host 7468da456d69
[2025-11-09T13:28:25.529+0000] {taskinstance.py:3131} INFO - Exporting env vars: AIRFLOW_CTX_DAG_OWNER='airflow' AIRFLOW_CTX_DAG_ID='data_pipeline_dag' AIRFLOW_CTX_TASK_ID='bronze_layer' AIRFLOW_CTX_EXECUTION_DATE='2025-11-09T13:26:45.746500+00:00' AIRFLOW_CTX_TRY_NUMBER='1' AIRFLOW_CTX_DAG_RUN_ID='manual__2025-11-09T13:26:45.746500+00:00'
[2025-11-09T13:28:25.530+0000] {taskinstance.py:731} INFO - ::endgroup::
[2025-11-09T13:28:25.542+0000] {subprocess.py:63} INFO - Tmp dir root location: /tmp
[2025-11-09T13:28:25.544+0000] {subprocess.py:75} INFO - Running command: ['/usr/bin/bash', '-c', 'python /app/scripts/01_create_bronze_layer.py']
[2025-11-09T13:28:25.553+0000] {subprocess.py:86} INFO - Output:
[2025-11-09T13:28:27.294+0000] {subprocess.py:93} INFO - Setting default log level to "WARN".
[2025-11-09T13:28:27.295+0000] {subprocess.py:93} INFO - To adjust logging level use sc.setLogLevel(newLevel). For SparkR, use setLogLevel(newLevel).
[2025-11-09T13:28:27.411+0000] {subprocess.py:93} INFO - 25/11/09 13:28:27 WARN NativeCodeLoader: Unable to load native-hadoop library for your platform... using builtin-java classes where applicable
[2025-11-09T13:28:58.116+0000] {subprocess.py:93} INFO - [Stage 9:>                                                          (0 + 1) / 1]                                                                                Created directory (if missing): /app/datamart/bronze/lms/
[2025-11-09T13:28:58.118+0000] {subprocess.py:93} INFO - Created directory (if missing): /app/datamart/bronze/clickstream/
[2025-11-09T13:28:58.119+0000] {subprocess.py:93} INFO - Created directory (if missing): /app/datamart/bronze/attributes/
[2025-11-09T13:28:58.120+0000] {subprocess.py:93} INFO - Created directory (if missing): /app/datamart/bronze/fin/
[2025-11-09T13:28:58.121+0000] {subprocess.py:93} INFO - Saved 35 bronze files to /app/datamart/bronze/lms/
[2025-11-09T13:28:58.122+0000] {subprocess.py:93} INFO - Saved 24 bronze files to /app/datamart/bronze/clickstream/
[2025-11-09T13:28:58.122+0000] {subprocess.py:93} INFO - Saved 25 bronze files to /app/datamart/bronze/attributes/
[2025-11-09T13:28:58.123+0000] {subprocess.py:93} INFO - Saved 25 bronze files to /app/datamart/bronze/fin/
[2025-11-09T13:28:58.766+0000] {subprocess.py:97} INFO - Command exited with return code 0
[2025-11-09T13:28:58.807+0000] {taskinstance.py:340} INFO - ::group::Post task execution logs
[2025-11-09T13:28:58.808+0000] {taskinstance.py:352} INFO - Marking task as SUCCESS. dag_id=data_pipeline_dag, task_id=bronze_layer, run_id=manual__2025-11-09T13:26:45.746500+00:00, execution_date=20251109T132645, start_date=20251109T132825, end_date=20251109T132858
[2025-11-09T13:28:58.878+0000] {local_task_job_runner.py:266} INFO - Task exited with return code 0
[2025-11-09T13:28:58.902+0000] {taskinstance.py:3900} INFO - 1 downstream tasks scheduled from follow-on schedule check
[2025-11-09T13:28:58.913+0000] {local_task_job_runner.py:245} INFO - ::endgroup::
