[2025-11-09T13:30:56.227+0000] {local_task_job_runner.py:123} INFO - ::group::Pre task execution logs
[2025-11-09T13:30:56.239+0000] {taskinstance.py:2612} INFO - Dependencies all met for dep_context=non-requeueable deps ti=<TaskInstance: data_pipeline_dag.silver_layer manual__2025-11-09T13:26:45.746500+00:00 [queued]>
[2025-11-09T13:30:56.247+0000] {taskinstance.py:2612} INFO - Dependencies all met for dep_context=requeueable deps ti=<TaskInstance: data_pipeline_dag.silver_layer manual__2025-11-09T13:26:45.746500+00:00 [queued]>
[2025-11-09T13:30:56.248+0000] {taskinstance.py:2865} INFO - Starting attempt 1 of 2
[2025-11-09T13:30:56.279+0000] {taskinstance.py:2888} INFO - Executing <Task(BashOperator): silver_layer> on 2025-11-09 13:26:45.746500+00:00
[2025-11-09T13:30:56.284+0000] {standard_task_runner.py:72} INFO - Started process 15819 to run task
[2025-11-09T13:30:56.287+0000] {standard_task_runner.py:104} INFO - Running: ['airflow', 'tasks', 'run', 'data_pipeline_dag', 'silver_layer', 'manual__2025-11-09T13:26:45.746500+00:00', '--job-id', '58', '--raw', '--subdir', 'DAGS_FOLDER/data_pipeline_dag.py', '--cfg-path', '/tmp/tmpiyl6tl9z']
[2025-11-09T13:30:56.291+0000] {standard_task_runner.py:105} INFO - Job 58: Subtask silver_layer
[2025-11-09T13:30:56.374+0000] {task_command.py:467} INFO - Running <TaskInstance: data_pipeline_dag.silver_layer manual__2025-11-09T13:26:45.746500+00:00 [running]> on host 7468da456d69
[2025-11-09T13:30:56.473+0000] {taskinstance.py:3131} INFO - Exporting env vars: AIRFLOW_CTX_DAG_OWNER='airflow' AIRFLOW_CTX_DAG_ID='data_pipeline_dag' AIRFLOW_CTX_TASK_ID='silver_layer' AIRFLOW_CTX_EXECUTION_DATE='2025-11-09T13:26:45.746500+00:00' AIRFLOW_CTX_TRY_NUMBER='1' AIRFLOW_CTX_DAG_RUN_ID='manual__2025-11-09T13:26:45.746500+00:00'
[2025-11-09T13:30:56.475+0000] {taskinstance.py:731} INFO - ::endgroup::
[2025-11-09T13:30:56.491+0000] {subprocess.py:63} INFO - Tmp dir root location: /tmp
[2025-11-09T13:30:56.493+0000] {subprocess.py:75} INFO - Running command: ['/usr/bin/bash', '-c', 'python /app/scripts/02_create_silver_layer.py']
[2025-11-09T13:30:56.503+0000] {subprocess.py:86} INFO - Output:
[2025-11-09T13:30:58.361+0000] {subprocess.py:93} INFO - Setting default log level to "WARN".
[2025-11-09T13:30:58.368+0000] {subprocess.py:93} INFO - To adjust logging level use sc.setLogLevel(newLevel). For SparkR, use setLogLevel(newLevel).
[2025-11-09T13:30:58.575+0000] {subprocess.py:93} INFO - 25/11/09 13:30:58 WARN NativeCodeLoader: Unable to load native-hadoop library for your platform... using builtin-java classes where applicable
[2025-11-09T13:32:41.856+0000] {subprocess.py:93} INFO - [Stage 2:>                                                          (0 + 1) / 1]                                                                                Created directory (if missing): /app/datamart/silver/loan_daily/
[2025-11-09T13:32:41.863+0000] {subprocess.py:93} INFO - Created directory (if missing): /app/datamart/silver/fin/
[2025-11-09T13:32:41.864+0000] {subprocess.py:93} INFO - Created directory (if missing): /app/datamart/silver/attributes/
[2025-11-09T13:32:41.865+0000] {subprocess.py:93} INFO - [SILVER/LMS] Found 35 bronze LMS partitions...
[2025-11-09T13:32:41.866+0000] {subprocess.py:93} INFO - [SILVER/LMS] Finished writing to /app/datamart/silver/loan_daily/
[2025-11-09T13:32:41.867+0000] {subprocess.py:93} INFO - [SILVER/ATTR] Found 25 bronze attribute partitions...
[2025-11-09T13:32:41.868+0000] {subprocess.py:93} INFO - [SILVER/ATTR] Finished writing to /app/datamart/silver/attributes/
[2025-11-09T13:32:41.869+0000] {subprocess.py:93} INFO - [SILVER/FIN] Found 25 bronze FIN partitions...
[2025-11-09T13:32:41.869+0000] {subprocess.py:93} INFO - [SILVER/FIN] Finished writing to /app/datamart/silver/fin/
[2025-11-09T13:32:42.385+0000] {subprocess.py:97} INFO - Command exited with return code 0
[2025-11-09T13:32:42.421+0000] {taskinstance.py:340} INFO - ::group::Post task execution logs
[2025-11-09T13:32:42.422+0000] {taskinstance.py:352} INFO - Marking task as SUCCESS. dag_id=data_pipeline_dag, task_id=silver_layer, run_id=manual__2025-11-09T13:26:45.746500+00:00, execution_date=20251109T132645, start_date=20251109T133056, end_date=20251109T133242
[2025-11-09T13:32:42.479+0000] {local_task_job_runner.py:266} INFO - Task exited with return code 0
[2025-11-09T13:32:42.514+0000] {taskinstance.py:3900} INFO - 1 downstream tasks scheduled from follow-on schedule check
[2025-11-09T13:32:42.523+0000] {local_task_job_runner.py:245} INFO - ::endgroup::
