[2025-11-09T11:00:33.413+0000] {local_task_job_runner.py:123} INFO - ::group::Pre task execution logs
[2025-11-09T11:00:33.430+0000] {taskinstance.py:2612} INFO - Dependencies all met for dep_context=non-requeueable deps ti=<TaskInstance: data_pipeline_dag.bronze_layer manual__2025-11-09T10:52:52.991419+00:00 [queued]>
[2025-11-09T11:00:33.440+0000] {taskinstance.py:2612} INFO - Dependencies all met for dep_context=requeueable deps ti=<TaskInstance: data_pipeline_dag.bronze_layer manual__2025-11-09T10:52:52.991419+00:00 [queued]>
[2025-11-09T11:00:33.441+0000] {taskinstance.py:2865} INFO - Starting attempt 3 of 4
[2025-11-09T11:00:33.473+0000] {taskinstance.py:2888} INFO - Executing <Task(BashOperator): bronze_layer> on 2025-11-09 10:52:52.991419+00:00
[2025-11-09T11:00:33.478+0000] {standard_task_runner.py:72} INFO - Started process 2740 to run task
[2025-11-09T11:00:33.481+0000] {standard_task_runner.py:104} INFO - Running: ['airflow', 'tasks', 'run', 'data_pipeline_dag', 'bronze_layer', 'manual__2025-11-09T10:52:52.991419+00:00', '--job-id', '13', '--raw', '--subdir', 'DAGS_FOLDER/data_pipeline_dag.py', '--cfg-path', '/tmp/tmpueg0vn8_']
[2025-11-09T11:00:33.484+0000] {standard_task_runner.py:105} INFO - Job 13: Subtask bronze_layer
[2025-11-09T11:00:33.562+0000] {task_command.py:467} INFO - Running <TaskInstance: data_pipeline_dag.bronze_layer manual__2025-11-09T10:52:52.991419+00:00 [running]> on host 7468da456d69
[2025-11-09T11:00:33.644+0000] {taskinstance.py:3131} INFO - Exporting env vars: AIRFLOW_CTX_DAG_OWNER='airflow' AIRFLOW_CTX_DAG_ID='data_pipeline_dag' AIRFLOW_CTX_TASK_ID='bronze_layer' AIRFLOW_CTX_EXECUTION_DATE='2025-11-09T10:52:52.991419+00:00' AIRFLOW_CTX_TRY_NUMBER='3' AIRFLOW_CTX_DAG_RUN_ID='manual__2025-11-09T10:52:52.991419+00:00'
[2025-11-09T11:00:33.646+0000] {taskinstance.py:731} INFO - ::endgroup::
[2025-11-09T11:00:33.656+0000] {subprocess.py:63} INFO - Tmp dir root location: /tmp
[2025-11-09T11:00:33.658+0000] {subprocess.py:75} INFO - Running command: ['/usr/bin/bash', '-c', 'python /app/scripts/01_create_bronze_layer.py']
[2025-11-09T11:00:33.667+0000] {subprocess.py:86} INFO - Output:
[2025-11-09T11:00:35.504+0000] {subprocess.py:93} INFO - Setting default log level to "WARN".
[2025-11-09T11:00:35.506+0000] {subprocess.py:93} INFO - To adjust logging level use sc.setLogLevel(newLevel). For SparkR, use setLogLevel(newLevel).
[2025-11-09T11:00:35.709+0000] {subprocess.py:93} INFO - 25/11/09 11:00:35 WARN NativeCodeLoader: Unable to load native-hadoop library for your platform... using builtin-java classes where applicable
[2025-11-09T11:01:07.309+0000] {subprocess.py:93} INFO - [Stage 9:>                                                          (0 + 1) / 1]                                                                                Created directory (if missing): /app/datamart/bronze/lms/
[2025-11-09T11:01:07.311+0000] {subprocess.py:93} INFO - Created directory (if missing): /app/datamart/bronze/clickstream/
[2025-11-09T11:01:07.312+0000] {subprocess.py:93} INFO - Created directory (if missing): /app/datamart/bronze/attributes/
[2025-11-09T11:01:07.313+0000] {subprocess.py:93} INFO - Created directory (if missing): /app/datamart/bronze/fin/
[2025-11-09T11:01:07.314+0000] {subprocess.py:93} INFO - Saved 35 bronze files to /app/datamart/bronze/lms/
[2025-11-09T11:01:07.315+0000] {subprocess.py:93} INFO - Saved 24 bronze files to /app/datamart/bronze/clickstream/
[2025-11-09T11:01:07.315+0000] {subprocess.py:93} INFO - Saved 25 bronze files to /app/datamart/bronze/attributes/
[2025-11-09T11:01:07.316+0000] {subprocess.py:93} INFO - Saved 25 bronze files to /app/datamart/bronze/fin/
[2025-11-09T11:01:07.872+0000] {subprocess.py:97} INFO - Command exited with return code 0
[2025-11-09T11:01:07.910+0000] {taskinstance.py:340} INFO - ::group::Post task execution logs
[2025-11-09T11:01:07.911+0000] {taskinstance.py:352} INFO - Marking task as SUCCESS. dag_id=data_pipeline_dag, task_id=bronze_layer, run_id=manual__2025-11-09T10:52:52.991419+00:00, execution_date=20251109T105252, start_date=20251109T110033, end_date=20251109T110107
[2025-11-09T11:01:07.959+0000] {local_task_job_runner.py:266} INFO - Task exited with return code 0
[2025-11-09T11:01:07.988+0000] {taskinstance.py:3900} INFO - 1 downstream tasks scheduled from follow-on schedule check
[2025-11-09T11:01:07.998+0000] {local_task_job_runner.py:245} INFO - ::endgroup::
