[2025-11-09T11:13:10.396+0000] {local_task_job_runner.py:123} INFO - ::group::Pre task execution logs
[2025-11-09T11:13:10.413+0000] {taskinstance.py:2612} INFO - Dependencies all met for dep_context=non-requeueable deps ti=<TaskInstance: data_pipeline_dag.bronze_layer manual__2025-11-09T10:52:52.991419+00:00 [queued]>
[2025-11-09T11:13:10.423+0000] {taskinstance.py:2612} INFO - Dependencies all met for dep_context=requeueable deps ti=<TaskInstance: data_pipeline_dag.bronze_layer manual__2025-11-09T10:52:52.991419+00:00 [queued]>
[2025-11-09T11:13:10.424+0000] {taskinstance.py:2865} INFO - Starting attempt 4 of 5
[2025-11-09T11:13:10.451+0000] {taskinstance.py:2888} INFO - Executing <Task(BashOperator): bronze_layer> on 2025-11-09 10:52:52.991419+00:00
[2025-11-09T11:13:10.456+0000] {standard_task_runner.py:72} INFO - Started process 7873 to run task
[2025-11-09T11:13:10.459+0000] {standard_task_runner.py:104} INFO - Running: ['airflow', 'tasks', 'run', 'data_pipeline_dag', 'bronze_layer', 'manual__2025-11-09T10:52:52.991419+00:00', '--job-id', '20', '--raw', '--subdir', 'DAGS_FOLDER/data_pipeline_dag.py', '--cfg-path', '/tmp/tmpdatguel1']
[2025-11-09T11:13:10.462+0000] {standard_task_runner.py:105} INFO - Job 20: Subtask bronze_layer
[2025-11-09T11:13:10.548+0000] {task_command.py:467} INFO - Running <TaskInstance: data_pipeline_dag.bronze_layer manual__2025-11-09T10:52:52.991419+00:00 [running]> on host 7468da456d69
[2025-11-09T11:13:10.644+0000] {taskinstance.py:3131} INFO - Exporting env vars: AIRFLOW_CTX_DAG_OWNER='airflow' AIRFLOW_CTX_DAG_ID='data_pipeline_dag' AIRFLOW_CTX_TASK_ID='bronze_layer' AIRFLOW_CTX_EXECUTION_DATE='2025-11-09T10:52:52.991419+00:00' AIRFLOW_CTX_TRY_NUMBER='4' AIRFLOW_CTX_DAG_RUN_ID='manual__2025-11-09T10:52:52.991419+00:00'
[2025-11-09T11:13:10.646+0000] {taskinstance.py:731} INFO - ::endgroup::
[2025-11-09T11:13:10.657+0000] {subprocess.py:63} INFO - Tmp dir root location: /tmp
[2025-11-09T11:13:10.658+0000] {subprocess.py:75} INFO - Running command: ['/usr/bin/bash', '-c', 'python /app/scripts/01_create_bronze_layer.py']
[2025-11-09T11:13:10.665+0000] {subprocess.py:86} INFO - Output:
[2025-11-09T11:13:12.453+0000] {subprocess.py:93} INFO - Setting default log level to "WARN".
[2025-11-09T11:13:12.455+0000] {subprocess.py:93} INFO - To adjust logging level use sc.setLogLevel(newLevel). For SparkR, use setLogLevel(newLevel).
[2025-11-09T11:13:12.575+0000] {subprocess.py:93} INFO - 25/11/09 11:13:12 WARN NativeCodeLoader: Unable to load native-hadoop library for your platform... using builtin-java classes where applicable
[2025-11-09T11:13:41.732+0000] {subprocess.py:93} INFO - [Stage 1:>                                                          (0 + 3) / 3]                                                                                Created directory (if missing): /app/datamart/bronze/lms/
[2025-11-09T11:13:41.733+0000] {subprocess.py:93} INFO - Created directory (if missing): /app/datamart/bronze/clickstream/
[2025-11-09T11:13:41.734+0000] {subprocess.py:93} INFO - Created directory (if missing): /app/datamart/bronze/attributes/
[2025-11-09T11:13:41.735+0000] {subprocess.py:93} INFO - Created directory (if missing): /app/datamart/bronze/fin/
[2025-11-09T11:13:41.736+0000] {subprocess.py:93} INFO - Saved 35 bronze files to /app/datamart/bronze/lms/
[2025-11-09T11:13:41.737+0000] {subprocess.py:93} INFO - Saved 24 bronze files to /app/datamart/bronze/clickstream/
[2025-11-09T11:13:41.737+0000] {subprocess.py:93} INFO - Saved 25 bronze files to /app/datamart/bronze/attributes/
[2025-11-09T11:13:41.738+0000] {subprocess.py:93} INFO - Saved 25 bronze files to /app/datamart/bronze/fin/
[2025-11-09T11:13:42.274+0000] {subprocess.py:97} INFO - Command exited with return code 0
[2025-11-09T11:13:42.305+0000] {taskinstance.py:340} INFO - ::group::Post task execution logs
[2025-11-09T11:13:42.306+0000] {taskinstance.py:352} INFO - Marking task as SUCCESS. dag_id=data_pipeline_dag, task_id=bronze_layer, run_id=manual__2025-11-09T10:52:52.991419+00:00, execution_date=20251109T105252, start_date=20251109T111310, end_date=20251109T111342
[2025-11-09T11:13:42.335+0000] {local_task_job_runner.py:266} INFO - Task exited with return code 0
[2025-11-09T11:13:42.358+0000] {taskinstance.py:3900} INFO - 1 downstream tasks scheduled from follow-on schedule check
[2025-11-09T11:13:42.370+0000] {local_task_job_runner.py:245} INFO - ::endgroup::
