[2025-11-09T14:35:55.985+0000] {local_task_job_runner.py:123} INFO - ::group::Pre task execution logs
[2025-11-09T14:35:56.001+0000] {taskinstance.py:2612} INFO - Dependencies all met for dep_context=non-requeueable deps ti=<TaskInstance: scheduled_training_dag.inference manual__2025-11-09T13:22:11.597684+00:00 [queued]>
[2025-11-09T14:35:56.012+0000] {taskinstance.py:2612} INFO - Dependencies all met for dep_context=requeueable deps ti=<TaskInstance: scheduled_training_dag.inference manual__2025-11-09T13:22:11.597684+00:00 [queued]>
[2025-11-09T14:35:56.012+0000] {taskinstance.py:2865} INFO - Starting attempt 2 of 2
[2025-11-09T14:35:56.038+0000] {taskinstance.py:2888} INFO - Executing <Task(BashOperator): inference> on 2025-11-09 13:22:11.597684+00:00
[2025-11-09T14:35:56.042+0000] {standard_task_runner.py:72} INFO - Started process 130 to run task
[2025-11-09T14:35:56.046+0000] {standard_task_runner.py:104} INFO - Running: ['airflow', 'tasks', 'run', 'scheduled_training_dag', 'inference', 'manual__2025-11-09T13:22:11.597684+00:00', '--job-id', '63', '--raw', '--subdir', 'DAGS_FOLDER/inference_monitoring_dag.py', '--cfg-path', '/tmp/tmpx1o8o5t8']
[2025-11-09T14:35:56.048+0000] {standard_task_runner.py:105} INFO - Job 63: Subtask inference
[2025-11-09T14:35:56.117+0000] {task_command.py:467} INFO - Running <TaskInstance: scheduled_training_dag.inference manual__2025-11-09T13:22:11.597684+00:00 [running]> on host 7468da456d69
[2025-11-09T14:35:56.208+0000] {taskinstance.py:3131} INFO - Exporting env vars: AIRFLOW_CTX_DAG_OWNER='airflow' AIRFLOW_CTX_DAG_ID='scheduled_training_dag' AIRFLOW_CTX_TASK_ID='inference' AIRFLOW_CTX_EXECUTION_DATE='2025-11-09T13:22:11.597684+00:00' AIRFLOW_CTX_TRY_NUMBER='2' AIRFLOW_CTX_DAG_RUN_ID='manual__2025-11-09T13:22:11.597684+00:00'
[2025-11-09T14:35:56.209+0000] {taskinstance.py:731} INFO - ::endgroup::
[2025-11-09T14:35:56.222+0000] {subprocess.py:63} INFO - Tmp dir root location: /tmp
[2025-11-09T14:35:56.224+0000] {subprocess.py:75} INFO - Running command: ['/usr/bin/bash', '-c', 'python /app/scripts/05_run_inference.py']
[2025-11-09T14:35:56.230+0000] {subprocess.py:86} INFO - Output:
[2025-11-09T14:35:58.771+0000] {subprocess.py:93} INFO - Setting default log level to "WARN".
[2025-11-09T14:35:58.777+0000] {subprocess.py:93} INFO - To adjust logging level use sc.setLogLevel(newLevel). For SparkR, use setLogLevel(newLevel).
[2025-11-09T14:35:58.909+0000] {subprocess.py:93} INFO - 25/11/09 14:35:58 WARN NativeCodeLoader: Unable to load native-hadoop library for your platform... using builtin-java classes where applicable
[2025-11-09T14:36:07.777+0000] {subprocess.py:93} INFO - [Stage 5:>                                                        (0 + 12) / 12]                                                                                {'model_artefact_filepath': '/app/model_bank/xgb_credit_model_2024_09_01.pkl',
[2025-11-09T14:36:07.785+0000] {subprocess.py:93} INFO -  'model_bank_directory': '/app/model_bank/',
[2025-11-09T14:36:07.786+0000] {subprocess.py:93} INFO -  'model_name': 'xgb_credit_model_2024_09_01.pkl',
[2025-11-09T14:36:07.786+0000] {subprocess.py:93} INFO -  'snapshot_date': datetime.datetime(2024, 11, 1, 0, 0),
[2025-11-09T14:36:07.787+0000] {subprocess.py:93} INFO -  'snapshot_date_str': '2024-11-01'}
[2025-11-09T14:36:07.787+0000] {subprocess.py:93} INFO - Model loaded successfully! /app/model_bank/xgb_credit_model_2024_09_01.pkl
[2025-11-09T14:36:07.788+0000] {subprocess.py:93} INFO - extracted features_sdf 8974 2024-11-01 00:00:00
[2025-11-09T14:36:07.789+0000] {subprocess.py:93} INFO - /app/datamart/gold/model_predictions/
[2025-11-09T14:36:07.790+0000] {subprocess.py:93} INFO - saved to: /app/datamart/gold/model_predictions/xgb_credit_model_2024_09_01_predictions_2024_11_01.parquet
[2025-11-09T14:36:08.377+0000] {subprocess.py:97} INFO - Command exited with return code 0
[2025-11-09T14:36:08.410+0000] {taskinstance.py:340} INFO - ::group::Post task execution logs
[2025-11-09T14:36:08.410+0000] {taskinstance.py:352} INFO - Marking task as SUCCESS. dag_id=scheduled_training_dag, task_id=inference, run_id=manual__2025-11-09T13:22:11.597684+00:00, execution_date=20251109T132211, start_date=20251109T143556, end_date=20251109T143608
[2025-11-09T14:36:08.466+0000] {local_task_job_runner.py:266} INFO - Task exited with return code 0
[2025-11-09T14:36:08.499+0000] {taskinstance.py:3900} INFO - 2 downstream tasks scheduled from follow-on schedule check
[2025-11-09T14:36:08.508+0000] {local_task_job_runner.py:245} INFO - ::endgroup::
