[2025-11-09T13:22:05.864+0000] {local_task_job_runner.py:123} INFO - ::group::Pre task execution logs
[2025-11-09T13:22:05.881+0000] {taskinstance.py:2612} INFO - Dependencies all met for dep_context=non-requeueable deps ti=<TaskInstance: data_pipeline_dag.train_model manual__2025-11-09T13:22:02.390427+00:00 [queued]>
[2025-11-09T13:22:05.893+0000] {taskinstance.py:2612} INFO - Dependencies all met for dep_context=requeueable deps ti=<TaskInstance: data_pipeline_dag.train_model manual__2025-11-09T13:22:02.390427+00:00 [queued]>
[2025-11-09T13:22:05.894+0000] {taskinstance.py:2865} INFO - Starting attempt 1 of 2
[2025-11-09T13:22:05.928+0000] {taskinstance.py:2888} INFO - Executing <Task(BashOperator): train_model> on 2025-11-09 13:22:02.390427+00:00
[2025-11-09T13:22:05.932+0000] {standard_task_runner.py:72} INFO - Started process 5317 to run task
[2025-11-09T13:22:05.936+0000] {standard_task_runner.py:104} INFO - Running: ['airflow', 'tasks', 'run', 'data_pipeline_dag', 'train_model', 'manual__2025-11-09T13:22:02.390427+00:00', '--job-id', '43', '--raw', '--subdir', 'DAGS_FOLDER/data_pipeline_dag.py', '--cfg-path', '/tmp/tmpx4ohbazj']
[2025-11-09T13:22:05.938+0000] {standard_task_runner.py:105} INFO - Job 43: Subtask train_model
[2025-11-09T13:22:06.021+0000] {task_command.py:467} INFO - Running <TaskInstance: data_pipeline_dag.train_model manual__2025-11-09T13:22:02.390427+00:00 [running]> on host 7468da456d69
[2025-11-09T13:22:06.127+0000] {taskinstance.py:3131} INFO - Exporting env vars: AIRFLOW_CTX_DAG_OWNER='airflow' AIRFLOW_CTX_DAG_ID='data_pipeline_dag' AIRFLOW_CTX_TASK_ID='train_model' AIRFLOW_CTX_EXECUTION_DATE='2025-11-09T13:22:02.390427+00:00' AIRFLOW_CTX_TRY_NUMBER='1' AIRFLOW_CTX_DAG_RUN_ID='manual__2025-11-09T13:22:02.390427+00:00'
[2025-11-09T13:22:06.129+0000] {taskinstance.py:731} INFO - ::endgroup::
[2025-11-09T13:22:06.146+0000] {subprocess.py:63} INFO - Tmp dir root location: /tmp
[2025-11-09T13:22:06.147+0000] {subprocess.py:75} INFO - Running command: ['/usr/bin/bash', '-c', 'python /app/scripts/04_train_model.py']
[2025-11-09T13:22:06.157+0000] {subprocess.py:86} INFO - Output:
[2025-11-09T13:22:08.619+0000] {subprocess.py:93} INFO - Setting default log level to "WARN".
[2025-11-09T13:22:08.620+0000] {subprocess.py:93} INFO - To adjust logging level use sc.setLogLevel(newLevel). For SparkR, use setLogLevel(newLevel).
[2025-11-09T13:22:08.827+0000] {subprocess.py:93} INFO - 25/11/09 13:22:08 WARN NativeCodeLoader: Unable to load native-hadoop library for your platform... using builtin-java classes where applicable
[2025-11-09T13:22:17.143+0000] {subprocess.py:93} INFO - [Stage 0:====================>                                   (13 + 14) / 35]                                                                                [Stage 2:==============>                                           (3 + 9) / 12]                                                                                {'model_train_date': datetime.datetime(2024, 9, 1, 0, 0),
[2025-11-09T13:22:17.144+0000] {subprocess.py:93} INFO -  'model_train_date_str': '2024-09-01',
[2025-11-09T13:22:17.145+0000] {subprocess.py:93} INFO -  'oot_end_date': datetime.datetime(2024, 8, 31, 0, 0),
[2025-11-09T13:22:17.145+0000] {subprocess.py:93} INFO -  'oot_period_months': 2,
[2025-11-09T13:22:17.146+0000] {subprocess.py:93} INFO -  'oot_start_date': datetime.datetime(2024, 7, 1, 0, 0),
[2025-11-09T13:22:17.147+0000] {subprocess.py:93} INFO -  'train_test_end_date': datetime.datetime(2024, 6, 30, 0, 0),
[2025-11-09T13:22:17.148+0000] {subprocess.py:93} INFO -  'train_test_period_months': 12,
[2025-11-09T13:22:17.149+0000] {subprocess.py:93} INFO -  'train_test_ratio': 0.8,
[2025-11-09T13:22:17.150+0000] {subprocess.py:93} INFO -  'train_test_start_date': datetime.datetime(2023, 7, 1, 0, 0)}
[2025-11-09T13:22:17.151+0000] {subprocess.py:93} INFO - extracted df_labels 6443 2023-07-01 00:00:00 2024-08-31 00:00:00
[2025-11-09T13:22:17.151+0000] {subprocess.py:93} INFO - +--------------------+-----------+-----+----------+-------------+
[2025-11-09T13:22:17.152+0000] {subprocess.py:93} INFO - |             loan_id|Customer_ID|label| label_def|snapshot_date|
[2025-11-09T13:22:17.153+0000] {subprocess.py:93} INFO - +--------------------+-----------+-----+----------+-------------+
[2025-11-09T13:22:17.153+0000] {subprocess.py:93} INFO - |CUS_0x1037_2023_0...| CUS_0x1037|    0|90dpd_7mob|   2023-08-01|
[2025-11-09T13:22:17.155+0000] {subprocess.py:93} INFO - |CUS_0x1069_2023_0...| CUS_0x1069|    0|90dpd_7mob|   2023-08-01|
[2025-11-09T13:22:17.155+0000] {subprocess.py:93} INFO - |CUS_0x114a_2023_0...| CUS_0x114a|    0|90dpd_7mob|   2023-08-01|
[2025-11-09T13:22:17.156+0000] {subprocess.py:93} INFO - |CUS_0x1184_2023_0...| CUS_0x1184|    0|90dpd_7mob|   2023-08-01|
[2025-11-09T13:22:17.157+0000] {subprocess.py:93} INFO - |CUS_0x1297_2023_0...| CUS_0x1297|    1|90dpd_7mob|   2023-08-01|
[2025-11-09T13:22:17.158+0000] {subprocess.py:93} INFO - |CUS_0x12fb_2023_0...| CUS_0x12fb|    0|90dpd_7mob|   2023-08-01|
[2025-11-09T13:22:17.159+0000] {subprocess.py:93} INFO - |CUS_0x1325_2023_0...| CUS_0x1325|    0|90dpd_7mob|   2023-08-01|
[2025-11-09T13:22:17.160+0000] {subprocess.py:93} INFO - |CUS_0x1341_2023_0...| CUS_0x1341|    0|90dpd_7mob|   2023-08-01|
[2025-11-09T13:22:17.160+0000] {subprocess.py:93} INFO - |CUS_0x1375_2023_0...| CUS_0x1375|    1|90dpd_7mob|   2023-08-01|
[2025-11-09T13:22:17.161+0000] {subprocess.py:93} INFO - |CUS_0x13a8_2023_0...| CUS_0x13a8|    0|90dpd_7mob|   2023-08-01|
[2025-11-09T13:22:17.161+0000] {subprocess.py:93} INFO - |CUS_0x13ef_2023_0...| CUS_0x13ef|    0|90dpd_7mob|   2023-08-01|
[2025-11-09T13:22:17.162+0000] {subprocess.py:93} INFO - |CUS_0x1440_2023_0...| CUS_0x1440|    0|90dpd_7mob|   2023-08-01|
[2025-11-09T13:22:17.163+0000] {subprocess.py:93} INFO - |CUS_0x1443_2023_0...| CUS_0x1443|    0|90dpd_7mob|   2023-08-01|
[2025-11-09T13:22:17.164+0000] {subprocess.py:93} INFO - |CUS_0x145a_2023_0...| CUS_0x145a|    0|90dpd_7mob|   2023-08-01|
[2025-11-09T13:22:17.165+0000] {subprocess.py:93} INFO - |CUS_0x1492_2023_0...| CUS_0x1492|    0|90dpd_7mob|   2023-08-01|
[2025-11-09T13:22:17.166+0000] {subprocess.py:93} INFO - |CUS_0x153d_2023_0...| CUS_0x153d|    0|90dpd_7mob|   2023-08-01|
[2025-11-09T13:22:17.167+0000] {subprocess.py:93} INFO - |CUS_0x1567_2023_0...| CUS_0x1567|    0|90dpd_7mob|   2023-08-01|
[2025-11-09T13:22:17.167+0000] {subprocess.py:93} INFO - |CUS_0x15ad_2023_0...| CUS_0x15ad|    1|90dpd_7mob|   2023-08-01|
[2025-11-09T13:22:17.168+0000] {subprocess.py:93} INFO - |CUS_0x1630_2023_0...| CUS_0x1630|    1|90dpd_7mob|   2023-08-01|
[2025-11-09T13:22:17.169+0000] {subprocess.py:93} INFO - |CUS_0x169c_2023_0...| CUS_0x169c|    0|90dpd_7mob|   2023-08-01|
[2025-11-09T13:22:17.170+0000] {subprocess.py:93} INFO - +--------------------+-----------+-----+----------+-------------+
[2025-11-09T13:22:17.171+0000] {subprocess.py:93} INFO - only showing top 20 rows
[2025-11-09T13:22:17.172+0000] {subprocess.py:93} INFO - 
[2025-11-09T13:22:17.172+0000] {subprocess.py:93} INFO - extracted df_features 125636 2023-07-01 00:00:00 2024-08-31 00:00:00
[2025-11-09T13:22:17.173+0000] {subprocess.py:93} INFO - +-----------+-------------+---------------------+-----------------+---------------+-------------+-----------+-------------------+----------------------+--------------------+--------------------+----------+------------------------+--------------------+------------------+------------+-----------+-----------+-----------+-----------+-----------+-----------+-----------+-----------+-----------+------------+------------+------------+------------+------------+------------+------------+------------+------------+------------+------------+-------------+
[2025-11-09T13:22:17.174+0000] {subprocess.py:93} INFO - |Customer_ID|Annual_Income|Monthly_Inhand_Salary|Num_Bank_Accounts|Num_Credit_Card|Interest_Rate|Num_of_Loan|Delay_from_due_date|Num_of_Delayed_Payment|Changed_Credit_Limit|Num_Credit_Inquiries|Credit_Mix|Credit_Utilization_Ratio|   Payment_Behaviour|Credit_History_Age|  Occupation|fe_1_5m_avg|fe_2_5m_avg|fe_3_5m_avg|fe_4_5m_avg|fe_5_5m_avg|fe_6_5m_avg|fe_7_5m_avg|fe_8_5m_avg|fe_9_5m_avg|fe_10_5m_avg|fe_11_5m_avg|fe_12_5m_avg|fe_13_5m_avg|fe_14_5m_avg|fe_15_5m_avg|fe_16_5m_avg|fe_17_5m_avg|fe_18_5m_avg|fe_19_5m_avg|fe_20_5m_avg|snapshot_date|
[2025-11-09T13:22:17.175+0000] {subprocess.py:93} INFO - +-----------+-------------+---------------------+-----------------+---------------+-------------+-----------+-------------------+----------------------+--------------------+--------------------+----------+------------------------+--------------------+------------------+------------+-----------+-----------+-----------+-----------+-----------+-----------+-----------+-----------+-----------+------------+------------+------------+------------+------------+------------+------------+------------+------------+------------+------------+-------------+
[2025-11-09T13:22:17.175+0000] {subprocess.py:93} INFO - | CUS_0x565d|         NULL|                 NULL|             NULL|           NULL|         NULL|       NULL|               NULL|                  NULL|                NULL|                NULL|      NULL|                    NULL|                NULL|              NULL|        NULL|      100.4|       17.0|      111.0|      185.0|       81.8|       54.4|      189.8|      167.0|      126.8|       135.8|        82.4|       158.4|        82.8|        48.4|        96.4|       148.8|       166.4|        25.8|       160.2|        58.8|   2024-07-01|
[2025-11-09T13:22:17.176+0000] {subprocess.py:93} INFO - | CUS_0x9124|     52561.62|             4572.135|              8.0|            8.0|         32.0|        2.0|               30.0|                  18.0|               11.63|                 9.0|  Standard|               29.162098|Low_spent_Large_v...|               188|Entrepreneur|      160.8|      119.2|      163.2|      102.2|      172.0|       61.0|      165.4|      140.8|      187.0|        77.4|        72.0|        46.0|       132.0|       121.8|       107.4|        64.2|        67.0|        95.4|       122.2|        55.4|   2024-07-01|
[2025-11-09T13:22:17.177+0000] {subprocess.py:93} INFO - | CUS_0x1bf1|         NULL|                 NULL|             NULL|           NULL|         NULL|       NULL|               NULL|                  NULL|                NULL|                NULL|      NULL|                    NULL|                NULL|              NULL|        NULL|       93.8|       16.0|      129.8|       79.0|      200.6|       64.0|       98.4|      106.6|      145.0|       101.4|       105.2|       114.8|       118.0|       120.8|       153.2|        78.2|       105.2|        29.6|       141.0|       145.8|   2024-07-01|
[2025-11-09T13:22:17.178+0000] {subprocess.py:93} INFO - | CUS_0xc0c8|         NULL|                 NULL|             NULL|           NULL|         NULL|       NULL|               NULL|                  NULL|                NULL|                NULL|      NULL|                    NULL|                NULL|              NULL|        NULL|      135.2|       35.2|      142.4|       33.0|       99.6|      113.4|       57.6|      177.8|      193.0|        75.4|        97.2|       136.2|       115.4|        78.2|        11.4|        69.8|        52.2|       123.6|       -10.0|        74.6|   2024-07-01|
[2025-11-09T13:22:17.179+0000] {subprocess.py:93} INFO - | CUS_0x3007|     8664.405|            872.03375|              6.0|            7.0|         13.0|        4.0|               30.0|                  19.0|                15.0|                11.0|  Standard|               23.816328|Low_spent_Medium_...|               154|  Journalist|      144.6|       35.8|       92.0|      170.0|       55.8|       72.6|      140.2|       88.2|       59.4|       179.4|       104.4|       171.0|        62.2|       179.4|        91.0|       152.8|        92.2|       101.4|        55.4|        60.2|   2024-07-01|
[2025-11-09T13:22:17.180+0000] {subprocess.py:93} INFO - | CUS_0x350e|    106154.46|             8961.205|              1.0|            2.0|         10.0|        1.0|               11.0|                   1.0|                5.38|                 2.0|      Good|               35.602554|Low_spent_Medium_...|               281|    Mechanic|      121.8|      134.2|       54.2|       77.4|       51.8|      103.2|      119.4|      149.6|      174.6|        76.4|        94.4|       167.6|       110.2|       179.8|        61.0|       113.6|        43.8|        74.6|       129.2|        67.4|   2024-07-01|
[2025-11-09T13:22:17.181+0000] {subprocess.py:93} INFO - | CUS_0xb1f8|     95858.31|            8019.1924|              3.0|            6.0|          6.0|        2.0|               25.0|                   8.0|                6.89|                 3.0|         _|                36.70808|             Unknown|               300|      Writer|       57.8|      101.2|      126.0|      154.6|       66.0|      158.2|       72.4|      186.4|      100.8|        72.0|        40.8|       136.0|        26.4|        81.2|        59.8|       104.6|       102.6|       133.0|        80.6|        99.4|   2024-07-01|
[2025-11-09T13:22:17.182+0000] {subprocess.py:93} INFO - | CUS_0x6514|         NULL|                 NULL|             NULL|           NULL|         NULL|       NULL|               NULL|                  NULL|                NULL|                NULL|      NULL|                    NULL|                NULL|              NULL|        NULL|      106.4|      122.8|       87.4|       36.8|       68.0|       96.8|      128.0|      140.0|      141.0|       130.6|        95.8|       145.4|        57.4|       144.4|       223.6|        67.8|       143.4|       119.6|       152.4|        30.2|   2024-07-01|
[2025-11-09T13:22:17.183+0000] {subprocess.py:93} INFO - | CUS_0xaf3b|     14675.83|            1330.9858|              6.0|            3.0|         12.0|        7.0|               27.0|                   8.0|               12.12|                 6.0|         _|               27.833513|Low_spent_Small_v...|               154|      Lawyer|      172.8|      129.4|       76.4|      141.6|       45.0|      156.6|       98.2|       73.2|      127.4|        89.0|        53.4|        40.8|         9.2|       144.4|       125.2|       108.8|        68.2|       124.4|        69.0|        71.0|   2024-07-01|
[2025-11-09T13:22:17.183+0000] {subprocess.py:93} INFO - | CUS_0x22f8|     89417.16|              7170.43|              7.0|            4.0|         19.0|        0.0|               22.0|                  12.0|               14.97|                 4.0|  Standard|               38.874756|Low_spent_Medium_...|               310|   Developer|       73.6|       63.4|      170.0|       77.6|      125.2|       28.0|      154.6|      172.2|      146.6|       128.8|       146.6|       163.6|       144.0|       146.6|        96.8|       132.8|        94.6|        82.6|        64.0|        97.2|   2024-07-01|
[2025-11-09T13:22:17.184+0000] {subprocess.py:93} INFO - | CUS_0x8f16|     33717.92|            2952.8267|             10.0|            9.0|         17.0|        7.0|               51.0|                  15.0|                6.03|                12.0|       Bad|               25.237524|Low_spent_Small_v...|               132|Entrepreneur|       64.6|       79.8|       37.6|       97.8|       81.2|        2.8|      128.4|      125.6|       76.6|       129.2|       108.0|        84.4|        97.4|        89.6|        98.2|       189.8|       153.4|       108.0|       135.6|       190.4|   2024-07-01|
[2025-11-09T13:22:17.185+0000] {subprocess.py:93} INFO - | CUS_0x47fe|      7085.39|            611.73486|              9.0|            7.0|         16.0|        6.0|               51.0|                  18.0|               22.03|                10.0|       Bad|               22.921326|Low_spent_Small_v...|               164|     Teacher|      160.4|      112.0|      156.2|       42.0|      188.2|      109.4|      112.6|       85.8|       45.2|       156.2|        91.8|        61.4|        62.4|       118.4|       168.2|       132.2|        20.4|       104.0|       141.0|       160.8|   2024-07-01|
[2025-11-09T13:22:17.185+0000] {subprocess.py:93} INFO - |  CUS_0x810|     68470.86|             5884.905|              7.0|            4.0|         12.0|        5.0|               18.0|                  12.0|               18.49|                10.0|  Standard|                36.30424|High_spent_Large_...|               202|  Accountant|       55.6|       59.8|      119.4|       46.8|       75.8|      102.2|       53.2|       93.8|      139.0|        80.8|       141.6|       110.2|       129.8|        96.2|        52.2|       119.4|       144.8|       -17.6|        60.4|       157.8|   2024-07-01|
[2025-11-09T13:22:17.186+0000] {subprocess.py:93} INFO - | CUS_0xbf53|      42474.2|            3658.5166|              2.0|            3.0|          8.0|        4.0|               28.0|                   9.0|               10.57|                 5.0|      Good|               25.768934|High_spent_Medium...|               212|     Teacher|      126.0|      172.0|       94.8|       81.2|       83.0|      158.6|       41.8|      101.4|       89.4|       133.8|        55.6|       117.8|       190.8|       121.8|       124.0|        62.6|        44.8|       108.0|       137.6|       169.0|   2024-07-01|
[2025-11-09T13:22:17.187+0000] {subprocess.py:93} INFO - | CUS_0x18b9|         NULL|                 NULL|             NULL|           NULL|         NULL|       NULL|               NULL|                  NULL|                NULL|                NULL|      NULL|                    NULL|                NULL|              NULL|        NULL|       64.4|      139.6|      122.4|       92.6|      106.4|      126.2|      -14.8|      115.4|       87.8|        98.0|       103.0|        10.0|        98.0|        65.8|        48.8|        95.8|       100.0|       108.4|        80.2|       125.2|   2024-07-01|
[2025-11-09T13:22:17.188+0000] {subprocess.py:93} INFO - | CUS_0x6ead|     69102.09|            6027.5073|              8.0|            3.0|         15.0|        1.0|               10.0|                  15.0|               18.85|                 5.0|  Standard|                29.51043|High_spent_Large_...|               249|    Mechanic|      111.4|      125.6|      138.8|      107.2|      117.4|      124.8|      115.8|       60.6|        9.6|       145.8|        76.2|       111.4|       127.4|       128.8|       114.8|       107.2|       133.4|       239.6|        69.8|       144.4|   2024-07-01|
[2025-11-09T13:22:17.188+0000] {subprocess.py:93} INFO - | CUS_0x2796|     8329.915|             660.1596|              8.0|            5.0|         30.0|        8.0|               41.0|                  19.0|                0.79|                12.0|         _|               31.295742|Low_spent_Small_v...|               226|   Scientist|      179.6|       25.2|      102.4|       89.2|      143.2|       24.2|      163.0|      156.4|      221.8|       193.8|        10.4|        98.4|       104.2|        90.4|       100.6|       164.0|       133.6|       175.8|       141.4|       114.4|   2024-07-01|
[2025-11-09T13:22:17.189+0000] {subprocess.py:93} INFO - | CUS_0x38f1|     16822.58|            1584.8817|              9.0|            6.0|         15.0|        3.0|               28.0|                  26.0|               12.03|                12.0|       Bad|               25.530504|Low_spent_Small_v...|               236|   Scientist|       77.8|       91.4|       22.0|      173.4|      166.8|      172.8|      153.0|       45.4|      150.8|       130.2|        47.2|       166.8|        92.6|        92.4|        90.8|       160.0|        54.2|       183.0|        77.6|        47.6|   2024-07-01|
[2025-11-09T13:22:17.190+0000] {subprocess.py:93} INFO - | CUS_0x94ae|     14665.31|            1230.1091|              6.0|            6.0|         25.0|        6.0|               35.0|                  17.0|                 2.7|                 9.0|       Bad|                34.95041|Low_spent_Small_v...|                71|Entrepreneur|      141.6|      124.0|      113.0|      120.0|      241.0|      154.0|       78.4|       77.4|      142.2|       223.4|        68.0|       115.0|        45.6|        81.8|        91.6|       158.2|        86.4|        70.8|        96.0|        32.4|   2024-07-01|
[2025-11-09T13:22:17.191+0000] {subprocess.py:93} INFO - | CUS_0xa8e7|         NULL|                 NULL|             NULL|           NULL|         NULL|       NULL|               NULL|                  NULL|                NULL|                NULL|      NULL|                    NULL|                NULL|              NULL|        NULL|      118.2|      106.4|       92.8|       46.6|       46.6|      123.8|      115.0|       66.0|      100.0|       136.2|       132.0|       124.0|        69.0|       153.0|       173.8|        97.0|        65.8|       130.2|        87.0|        71.8|   2024-07-01|
[2025-11-09T13:22:17.191+0000] {subprocess.py:93} INFO - +-----------+-------------+---------------------+-----------------+---------------+-------------+-----------+-------------------+----------------------+--------------------+--------------------+----------+------------------------+--------------------+------------------+------------+-----------+-----------+-----------+-----------+-----------+-----------+-----------+-----------+-----------+------------+------------+------------+------------+------------+------------+------------+------------+------------+------------+------------+-------------+
[2025-11-09T13:22:17.192+0000] {subprocess.py:93} INFO - only showing top 20 rows
[2025-11-09T13:22:19.996+0000] {subprocess.py:93} INFO - [Stage 20:=======>         (5 + 7) / 12][Stage 21:>                 (0 + 5) / 7][Stage 21:>                                                         (0 + 7) / 7][Stage 21:========================>                                 (3 + 4) / 7]                                                                                /app/utils/data_processing_before_fit.py:10: SettingWithCopyWarning:
[2025-11-09T13:22:19.997+0000] {subprocess.py:93} INFO - A value is trying to be set on a copy of a slice from a DataFrame.
[2025-11-09T13:22:19.998+0000] {subprocess.py:93} INFO - Try using .loc[row_indexer,col_indexer] = value instead
[2025-11-09T13:22:19.998+0000] {subprocess.py:93} INFO - 
[2025-11-09T13:22:19.999+0000] {subprocess.py:93} INFO - See the caveats in the documentation: https://pandas.pydata.org/pandas-docs/stable/user_guide/indexing.html#returning-a-view-versus-a-copy
[2025-11-09T13:22:19.999+0000] {subprocess.py:93} INFO -   input_df[c] = input_df[c].replace("_", np.nan)
[2025-11-09T13:22:20.024+0000] {subprocess.py:93} INFO - 
[2025-11-09T13:22:20.025+0000] {subprocess.py:93} INFO - Customer_ID nulls: 0 / 125636
[2025-11-09T13:22:20.026+0000] {subprocess.py:93} INFO - Row count: Customer_ID                 4987
[2025-11-09T13:22:20.027+0000] {subprocess.py:93} INFO - snapshot_date               4987
[2025-11-09T13:22:20.028+0000] {subprocess.py:93} INFO - loan_id                     4987
[2025-11-09T13:22:20.028+0000] {subprocess.py:93} INFO - label                       4987
[2025-11-09T13:22:20.029+0000] {subprocess.py:93} INFO - label_def                   4987
[2025-11-09T13:22:20.030+0000] {subprocess.py:93} INFO - Annual_Income               4987
[2025-11-09T13:22:20.031+0000] {subprocess.py:93} INFO - Monthly_Inhand_Salary       4987
[2025-11-09T13:22:20.032+0000] {subprocess.py:93} INFO - Num_Bank_Accounts           4987
[2025-11-09T13:22:20.033+0000] {subprocess.py:93} INFO - Num_Credit_Card             4987
[2025-11-09T13:22:20.035+0000] {subprocess.py:93} INFO - Interest_Rate               4987
[2025-11-09T13:22:20.045+0000] {subprocess.py:93} INFO - Num_of_Loan                 4987
[2025-11-09T13:22:20.051+0000] {subprocess.py:93} INFO - Delay_from_due_date         4987
[2025-11-09T13:22:20.052+0000] {subprocess.py:93} INFO - Num_of_Delayed_Payment      4987
[2025-11-09T13:22:20.054+0000] {subprocess.py:93} INFO - Changed_Credit_Limit        4987
[2025-11-09T13:22:20.058+0000] {subprocess.py:93} INFO - Num_Credit_Inquiries        4987
[2025-11-09T13:22:20.059+0000] {subprocess.py:93} INFO - Credit_Mix                  4987
[2025-11-09T13:22:20.061+0000] {subprocess.py:93} INFO - Credit_Utilization_Ratio    4987
[2025-11-09T13:22:20.062+0000] {subprocess.py:93} INFO - Payment_Behaviour           4987
[2025-11-09T13:22:20.063+0000] {subprocess.py:93} INFO - Credit_History_Age          4987
[2025-11-09T13:22:20.063+0000] {subprocess.py:93} INFO - Occupation                  4987
[2025-11-09T13:22:20.065+0000] {subprocess.py:93} INFO - fe_1_5m_avg                 4987
[2025-11-09T13:22:20.066+0000] {subprocess.py:93} INFO - fe_2_5m_avg                 4987
[2025-11-09T13:22:20.071+0000] {subprocess.py:93} INFO - fe_3_5m_avg                 4987
[2025-11-09T13:22:20.082+0000] {subprocess.py:93} INFO - fe_4_5m_avg                 4987
[2025-11-09T13:22:20.084+0000] {subprocess.py:93} INFO - fe_5_5m_avg                 4987
[2025-11-09T13:22:20.084+0000] {subprocess.py:93} INFO - fe_6_5m_avg                 4987
[2025-11-09T13:22:20.085+0000] {subprocess.py:93} INFO - fe_7_5m_avg                 4987
[2025-11-09T13:22:20.086+0000] {subprocess.py:93} INFO - fe_8_5m_avg                 4987
[2025-11-09T13:22:20.088+0000] {subprocess.py:93} INFO - fe_9_5m_avg                 4987
[2025-11-09T13:22:20.090+0000] {subprocess.py:93} INFO - fe_10_5m_avg                4987
[2025-11-09T13:22:20.099+0000] {subprocess.py:93} INFO - fe_11_5m_avg                4987
[2025-11-09T13:22:20.100+0000] {subprocess.py:93} INFO - fe_12_5m_avg                4987
[2025-11-09T13:22:20.103+0000] {subprocess.py:93} INFO - fe_13_5m_avg                4987
[2025-11-09T13:22:20.104+0000] {subprocess.py:93} INFO - fe_14_5m_avg                4987
[2025-11-09T13:22:20.105+0000] {subprocess.py:93} INFO - fe_15_5m_avg                4987
[2025-11-09T13:22:20.106+0000] {subprocess.py:93} INFO - fe_16_5m_avg                4987
[2025-11-09T13:22:20.107+0000] {subprocess.py:93} INFO - fe_17_5m_avg                4987
[2025-11-09T13:22:20.115+0000] {subprocess.py:93} INFO - fe_18_5m_avg                4987
[2025-11-09T13:22:20.116+0000] {subprocess.py:93} INFO - fe_19_5m_avg                4987
[2025-11-09T13:22:20.117+0000] {subprocess.py:93} INFO - fe_20_5m_avg                4987
[2025-11-09T13:22:20.120+0000] {subprocess.py:93} INFO - dtype: int64
[2025-11-09T13:22:20.121+0000] {subprocess.py:93} INFO - X_train 3396
[2025-11-09T13:22:20.131+0000] {subprocess.py:93} INFO - X_test 850
[2025-11-09T13:22:20.132+0000] {subprocess.py:93} INFO - X_oot 741
[2025-11-09T13:22:20.133+0000] {subprocess.py:93} INFO - y_train 3396 0.27
[2025-11-09T13:22:20.134+0000] {subprocess.py:93} INFO - y_test 850 0.27
[2025-11-09T13:22:20.134+0000] {subprocess.py:93} INFO - y_oot 741 0.28
[2025-11-09T13:22:20.135+0000] {subprocess.py:93} INFO - X_train_processed 3396
[2025-11-09T13:22:20.136+0000] {subprocess.py:93} INFO - X_test_processed 850
[2025-11-09T13:22:20.137+0000] {subprocess.py:93} INFO - X_oot_processed 741
[2025-11-09T13:22:20.138+0000] {subprocess.py:93} INFO - Fitting 3 folds for each of 100 candidates, totalling 300 fits
[2025-11-09T13:22:25.415+0000] {subprocess.py:93} INFO - Best parameters found:  {'subsample': 0.8, 'reg_lambda': 1, 'reg_alpha': 0, 'n_estimators': 50, 'min_child_weight': 3, 'max_depth': 3, 'learning_rate': 0.1, 'gamma': 0.1, 'colsample_bytree': 0.8}
[2025-11-09T13:22:25.418+0000] {subprocess.py:93} INFO - Best AUC score:  0.7134459619807295
[2025-11-09T13:22:25.419+0000] {subprocess.py:93} INFO - Train AUC score:  0.919298326098301
[2025-11-09T13:22:25.420+0000] {subprocess.py:93} INFO - Test AUC score:  0.859762743567566
[2025-11-09T13:22:25.420+0000] {subprocess.py:93} INFO - OOT AUC score:  0.8621110214330552
[2025-11-09T13:22:25.426+0000] {subprocess.py:93} INFO - TRAIN GINI score:  0.839
[2025-11-09T13:22:25.442+0000] {subprocess.py:93} INFO - Test GINI score:  0.72
[2025-11-09T13:22:25.451+0000] {subprocess.py:93} INFO - OOT GINI score:  0.724
[2025-11-09T13:22:25.458+0000] {subprocess.py:93} INFO - {'data_dates': {'model_train_date': datetime.datetime(2024, 9, 1, 0, 0),
[2025-11-09T13:22:25.460+0000] {subprocess.py:93} INFO -                 'model_train_date_str': '2024-09-01',
[2025-11-09T13:22:25.470+0000] {subprocess.py:93} INFO -                 'oot_end_date': datetime.datetime(2024, 8, 31, 0, 0),
[2025-11-09T13:22:25.472+0000] {subprocess.py:93} INFO -                 'oot_period_months': 2,
[2025-11-09T13:22:25.477+0000] {subprocess.py:93} INFO -                 'oot_start_date': datetime.datetime(2024, 7, 1, 0, 0),
[2025-11-09T13:22:25.479+0000] {subprocess.py:93} INFO -                 'train_test_end_date': datetime.datetime(2024, 6, 30, 0, 0),
[2025-11-09T13:22:25.483+0000] {subprocess.py:93} INFO -                 'train_test_period_months': 12,
[2025-11-09T13:22:25.484+0000] {subprocess.py:93} INFO -                 'train_test_ratio': 0.8,
[2025-11-09T13:22:25.485+0000] {subprocess.py:93} INFO -                 'train_test_start_date': datetime.datetime(2023, 7, 1, 0, 0)},
[2025-11-09T13:22:25.486+0000] {subprocess.py:93} INFO -  'data_stats': {'X_oot': 741,
[2025-11-09T13:22:25.500+0000] {subprocess.py:93} INFO -                 'X_test': 850,
[2025-11-09T13:22:25.501+0000] {subprocess.py:93} INFO -                 'X_train': 3396,
[2025-11-09T13:22:25.502+0000] {subprocess.py:93} INFO -                 'y_oot': np.float64(0.28),
[2025-11-09T13:22:25.503+0000] {subprocess.py:93} INFO -                 'y_test': np.float64(0.27),
[2025-11-09T13:22:25.503+0000] {subprocess.py:93} INFO -                 'y_train': np.float64(0.27)},
[2025-11-09T13:22:25.504+0000] {subprocess.py:93} INFO -  'hp_params': {'colsample_bytree': 0.8,
[2025-11-09T13:22:25.504+0000] {subprocess.py:93} INFO -                'gamma': 0.1,
[2025-11-09T13:22:25.505+0000] {subprocess.py:93} INFO -                'learning_rate': 0.1,
[2025-11-09T13:22:25.506+0000] {subprocess.py:93} INFO -                'max_depth': 3,
[2025-11-09T13:22:25.508+0000] {subprocess.py:93} INFO -                'min_child_weight': 3,
[2025-11-09T13:22:25.508+0000] {subprocess.py:93} INFO -                'n_estimators': 50,
[2025-11-09T13:22:25.509+0000] {subprocess.py:93} INFO -                'reg_alpha': 0,
[2025-11-09T13:22:25.514+0000] {subprocess.py:93} INFO -                'reg_lambda': 1,
[2025-11-09T13:22:25.515+0000] {subprocess.py:93} INFO -                'subsample': 0.8},
[2025-11-09T13:22:25.516+0000] {subprocess.py:93} INFO -  'model': XGBClassifier(base_score=None, booster=None, callbacks=None,
[2025-11-09T13:22:25.521+0000] {subprocess.py:93} INFO -               colsample_bylevel=None, colsample_bynode=None,
[2025-11-09T13:22:25.524+0000] {subprocess.py:93} INFO -               colsample_bytree=0.8, device=None, early_stopping_rounds=None,
[2025-11-09T13:22:25.525+0000] {subprocess.py:93} INFO -               enable_categorical=False, eval_metric='logloss',
[2025-11-09T13:22:25.526+0000] {subprocess.py:93} INFO -               feature_types=None, feature_weights=None, gamma=0.1,
[2025-11-09T13:22:25.526+0000] {subprocess.py:93} INFO -               grow_policy=None, importance_type=None,
[2025-11-09T13:22:25.527+0000] {subprocess.py:93} INFO -               interaction_constraints=None, learning_rate=0.1, max_bin=None,
[2025-11-09T13:22:25.528+0000] {subprocess.py:93} INFO -               max_cat_threshold=None, max_cat_to_onehot=None,
[2025-11-09T13:22:25.529+0000] {subprocess.py:93} INFO -               max_delta_step=None, max_depth=3, max_leaves=None,
[2025-11-09T13:22:25.530+0000] {subprocess.py:93} INFO -               min_child_weight=3, missing=nan, monotone_constraints=None,
[2025-11-09T13:22:25.530+0000] {subprocess.py:93} INFO -               multi_strategy=None, n_estimators=50, n_jobs=None,
[2025-11-09T13:22:25.531+0000] {subprocess.py:93} INFO -               num_parallel_tree=None, ...),
[2025-11-09T13:22:25.531+0000] {subprocess.py:93} INFO -  'model_name': 'xgb',
[2025-11-09T13:22:25.538+0000] {subprocess.py:93} INFO -  'model_version': 'credit_model_2024_09_01',
[2025-11-09T13:22:25.541+0000] {subprocess.py:93} INFO -  'preprocessing_transformers': {'stdscaler': StandardScaler()},
[2025-11-09T13:22:25.542+0000] {subprocess.py:93} INFO -  'results': {'auc_oot': np.float64(0.8621110214330552),
[2025-11-09T13:22:25.543+0000] {subprocess.py:93} INFO -              'auc_test': np.float64(0.859762743567566),
[2025-11-09T13:22:25.543+0000] {subprocess.py:93} INFO -              'auc_train': np.float64(0.919298326098301),
[2025-11-09T13:22:25.544+0000] {subprocess.py:93} INFO -              'gini_oot': np.float64(0.724),
[2025-11-09T13:22:25.546+0000] {subprocess.py:93} INFO -              'gini_test': np.float64(0.72),
[2025-11-09T13:22:25.547+0000] {subprocess.py:93} INFO -              'gini_train': np.float64(0.839)}}
[2025-11-09T13:22:25.547+0000] {subprocess.py:93} INFO - Traceback (most recent call last):
[2025-11-09T13:22:25.548+0000] {subprocess.py:93} INFO -   File "/app/scripts/04_train_model.py", line 258, in <module>
[2025-11-09T13:22:25.548+0000] {subprocess.py:93} INFO -     with open(file_path, 'wb') as file:
[2025-11-09T13:22:25.549+0000] {subprocess.py:93} INFO - FileNotFoundError: [Errno 2] No such file or directory: 'model_bank/xgb_credit_model_2024_09_01.pkl'
[2025-11-09T13:22:26.467+0000] {subprocess.py:97} INFO - Command exited with return code 1
[2025-11-09T13:22:26.477+0000] {taskinstance.py:3310} ERROR - Task failed with exception
Traceback (most recent call last):
  File "/home/airflow/.local/lib/python3.10/site-packages/airflow/models/taskinstance.py", line 767, in _execute_task
    result = _execute_callable(context=context, **execute_callable_kwargs)
  File "/home/airflow/.local/lib/python3.10/site-packages/airflow/models/taskinstance.py", line 733, in _execute_callable
    return ExecutionCallableRunner(
  File "/home/airflow/.local/lib/python3.10/site-packages/airflow/utils/operator_helpers.py", line 252, in run
    return self.func(*args, **kwargs)
  File "/home/airflow/.local/lib/python3.10/site-packages/airflow/models/baseoperator.py", line 406, in wrapper
    return func(self, *args, **kwargs)
  File "/home/airflow/.local/lib/python3.10/site-packages/airflow/operators/bash.py", line 249, in execute
    raise AirflowException(
airflow.exceptions.AirflowException: Bash command failed. The command returned a non-zero exit code 1.
[2025-11-09T13:22:26.484+0000] {taskinstance.py:1225} INFO - Marking task as UP_FOR_RETRY. dag_id=data_pipeline_dag, task_id=train_model, run_id=manual__2025-11-09T13:22:02.390427+00:00, execution_date=20251109T132202, start_date=20251109T132205, end_date=20251109T132226
[2025-11-09T13:22:26.515+0000] {taskinstance.py:340} INFO - ::group::Post task execution logs
[2025-11-09T13:22:26.516+0000] {standard_task_runner.py:124} ERROR - Failed to execute job 43 for task train_model (Bash command failed. The command returned a non-zero exit code 1.; 5317)
Traceback (most recent call last):
  File "/home/airflow/.local/lib/python3.10/site-packages/airflow/task/task_runner/standard_task_runner.py", line 117, in _start_by_fork
    ret = args.func(args, dag=self.dag)
  File "/home/airflow/.local/lib/python3.10/site-packages/airflow/cli/cli_config.py", line 49, in command
    return func(*args, **kwargs)
  File "/home/airflow/.local/lib/python3.10/site-packages/airflow/utils/cli.py", line 115, in wrapper
    return f(*args, **kwargs)
  File "/home/airflow/.local/lib/python3.10/site-packages/airflow/cli/commands/task_command.py", line 483, in task_run
    task_return_code = _run_task_by_selected_method(args, _dag, ti)
  File "/home/airflow/.local/lib/python3.10/site-packages/airflow/cli/commands/task_command.py", line 256, in _run_task_by_selected_method
    return _run_raw_task(args, ti)
  File "/home/airflow/.local/lib/python3.10/site-packages/airflow/cli/commands/task_command.py", line 341, in _run_raw_task
    return ti._run_raw_task(
  File "/home/airflow/.local/lib/python3.10/site-packages/airflow/utils/session.py", line 97, in wrapper
    return func(*args, session=session, **kwargs)
  File "/home/airflow/.local/lib/python3.10/site-packages/airflow/models/taskinstance.py", line 3004, in _run_raw_task
    return _run_raw_task(
  File "/home/airflow/.local/lib/python3.10/site-packages/airflow/models/taskinstance.py", line 273, in _run_raw_task
    TaskInstance._execute_task_with_callbacks(
  File "/home/airflow/.local/lib/python3.10/site-packages/airflow/models/taskinstance.py", line 3158, in _execute_task_with_callbacks
    result = self._execute_task(context, task_orig)
  File "/home/airflow/.local/lib/python3.10/site-packages/airflow/models/taskinstance.py", line 3182, in _execute_task
    return _execute_task(self, context, task_orig)
  File "/home/airflow/.local/lib/python3.10/site-packages/airflow/models/taskinstance.py", line 767, in _execute_task
    result = _execute_callable(context=context, **execute_callable_kwargs)
  File "/home/airflow/.local/lib/python3.10/site-packages/airflow/models/taskinstance.py", line 733, in _execute_callable
    return ExecutionCallableRunner(
  File "/home/airflow/.local/lib/python3.10/site-packages/airflow/utils/operator_helpers.py", line 252, in run
    return self.func(*args, **kwargs)
  File "/home/airflow/.local/lib/python3.10/site-packages/airflow/models/baseoperator.py", line 406, in wrapper
    return func(self, *args, **kwargs)
  File "/home/airflow/.local/lib/python3.10/site-packages/airflow/operators/bash.py", line 249, in execute
    raise AirflowException(
airflow.exceptions.AirflowException: Bash command failed. The command returned a non-zero exit code 1.
[2025-11-09T13:22:26.526+0000] {local_task_job_runner.py:266} INFO - Task exited with return code 1
[2025-11-09T13:22:26.541+0000] {taskinstance.py:3900} INFO - 0 downstream tasks scheduled from follow-on schedule check
[2025-11-09T13:22:26.543+0000] {local_task_job_runner.py:245} INFO - ::endgroup::
